[0.000000] (-) TimerEvent: {}
[0.000140] (dd_robot) JobQueued: {'identifier': 'dd_robot', 'dependencies': OrderedDict()}
[0.000169] (dd_robot) JobStarted: {'identifier': 'dd_robot'}
[0.013686] (dd_robot) JobProgress: {'identifier': 'dd_robot', 'progress': 'cmake'}
[0.014973] (dd_robot) JobProgress: {'identifier': 'dd_robot', 'progress': 'build'}
[0.015938] (dd_robot) Command: {'cmd': ['/usr/bin/cmake', '--build', '/home/rakesh/ros2_ws/build/dd_robot', '--', '-j12', '-l12'], 'cwd': '/home/rakesh/ros2_ws/build/dd_robot', 'env': OrderedDict({'GZ_SIM_SYSTEM_PLUGIN_PATH': ':/home/rakesh/opt/ros/jazzy/share/gz_ros2_control:/opt/ros/jazzy/share', 'GJS_DEBUG_TOPICS': 'JS ERROR;JS LOG', 'XDG_ACTIVATION_TOKEN': 'gnome-shell/Terminator/2838-2-rakesh-HP-Pavilion-Laptop-15-eh1xxx_TIME4871053', 'GZ_SIM_RESOURCE_PATH': '/opt/ros/jazzy/share::/path/to/your/textures', 'USER': 'rakesh', 'GZ_CONFIG_PATH': '/opt/ros/jazzy/opt/gz_sim_vendor/share/gz:/opt/ros/jazzy/opt/sdformat_vendor/share/gz:/opt/ros/jazzy/opt/gz_gui_vendor/share/gz:/opt/ros/jazzy/opt/gz_transport_vendor/share/gz:/opt/ros/jazzy/opt/gz_rendering_vendor/share/gz:/opt/ros/jazzy/opt/gz_plugin_vendor/share/gz:/opt/ros/jazzy/opt/gz_fuel_tools_vendor/share/gz:/opt/ros/jazzy/opt/gz_msgs_vendor/share/gz:/opt/ros/jazzy/opt/gz_common_vendor/share/gz', 'XDG_SESSION_TYPE': 'x11', 'CLUTTER_DISABLE_MIPMAPPED_TEXT': '1', 'SHLVL': '1', 'LD_LIBRARY_PATH': '/opt/ros/jazzy/opt/gz_sim_vendor/lib:/opt/ros/jazzy/opt/gz_sensors_vendor/lib:/opt/ros/jazzy/opt/gz_physics_vendor/lib:/opt/ros/jazzy/opt/sdformat_vendor/lib:/opt/ros/jazzy/opt/rviz_ogre_vendor/lib:/opt/ros/jazzy/lib/x86_64-linux-gnu:/opt/ros/jazzy/opt/gz_gui_vendor/lib:/opt/ros/jazzy/opt/gz_transport_vendor/lib:/opt/ros/jazzy/opt/gz_rendering_vendor/lib:/opt/ros/jazzy/opt/gz_plugin_vendor/lib:/opt/ros/jazzy/opt/gz_fuel_tools_vendor/lib:/opt/ros/jazzy/opt/gz_msgs_vendor/lib:/opt/ros/jazzy/opt/gz_common_vendor/lib:/opt/ros/jazzy/opt/gz_math_vendor/lib:/opt/ros/jazzy/opt/gz_utils_vendor/lib:/opt/ros/jazzy/opt/gz_tools_vendor/lib:/opt/ros/jazzy/opt/gz_ogre_next_vendor/lib:/opt/ros/jazzy/opt/gz_dartsim_vendor/lib:/opt/ros/jazzy/opt/gz_cmake_vendor/lib:/opt/ros/jazzy/lib:/opt/ros/jazzy/lib:/opt/unitree_robotics/lib:', 'HOME': '/home/rakesh', 'OLDPWD': '/home/rakesh', 'DESKTOP_SESSION': 'ubuntu-xorg', 'GIO_LAUNCHED_DESKTOP_FILE': '/usr/share/applications/terminator.desktop', 'ROS_PYTHON_VERSION': '3', 'GNOME_SHELL_SESSION_MODE': 'ubuntu', 'GTK_MODULES': 'gail:atk-bridge', 'MANAGERPID': '2437', 'SYSTEMD_EXEC_PID': '2838', 'GSM_SKIP_SSH_AGENT_WORKAROUND': 'true', 'DBUS_SESSION_BUS_ADDRESS': 'unix:path=/run/user/1000/bus', 'COLORTERM': 'truecolor', 'TERMINATOR_DBUS_NAME': 'net.tenshu.Terminator21a9d5db22c73a993ff0b42f64b396873', 'GIO_LAUNCHED_DESKTOP_FILE_PID': '15479', 'DEBUGINFOD_URLS': 'https://debuginfod.ubuntu.com', 'ROS_DISTRO': 'jazzy', 'LOGNAME': 'rakesh', 'JOURNAL_STREAM': '9:22939', '_': '/usr/bin/colcon', 'ROS_VERSION': '2', 'MEMORY_PRESSURE_WATCH': '/sys/fs/cgroup/user.slice/user-1000.slice/user@1000.service/session.slice/org.gnome.Shell@x11.service/memory.pressure', 'XDG_SESSION_CLASS': 'user', 'USERNAME': 'rakesh', 'TERM': 'xterm-256color', 'GAZEBO_MODEL_PATH': '/opt/ros/jazzy/share/:/home/rakesh/go2_ws/src/go2_description:', 'GNOME_DESKTOP_SESSION_ID': 'this-is-deprecated', 'WINDOWPATH': '2', 'PATH': '/opt/ros/jazzy/opt/gz_msgs_vendor/bin:/opt/ros/jazzy/opt/gz_tools_vendor/bin:/opt/ros/jazzy/opt/gz_ogre_next_vendor/bin:/opt/ros/jazzy/bin:/opt/unitree_robotics/bin:/usr/local/sbin:/usr/local/bin:/usr/sbin:/usr/bin:/sbin:/bin:/usr/games:/usr/local/games:/snap/bin:/snap/bin', 'SESSION_MANAGER': 'local/rakesh-HP-Pavilion-Laptop-15-eh1xxx:@/tmp/.ICE-unix/2808,unix/rakesh-HP-Pavilion-Laptop-15-eh1xxx:/tmp/.ICE-unix/2808', 'INVOCATION_ID': '616b38db8ebb453981778b298c88c4e5', 'XDG_MENU_PREFIX': 'gnome-', 'XDG_RUNTIME_DIR': '/run/user/1000', 'DISPLAY': ':0', 'TERMINATOR_DBUS_PATH': '/net/tenshu/Terminator2', 'LANG': 'en_US.UTF-8', 'XDG_CURRENT_DESKTOP': 'ubuntu:GNOME', 'XMODIFIERS': '@im=ibus', 'XDG_SESSION_DESKTOP': 'ubuntu-xorg', 'XAUTHORITY': '/run/user/1000/gdm/Xauthority', 'SSH_AUTH_SOCK': '/run/user/1000/keyring/ssh', 'AMENT_PREFIX_PATH': '/opt/ros/jazzy:', 'SHELL': '/bin/bash', 'IGN_GAZEBO_SYSTEM_PLUGIN_PATH': ':/home/rakesh/home/rakesh/gazebo_ros2_control', 'TERMINATOR_UUID': 'urn:uuid:25d2442d-bcdf-4922-8e2e-d2b348a42cd9', 'QT_ACCESSIBILITY': '1', 'GDMSESSION': 'ubuntu-xorg', 'GPG_AGENT_INFO': '/run/user/1000/gnupg/S.gpg-agent:0:1', 'GJS_DEBUG_OUTPUT': 'stderr', 'ROS_AUTOMATIC_DISCOVERY_RANGE': 'SUBNET', 'QT_IM_MODULE': 'ibus', 'PWD': '/home/rakesh/ros2_ws/build/dd_robot', 'TURTLEBOT3_MODEL': 'waffle', 'LC_ALL': 'en_US.UTF-8', 'XDG_CONFIG_DIRS': '/etc/xdg/xdg-ubuntu-xorg:/etc/xdg', 'GAZEBO_PLUGIN_PATH': '/home/rakesh/home/rakesh/unitree_ros2/lib:/home/rakesh/home/rakesh/unitree_ros2/lib:/opt/ros/jazzy/lib:', 'XDG_DATA_DIRS': '/usr/share/ubuntu-xorg:/usr/share/gnome:/home/rakesh/.local/share/flatpak/exports/share:/var/lib/flatpak/exports/share:/usr/local/share/:/usr/share/:/var/lib/snapd/desktop', 'PYTHONPATH': '/opt/ros/jazzy/lib/python3.12/site-packages', 'COLCON': '1', 'MEMORY_PRESSURE_WRITE': 'c29tZSAyMDAwMDAgMjAwMDAwMAA=', 'VTE_VERSION': '7600', 'GZ_SIM_PHYSICS_ENGINE_PATH': '/usr/lib/x86_64-linux-gnu/gz-physics-6/engine-plugins', 'CMAKE_PREFIX_PATH': '/opt/ros/jazzy/opt/gz_sim_vendor:/opt/ros/jazzy/opt/gz_sensors_vendor:/opt/ros/jazzy/opt/gz_physics_vendor:/opt/ros/jazzy/opt/sdformat_vendor:/opt/ros/jazzy/opt/gz_gui_vendor:/opt/ros/jazzy/opt/gz_transport_vendor:/opt/ros/jazzy/opt/gz_rendering_vendor:/opt/ros/jazzy/opt/gz_plugin_vendor:/opt/ros/jazzy/opt/gz_fuel_tools_vendor:/opt/ros/jazzy/opt/gz_msgs_vendor:/opt/ros/jazzy/opt/gz_common_vendor:/opt/ros/jazzy/opt/gz_math_vendor:/opt/ros/jazzy/opt/gz_utils_vendor:/opt/ros/jazzy/opt/gz_tools_vendor:/opt/ros/jazzy/opt/gz_ogre_next_vendor:/opt/ros/jazzy/opt/gz_dartsim_vendor:/opt/ros/jazzy/opt/gz_cmake_vendor:/opt/ros/jazzy:'}), 'shell': False}
[0.098805] (-) TimerEvent: {}
[0.099346] (dd_robot) CommandEnded: {'returncode': 0}
[0.100138] (dd_robot) JobProgress: {'identifier': 'dd_robot', 'progress': 'install'}
[0.114806] (dd_robot) Command: {'cmd': ['/usr/bin/cmake', '--install', '/home/rakesh/ros2_ws/build/dd_robot'], 'cwd': '/home/rakesh/ros2_ws/build/dd_robot', 'env': OrderedDict({'GZ_SIM_SYSTEM_PLUGIN_PATH': ':/home/rakesh/opt/ros/jazzy/share/gz_ros2_control:/opt/ros/jazzy/share', 'GJS_DEBUG_TOPICS': 'JS ERROR;JS LOG', 'XDG_ACTIVATION_TOKEN': 'gnome-shell/Terminator/2838-2-rakesh-HP-Pavilion-Laptop-15-eh1xxx_TIME4871053', 'GZ_SIM_RESOURCE_PATH': '/opt/ros/jazzy/share::/path/to/your/textures', 'USER': 'rakesh', 'GZ_CONFIG_PATH': '/opt/ros/jazzy/opt/gz_sim_vendor/share/gz:/opt/ros/jazzy/opt/sdformat_vendor/share/gz:/opt/ros/jazzy/opt/gz_gui_vendor/share/gz:/opt/ros/jazzy/opt/gz_transport_vendor/share/gz:/opt/ros/jazzy/opt/gz_rendering_vendor/share/gz:/opt/ros/jazzy/opt/gz_plugin_vendor/share/gz:/opt/ros/jazzy/opt/gz_fuel_tools_vendor/share/gz:/opt/ros/jazzy/opt/gz_msgs_vendor/share/gz:/opt/ros/jazzy/opt/gz_common_vendor/share/gz', 'XDG_SESSION_TYPE': 'x11', 'CLUTTER_DISABLE_MIPMAPPED_TEXT': '1', 'SHLVL': '1', 'LD_LIBRARY_PATH': '/opt/ros/jazzy/opt/gz_sim_vendor/lib:/opt/ros/jazzy/opt/gz_sensors_vendor/lib:/opt/ros/jazzy/opt/gz_physics_vendor/lib:/opt/ros/jazzy/opt/sdformat_vendor/lib:/opt/ros/jazzy/opt/rviz_ogre_vendor/lib:/opt/ros/jazzy/lib/x86_64-linux-gnu:/opt/ros/jazzy/opt/gz_gui_vendor/lib:/opt/ros/jazzy/opt/gz_transport_vendor/lib:/opt/ros/jazzy/opt/gz_rendering_vendor/lib:/opt/ros/jazzy/opt/gz_plugin_vendor/lib:/opt/ros/jazzy/opt/gz_fuel_tools_vendor/lib:/opt/ros/jazzy/opt/gz_msgs_vendor/lib:/opt/ros/jazzy/opt/gz_common_vendor/lib:/opt/ros/jazzy/opt/gz_math_vendor/lib:/opt/ros/jazzy/opt/gz_utils_vendor/lib:/opt/ros/jazzy/opt/gz_tools_vendor/lib:/opt/ros/jazzy/opt/gz_ogre_next_vendor/lib:/opt/ros/jazzy/opt/gz_dartsim_vendor/lib:/opt/ros/jazzy/opt/gz_cmake_vendor/lib:/opt/ros/jazzy/lib:/opt/ros/jazzy/lib:/opt/unitree_robotics/lib:', 'HOME': '/home/rakesh', 'OLDPWD': '/home/rakesh', 'DESKTOP_SESSION': 'ubuntu-xorg', 'GIO_LAUNCHED_DESKTOP_FILE': '/usr/share/applications/terminator.desktop', 'ROS_PYTHON_VERSION': '3', 'GNOME_SHELL_SESSION_MODE': 'ubuntu', 'GTK_MODULES': 'gail:atk-bridge', 'MANAGERPID': '2437', 'SYSTEMD_EXEC_PID': '2838', 'GSM_SKIP_SSH_AGENT_WORKAROUND': 'true', 'DBUS_SESSION_BUS_ADDRESS': 'unix:path=/run/user/1000/bus', 'COLORTERM': 'truecolor', 'TERMINATOR_DBUS_NAME': 'net.tenshu.Terminator21a9d5db22c73a993ff0b42f64b396873', 'GIO_LAUNCHED_DESKTOP_FILE_PID': '15479', 'DEBUGINFOD_URLS': 'https://debuginfod.ubuntu.com', 'ROS_DISTRO': 'jazzy', 'LOGNAME': 'rakesh', 'JOURNAL_STREAM': '9:22939', '_': '/usr/bin/colcon', 'ROS_VERSION': '2', 'MEMORY_PRESSURE_WATCH': '/sys/fs/cgroup/user.slice/user-1000.slice/user@1000.service/session.slice/org.gnome.Shell@x11.service/memory.pressure', 'XDG_SESSION_CLASS': 'user', 'USERNAME': 'rakesh', 'TERM': 'xterm-256color', 'GAZEBO_MODEL_PATH': '/opt/ros/jazzy/share/:/home/rakesh/go2_ws/src/go2_description:', 'GNOME_DESKTOP_SESSION_ID': 'this-is-deprecated', 'WINDOWPATH': '2', 'PATH': '/opt/ros/jazzy/opt/gz_msgs_vendor/bin:/opt/ros/jazzy/opt/gz_tools_vendor/bin:/opt/ros/jazzy/opt/gz_ogre_next_vendor/bin:/opt/ros/jazzy/bin:/opt/unitree_robotics/bin:/usr/local/sbin:/usr/local/bin:/usr/sbin:/usr/bin:/sbin:/bin:/usr/games:/usr/local/games:/snap/bin:/snap/bin', 'SESSION_MANAGER': 'local/rakesh-HP-Pavilion-Laptop-15-eh1xxx:@/tmp/.ICE-unix/2808,unix/rakesh-HP-Pavilion-Laptop-15-eh1xxx:/tmp/.ICE-unix/2808', 'INVOCATION_ID': '616b38db8ebb453981778b298c88c4e5', 'XDG_MENU_PREFIX': 'gnome-', 'XDG_RUNTIME_DIR': '/run/user/1000', 'DISPLAY': ':0', 'TERMINATOR_DBUS_PATH': '/net/tenshu/Terminator2', 'LANG': 'en_US.UTF-8', 'XDG_CURRENT_DESKTOP': 'ubuntu:GNOME', 'XMODIFIERS': '@im=ibus', 'XDG_SESSION_DESKTOP': 'ubuntu-xorg', 'XAUTHORITY': '/run/user/1000/gdm/Xauthority', 'SSH_AUTH_SOCK': '/run/user/1000/keyring/ssh', 'AMENT_PREFIX_PATH': '/opt/ros/jazzy:', 'SHELL': '/bin/bash', 'IGN_GAZEBO_SYSTEM_PLUGIN_PATH': ':/home/rakesh/home/rakesh/gazebo_ros2_control', 'TERMINATOR_UUID': 'urn:uuid:25d2442d-bcdf-4922-8e2e-d2b348a42cd9', 'QT_ACCESSIBILITY': '1', 'GDMSESSION': 'ubuntu-xorg', 'GPG_AGENT_INFO': '/run/user/1000/gnupg/S.gpg-agent:0:1', 'GJS_DEBUG_OUTPUT': 'stderr', 'ROS_AUTOMATIC_DISCOVERY_RANGE': 'SUBNET', 'QT_IM_MODULE': 'ibus', 'PWD': '/home/rakesh/ros2_ws/build/dd_robot', 'TURTLEBOT3_MODEL': 'waffle', 'LC_ALL': 'en_US.UTF-8', 'XDG_CONFIG_DIRS': '/etc/xdg/xdg-ubuntu-xorg:/etc/xdg', 'GAZEBO_PLUGIN_PATH': '/home/rakesh/home/rakesh/unitree_ros2/lib:/home/rakesh/home/rakesh/unitree_ros2/lib:/opt/ros/jazzy/lib:', 'XDG_DATA_DIRS': '/usr/share/ubuntu-xorg:/usr/share/gnome:/home/rakesh/.local/share/flatpak/exports/share:/var/lib/flatpak/exports/share:/usr/local/share/:/usr/share/:/var/lib/snapd/desktop', 'PYTHONPATH': '/opt/ros/jazzy/lib/python3.12/site-packages', 'COLCON': '1', 'MEMORY_PRESSURE_WRITE': 'c29tZSAyMDAwMDAgMjAwMDAwMAA=', 'VTE_VERSION': '7600', 'GZ_SIM_PHYSICS_ENGINE_PATH': '/usr/lib/x86_64-linux-gnu/gz-physics-6/engine-plugins', 'CMAKE_PREFIX_PATH': '/opt/ros/jazzy/opt/gz_sim_vendor:/opt/ros/jazzy/opt/gz_sensors_vendor:/opt/ros/jazzy/opt/gz_physics_vendor:/opt/ros/jazzy/opt/sdformat_vendor:/opt/ros/jazzy/opt/gz_gui_vendor:/opt/ros/jazzy/opt/gz_transport_vendor:/opt/ros/jazzy/opt/gz_rendering_vendor:/opt/ros/jazzy/opt/gz_plugin_vendor:/opt/ros/jazzy/opt/gz_fuel_tools_vendor:/opt/ros/jazzy/opt/gz_msgs_vendor:/opt/ros/jazzy/opt/gz_common_vendor:/opt/ros/jazzy/opt/gz_math_vendor:/opt/ros/jazzy/opt/gz_utils_vendor:/opt/ros/jazzy/opt/gz_tools_vendor:/opt/ros/jazzy/opt/gz_ogre_next_vendor:/opt/ros/jazzy/opt/gz_dartsim_vendor:/opt/ros/jazzy/opt/gz_cmake_vendor:/opt/ros/jazzy:'}), 'shell': False}
[0.126984] (dd_robot) StdoutLine: {'line': b'-- Install configuration: ""\n'}
[0.127858] (dd_robot) StdoutLine: {'line': b'-- Execute custom install script\n'}
[0.129238] (dd_robot) StdoutLine: {'line': b'-- Up-to-date symlink: /home/rakesh/ros2_ws/install/dd_robot/share/dd_robot//urdf/common_properties.xacro\n'}
[0.129618] (dd_robot) StdoutLine: {'line': b'-- Up-to-date symlink: /home/rakesh/ros2_ws/install/dd_robot/share/dd_robot//urdf/mobile_base.xacro\n'}
[0.129986] (dd_robot) StdoutLine: {'line': b'-- Up-to-date symlink: /home/rakesh/ros2_ws/install/dd_robot/share/dd_robot//urdf/mobile_base_gazebo.xacro\n'}
[0.130252] (dd_robot) StdoutLine: {'line': b'-- Up-to-date symlink: /home/rakesh/ros2_ws/install/dd_robot/share/dd_robot//urdf/robot.urdf.xacro\n'}
[0.130396] (dd_robot) StdoutLine: {'line': b'-- Up-to-date symlink: /home/rakesh/ros2_ws/install/dd_robot/share/dd_robot//urdf/robot_control.xacro\n'}
[0.130560] (dd_robot) StdoutLine: {'line': b'-- Up-to-date symlink: /home/rakesh/ros2_ws/install/dd_robot/share/dd_robot//urdf/transmission.xacro\n'}
[0.130698] (dd_robot) StdoutLine: {'line': b'-- Up-to-date symlink: /home/rakesh/ros2_ws/install/dd_robot/share/dd_robot//launch/display.launch.py\n'}
[0.130848] (dd_robot) StdoutLine: {'line': b'-- Up-to-date symlink: /home/rakesh/ros2_ws/install/dd_robot/share/dd_robot//launch/display.launch.xml\n'}
[0.131022] (dd_robot) StdoutLine: {'line': b'-- Up-to-date symlink: /home/rakesh/ros2_ws/install/dd_robot/share/dd_robot//rviz/dd_robot.rviz\n'}
[0.131166] (dd_robot) StdoutLine: {'line': b'-- Up-to-date symlink: /home/rakesh/ros2_ws/install/dd_robot/share/dd_robot//rviz/robot.rviz\n'}
[0.131303] (dd_robot) StdoutLine: {'line': b'-- Up-to-date symlink: /home/rakesh/ros2_ws/install/dd_robot/share/dd_robot//config/dd_control.yaml\n'}
[0.131435] (dd_robot) StdoutLine: {'line': b'-- Up-to-date symlink: /home/rakesh/ros2_ws/install/dd_robot/share/dd_robot//config/ekf.yaml\n'}
[0.131609] (dd_robot) StdoutLine: {'line': b'-- Up-to-date symlink: /home/rakesh/ros2_ws/install/dd_robot/share/dd_robot//config/gazebo_bridge.yaml\n'}
[0.131746] (dd_robot) StdoutLine: {'line': b'-- Up-to-date symlink: /home/rakesh/ros2_ws/install/dd_robot/share/dd_robot//config/nav2_costmap.yaml\n'}
[0.131884] (dd_robot) StdoutLine: {'line': b'-- Up-to-date symlink: /home/rakesh/ros2_ws/install/dd_robot/share/dd_robot//config/nav2_params.yaml\n'}
[0.132252] (dd_robot) StdoutLine: {'line': b'-- Up-to-date symlink: /home/rakesh/ros2_ws/install/dd_robot/share/dd_robot//worlds/materials/scripts/model.material\n'}
[0.132556] (dd_robot) StdoutLine: {'line': b'-- Up-to-date symlink: /home/rakesh/ros2_ws/install/dd_robot/share/dd_robot//worlds/materials/textures/BOXSET_Albedo.png\n'}
[0.132873] (dd_robot) StdoutLine: {'line': b'-- Up-to-date symlink: /home/rakesh/ros2_ws/install/dd_robot/share/dd_robot//worlds/materials/textures/BOXSET_Emissive.png\n'}
[0.133040] (dd_robot) StdoutLine: {'line': b'-- Up-to-date symlink: /home/rakesh/ros2_ws/install/dd_robot/share/dd_robot//worlds/materials/textures/BOXSET_Metalness.png\n'}
[0.133306] (dd_robot) StdoutLine: {'line': b'-- Up-to-date symlink: /home/rakesh/ros2_ws/install/dd_robot/share/dd_robot//worlds/materials/textures/BOXSET_Normal.png\n'}
[0.133572] (dd_robot) StdoutLine: {'line': b'-- Up-to-date symlink: /home/rakesh/ros2_ws/install/dd_robot/share/dd_robot//worlds/materials/textures/BOXSET_Roughness.png\n'}
[0.133795] (dd_robot) StdoutLine: {'line': b'-- Up-to-date symlink: /home/rakesh/ros2_ws/install/dd_robot/share/dd_robot//worlds/materials/textures/Crates_Crates_BaseColor.png\n'}
[0.134026] (dd_robot) StdoutLine: {'line': b'-- Up-to-date symlink: /home/rakesh/ros2_ws/install/dd_robot/share/dd_robot//worlds/materials/textures/Crates_Crates_Normal.png\n'}
[0.134216] (dd_robot) StdoutLine: {'line': b'-- Up-to-date symlink: /home/rakesh/ros2_ws/install/dd_robot/share/dd_robot//worlds/materials/textures/Crates_Crates_Roughness.png\n'}
[0.134367] (dd_robot) StdoutLine: {'line': b'-- Up-to-date symlink: /home/rakesh/ros2_ws/install/dd_robot/share/dd_robot//worlds/materials/textures/DepotLightmap.png\n'}
[0.134533] (dd_robot) StdoutLine: {'line': b'-- Up-to-date symlink: /home/rakesh/ros2_ws/install/dd_robot/share/dd_robot//worlds/materials/textures/FANS_Albedo.png\n'}
[0.134683] (dd_robot) StdoutLine: {'line': b'-- Up-to-date symlink: /home/rakesh/ros2_ws/install/dd_robot/share/dd_robot//worlds/materials/textures/FANS_Metalness.png\n'}
[0.134832] (dd_robot) StdoutLine: {'line': b'-- Up-to-date symlink: /home/rakesh/ros2_ws/install/dd_robot/share/dd_robot//worlds/materials/textures/FANS_Normal.png\n'}
[0.135050] (dd_robot) StdoutLine: {'line': b'-- Up-to-date symlink: /home/rakesh/ros2_ws/install/dd_robot/share/dd_robot//worlds/materials/textures/FANS_Roughness.png\n'}
[0.135257] (dd_robot) StdoutLine: {'line': b'-- Up-to-date symlink: /home/rakesh/ros2_ws/install/dd_robot/share/dd_robot//worlds/materials/textures/FLOOR_Albedo.png\n'}
[0.135443] (dd_robot) StdoutLine: {'line': b'-- Up-to-date symlink: /home/rakesh/ros2_ws/install/dd_robot/share/dd_robot//worlds/materials/textures/FLOOR_Metalness.png\n'}
[0.135684] (dd_robot) StdoutLine: {'line': b'-- Up-to-date symlink: /home/rakesh/ros2_ws/install/dd_robot/share/dd_robot//worlds/materials/textures/FLOOR_Normal.png\n'}
[0.135936] (dd_robot) StdoutLine: {'line': b'-- Up-to-date symlink: /home/rakesh/ros2_ws/install/dd_robot/share/dd_robot//worlds/materials/textures/FLOOR_Roughness.png\n'}
[0.136123] (dd_robot) StdoutLine: {'line': b'-- Up-to-date symlink: /home/rakesh/ros2_ws/install/dd_robot/share/dd_robot//worlds/materials/textures/FanBack_FanBack_BaseColor.png\n'}
[0.136308] (dd_robot) StdoutLine: {'line': b'-- Up-to-date symlink: /home/rakesh/ros2_ws/install/dd_robot/share/dd_robot//worlds/materials/textures/FireAlarmPole_Albedo.png\n'}
[0.136568] (dd_robot) StdoutLine: {'line': b'-- Up-to-date symlink: /home/rakesh/ros2_ws/install/dd_robot/share/dd_robot//worlds/materials/textures/FireAlarmPole_Metalness.png\n'}
[0.136801] (dd_robot) StdoutLine: {'line': b'-- Up-to-date symlink: /home/rakesh/ros2_ws/install/dd_robot/share/dd_robot//worlds/materials/textures/FireAlarmPole_Normal.png\n'}
[0.136990] (dd_robot) StdoutLine: {'line': b'-- Up-to-date symlink: /home/rakesh/ros2_ws/install/dd_robot/share/dd_robot//worlds/materials/textures/FireAlarmPole_Roughness.png\n'}
[0.137176] (dd_robot) StdoutLine: {'line': b'-- Up-to-date symlink: /home/rakesh/ros2_ws/install/dd_robot/share/dd_robot//worlds/materials/textures/FireAlarm_Albedo.png\n'}
[0.137436] (dd_robot) StdoutLine: {'line': b'-- Up-to-date symlink: /home/rakesh/ros2_ws/install/dd_robot/share/dd_robot//worlds/materials/textures/FireAlarm_Metalness.png\n'}
[0.137721] (dd_robot) StdoutLine: {'line': b'-- Up-to-date symlink: /home/rakesh/ros2_ws/install/dd_robot/share/dd_robot//worlds/materials/textures/FireAlarm_Normal.png\n'}
[0.137906] (dd_robot) StdoutLine: {'line': b'-- Up-to-date symlink: /home/rakesh/ros2_ws/install/dd_robot/share/dd_robot//worlds/materials/textures/FireAlarm_Roughness.png\n'}
[0.138090] (dd_robot) StdoutLine: {'line': b'-- Up-to-date symlink: /home/rakesh/ros2_ws/install/dd_robot/share/dd_robot//worlds/materials/textures/Forklift_Forklift_BaseColor.png\n'}
[0.138338] (dd_robot) StdoutLine: {'line': b'-- Up-to-date symlink: /home/rakesh/ros2_ws/install/dd_robot/share/dd_robot//worlds/materials/textures/Forklift_Forklift_Metallic.png\n'}
[0.138566] (dd_robot) StdoutLine: {'line': b'-- Up-to-date symlink: /home/rakesh/ros2_ws/install/dd_robot/share/dd_robot//worlds/materials/textures/Forklift_Forklift_Normal.png\n'}
[0.138802] (dd_robot) StdoutLine: {'line': b'-- Up-to-date symlink: /home/rakesh/ros2_ws/install/dd_robot/share/dd_robot//worlds/materials/textures/Forklift_Forklift_Roughness.png\n'}
[0.139051] (dd_robot) StdoutLine: {'line': b'-- Up-to-date symlink: /home/rakesh/ros2_ws/install/dd_robot/share/dd_robot//worlds/materials/textures/INTERCOM_Albedo.png\n'}
[0.139286] (dd_robot) StdoutLine: {'line': b'-- Up-to-date symlink: /home/rakesh/ros2_ws/install/dd_robot/share/dd_robot//worlds/materials/textures/INTERCOM_Emissive.png\n'}
[0.139489] (dd_robot) StdoutLine: {'line': b'-- Up-to-date symlink: /home/rakesh/ros2_ws/install/dd_robot/share/dd_robot//worlds/materials/textures/INTERCOM_Metalness.png\n'}
[0.139678] (dd_robot) StdoutLine: {'line': b'-- Up-to-date symlink: /home/rakesh/ros2_ws/install/dd_robot/share/dd_robot//worlds/materials/textures/INTERCOM_Normal.png\n'}
[0.139954] (dd_robot) StdoutLine: {'line': b'-- Up-to-date symlink: /home/rakesh/ros2_ws/install/dd_robot/share/dd_robot//worlds/materials/textures/INTERCOM_Roughness.png\n'}
[0.140203] (dd_robot) StdoutLine: {'line': b'-- Up-to-date symlink: /home/rakesh/ros2_ws/install/dd_robot/share/dd_robot//worlds/materials/textures/PILLERS_Albedo.png\n'}
[0.140439] (dd_robot) StdoutLine: {'line': b'-- Up-to-date symlink: /home/rakesh/ros2_ws/install/dd_robot/share/dd_robot//worlds/materials/textures/PILLERS_Metalness.png\n'}
[0.140734] (dd_robot) StdoutLine: {'line': b'-- Up-to-date symlink: /home/rakesh/ros2_ws/install/dd_robot/share/dd_robot//worlds/materials/textures/PILLERS_Normal.png\n'}
[0.140921] (dd_robot) StdoutLine: {'line': b'-- Up-to-date symlink: /home/rakesh/ros2_ws/install/dd_robot/share/dd_robot//worlds/materials/textures/PILLERS_Roughness.png\n'}
[0.141107] (dd_robot) StdoutLine: {'line': b'-- Up-to-date symlink: /home/rakesh/ros2_ws/install/dd_robot/share/dd_robot//worlds/materials/textures/Pipes_Albedo.png\n'}
[0.141365] (dd_robot) StdoutLine: {'line': b'-- Up-to-date symlink: /home/rakesh/ros2_ws/install/dd_robot/share/dd_robot//worlds/materials/textures/Pipes_Metalness.png\n'}
[0.141603] (dd_robot) StdoutLine: {'line': b'-- Up-to-date symlink: /home/rakesh/ros2_ws/install/dd_robot/share/dd_robot//worlds/materials/textures/Pipes_Normal.png\n'}
[0.141806] (dd_robot) StdoutLine: {'line': b'-- Up-to-date symlink: /home/rakesh/ros2_ws/install/dd_robot/share/dd_robot//worlds/materials/textures/Pipes_Roughness.png\n'}
[0.141990] (dd_robot) StdoutLine: {'line': b'-- Up-to-date symlink: /home/rakesh/ros2_ws/install/dd_robot/share/dd_robot//worlds/materials/textures/ROOF_Albedo.png\n'}
[0.142176] (dd_robot) StdoutLine: {'line': b'-- Up-to-date symlink: /home/rakesh/ros2_ws/install/dd_robot/share/dd_robot//worlds/materials/textures/ROOF_Emissive.png\n'}
[0.142429] (dd_robot) StdoutLine: {'line': b'-- Up-to-date symlink: /home/rakesh/ros2_ws/install/dd_robot/share/dd_robot//worlds/materials/textures/ROOF_Metalness.png\n'}
[0.142677] (dd_robot) StdoutLine: {'line': b'-- Up-to-date symlink: /home/rakesh/ros2_ws/install/dd_robot/share/dd_robot//worlds/materials/textures/ROOF_Normal.png\n'}
[0.142863] (dd_robot) StdoutLine: {'line': b'-- Up-to-date symlink: /home/rakesh/ros2_ws/install/dd_robot/share/dd_robot//worlds/materials/textures/ROOF_Roughness.png\n'}
[0.143043] (dd_robot) StdoutLine: {'line': b'-- Up-to-date symlink: /home/rakesh/ros2_ws/install/dd_robot/share/dd_robot//worlds/materials/textures/STAIRS_Albedo.png\n'}
[0.143259] (dd_robot) StdoutLine: {'line': b'-- Up-to-date symlink: /home/rakesh/ros2_ws/install/dd_robot/share/dd_robot//worlds/materials/textures/STAIRS_Metalness.png\n'}
[0.143422] (dd_robot) StdoutLine: {'line': b'-- Up-to-date symlink: /home/rakesh/ros2_ws/install/dd_robot/share/dd_robot//worlds/materials/textures/STAIRS_Normal.png\n'}
[0.143609] (dd_robot) StdoutLine: {'line': b'-- Up-to-date symlink: /home/rakesh/ros2_ws/install/dd_robot/share/dd_robot//worlds/materials/textures/STAIRS_Roughness.png\n'}
[0.143779] (dd_robot) StdoutLine: {'line': b'-- Up-to-date symlink: /home/rakesh/ros2_ws/install/dd_robot/share/dd_robot//worlds/materials/textures/WALLS_Albedo.png\n'}
[0.143977] (dd_robot) StdoutLine: {'line': b'-- Up-to-date symlink: /home/rakesh/ros2_ws/install/dd_robot/share/dd_robot//worlds/materials/textures/WALLS_Metalness.png\n'}
[0.144141] (dd_robot) StdoutLine: {'line': b'-- Up-to-date symlink: /home/rakesh/ros2_ws/install/dd_robot/share/dd_robot//worlds/materials/textures/WALLS_Normal.png\n'}
[0.144309] (dd_robot) StdoutLine: {'line': b'-- Up-to-date symlink: /home/rakesh/ros2_ws/install/dd_robot/share/dd_robot//worlds/materials/textures/WALLS_Roughness.png\n'}
[0.144491] (dd_robot) StdoutLine: {'line': b'-- Up-to-date symlink: /home/rakesh/ros2_ws/install/dd_robot/share/dd_robot//worlds/materials/textures/Window_WINDOW_BaseColor.png\n'}
[0.144654] (dd_robot) StdoutLine: {'line': b'-- Up-to-date symlink: /home/rakesh/ros2_ws/install/dd_robot/share/dd_robot//worlds/materials/textures/Window_WINDOW_Metallic.png\n'}
[0.144826] (dd_robot) StdoutLine: {'line': b'-- Up-to-date symlink: /home/rakesh/ros2_ws/install/dd_robot/share/dd_robot//worlds/materials/textures/Window_WINDOW_Roughness.png\n'}
[0.145009] (dd_robot) StdoutLine: {'line': b'-- Up-to-date symlink: /home/rakesh/ros2_ws/install/dd_robot/share/dd_robot//worlds/meshes/Crates.dae\n'}
[0.145174] (dd_robot) StdoutLine: {'line': b'-- Up-to-date symlink: /home/rakesh/ros2_ws/install/dd_robot/share/dd_robot//worlds/meshes/Depot.dae\n'}
[0.145354] (dd_robot) StdoutLine: {'line': b'-- Up-to-date symlink: /home/rakesh/ros2_ws/install/dd_robot/share/dd_robot//worlds/model.config\n'}
[0.145559] (dd_robot) StdoutLine: {'line': b'-- Up-to-date symlink: /home/rakesh/ros2_ws/install/dd_robot/share/dd_robot//worlds/model.sdf\n'}
[0.145727] (dd_robot) StdoutLine: {'line': b'-- Up-to-date symlink: /home/rakesh/ros2_ws/install/dd_robot/share/dd_robot//worlds/my_world.sdf\n'}
[0.145902] (dd_robot) StdoutLine: {'line': b'-- Up-to-date symlink: /home/rakesh/ros2_ws/install/dd_robot/share/dd_robot//worlds/thumbnails/0.png\n'}
[0.146088] (dd_robot) StdoutLine: {'line': b'-- Up-to-date symlink: /home/rakesh/ros2_ws/install/dd_robot/share/dd_robot//worlds/thumbnails/1.png\n'}
[0.146248] (dd_robot) StdoutLine: {'line': b'-- Up-to-date symlink: /home/rakesh/ros2_ws/install/dd_robot/share/dd_robot//worlds/thumbnails/2.png\n'}
[0.146388] (dd_robot) StdoutLine: {'line': b'-- Up-to-date symlink: /home/rakesh/ros2_ws/install/dd_robot/share/dd_robot//worlds/thumbnails/3.png\n'}
[0.146588] (dd_robot) StdoutLine: {'line': b'-- Up-to-date symlink: /home/rakesh/ros2_ws/install/dd_robot/share/dd_robot//worlds/thumbnails/4.png\n'}
[0.146724] (dd_robot) StdoutLine: {'line': b'-- Up-to-date symlink: /home/rakesh/ros2_ws/install/dd_robot/share/dd_robot//worlds/thumbnails/5.png\n'}
[0.146861] (dd_robot) StdoutLine: {'line': b'-- Up-to-date symlink: /home/rakesh/ros2_ws/install/dd_robot/share/ament_index/resource_index/package_run_dependencies/dd_robot\n'}
[0.147001] (dd_robot) StdoutLine: {'line': b'-- Up-to-date symlink: /home/rakesh/ros2_ws/install/dd_robot/share/ament_index/resource_index/parent_prefix_path/dd_robot\n'}
[0.147136] (dd_robot) StdoutLine: {'line': b'-- Up-to-date symlink: /home/rakesh/ros2_ws/install/dd_robot/share/dd_robot/environment/ament_prefix_path.sh\n'}
[0.147274] (dd_robot) StdoutLine: {'line': b'-- Up-to-date symlink: /home/rakesh/ros2_ws/install/dd_robot/share/dd_robot/environment/ament_prefix_path.dsv\n'}
[0.147411] (dd_robot) StdoutLine: {'line': b'-- Up-to-date symlink: /home/rakesh/ros2_ws/install/dd_robot/share/dd_robot/environment/path.sh\n'}
[0.147602] (dd_robot) StdoutLine: {'line': b'-- Up-to-date symlink: /home/rakesh/ros2_ws/install/dd_robot/share/dd_robot/environment/path.dsv\n'}
[0.147754] (dd_robot) StdoutLine: {'line': b'-- Up-to-date symlink: /home/rakesh/ros2_ws/install/dd_robot/share/dd_robot/local_setup.bash\n'}
[0.147905] (dd_robot) StdoutLine: {'line': b'-- Up-to-date symlink: /home/rakesh/ros2_ws/install/dd_robot/share/dd_robot/local_setup.sh\n'}
[0.148042] (dd_robot) StdoutLine: {'line': b'-- Up-to-date symlink: /home/rakesh/ros2_ws/install/dd_robot/share/dd_robot/local_setup.zsh\n'}
[0.148180] (dd_robot) StdoutLine: {'line': b'-- Up-to-date symlink: /home/rakesh/ros2_ws/install/dd_robot/share/dd_robot/local_setup.dsv\n'}
[0.148331] (dd_robot) StdoutLine: {'line': b'-- Symlinking: /home/rakesh/ros2_ws/install/dd_robot/share/dd_robot/package.dsv\n'}
[0.157010] (dd_robot) StdoutLine: {'line': b'-- Up-to-date symlink: /home/rakesh/ros2_ws/install/dd_robot/share/ament_index/resource_index/packages/dd_robot\n'}
[0.157322] (dd_robot) StdoutLine: {'line': b'-- Up-to-date symlink: /home/rakesh/ros2_ws/install/dd_robot/share/dd_robot/cmake/dd_robotConfig.cmake\n'}
[0.157541] (dd_robot) StdoutLine: {'line': b'-- Up-to-date symlink: /home/rakesh/ros2_ws/install/dd_robot/share/dd_robot/cmake/dd_robotConfig-version.cmake\n'}
[0.157811] (dd_robot) StdoutLine: {'line': b'-- Up-to-date symlink: /home/rakesh/ros2_ws/install/dd_robot/share/dd_robot/package.xml\n'}
[0.160975] (dd_robot) CommandEnded: {'returncode': 0}
[0.181723] (dd_robot) JobEnded: {'identifier': 'dd_robot', 'rc': 0}
[0.183322] (-) EventReactorShutdown: {}
