[0.267s] DEBUG:colcon:Command line arguments: ['/usr/bin/colcon', 'build']
[0.267s] DEBUG:colcon:Parsed command line arguments: Namespace(log_base=None, log_level=None, verb_name='build', build_base='build', install_base='install', merge_install=False, symlink_install=False, test_result_base=None, continue_on_error=False, executor='parallel', parallel_workers=12, event_handlers=None, ignore_user_meta=False, metas=['./colcon.meta'], base_paths=['.'], packages_ignore=None, packages_ignore_regex=None, paths=None, packages_up_to=None, packages_up_to_regex=None, packages_above=None, packages_above_and_dependencies=None, packages_above_depth=None, packages_select_by_dep=None, packages_skip_by_dep=None, packages_skip_up_to=None, packages_select_build_failed=False, packages_skip_build_finished=False, packages_select_test_failures=False, packages_skip_test_passed=False, packages_select=None, packages_skip=None, packages_select_regex=None, packages_skip_regex=None, packages_start=None, packages_end=None, allow_overriding=[], cmake_args=None, cmake_target=None, cmake_target_skip_unavailable=False, cmake_clean_cache=False, cmake_clean_first=False, cmake_force_configure=False, ament_cmake_args=None, catkin_cmake_args=None, catkin_skip_building_tests=False, mixin_files=None, mixin=None, verb_parser=<colcon_mixin.mixin.mixin_argument.MixinArgumentDecorator object at 0x7c0ebccb7890>, verb_extension=<colcon_core.verb.build.BuildVerb object at 0x7c0ebcc61400>, main=<bound method BuildVerb.main of <colcon_core.verb.build.BuildVerb object at 0x7c0ebcc61400>>, mixin_verb=('build',))
[0.330s] Level 1:colcon.colcon_core.package_discovery:discover_packages(colcon_meta) check parameters
[0.330s] Level 1:colcon.colcon_core.package_discovery:discover_packages(recursive) check parameters
[0.330s] Level 1:colcon.colcon_core.package_discovery:discover_packages(ignore) check parameters
[0.330s] Level 1:colcon.colcon_core.package_discovery:discover_packages(path) check parameters
[0.330s] Level 1:colcon.colcon_core.package_discovery:discover_packages(colcon_meta) discover
[0.330s] Level 1:colcon.colcon_core.package_discovery:discover_packages(recursive) discover
[0.330s] INFO:colcon.colcon_core.package_discovery:Crawling recursively for packages in '/home/rakesh/ros2_ws'
[0.330s] Level 1:colcon.colcon_core.package_identification:_identify(.) by extensions ['ignore', 'ignore_ament_install']
[0.330s] Level 1:colcon.colcon_core.package_identification:_identify(.) by extension 'ignore'
[0.330s] Level 1:colcon.colcon_core.package_identification:_identify(.) by extension 'ignore_ament_install'
[0.330s] Level 1:colcon.colcon_core.package_identification:_identify(.) by extensions ['colcon_pkg']
[0.330s] Level 1:colcon.colcon_core.package_identification:_identify(.) by extension 'colcon_pkg'
[0.330s] Level 1:colcon.colcon_core.package_identification:_identify(.) by extensions ['colcon_meta']
[0.330s] Level 1:colcon.colcon_core.package_identification:_identify(.) by extension 'colcon_meta'
[0.330s] Level 1:colcon.colcon_core.package_identification:_identify(.) by extensions ['ros']
[0.330s] Level 1:colcon.colcon_core.package_identification:_identify(.) by extension 'ros'
[0.356s] Level 1:colcon.colcon_core.package_identification:_identify(.) by extensions ['cmake', 'python']
[0.356s] Level 1:colcon.colcon_core.package_identification:_identify(.) by extension 'cmake'
[0.357s] Level 1:colcon.colcon_core.package_identification:_identify(.) by extension 'python'
[0.357s] Level 1:colcon.colcon_core.package_identification:_identify(.) by extensions ['python_setup_py']
[0.357s] Level 1:colcon.colcon_core.package_identification:_identify(.) by extension 'python_setup_py'
[0.357s] Level 1:colcon.colcon_core.package_identification:_identify(build) by extensions ['ignore', 'ignore_ament_install']
[0.357s] Level 1:colcon.colcon_core.package_identification:_identify(build) by extension 'ignore'
[0.357s] Level 1:colcon.colcon_core.package_identification:_identify(build) ignored
[0.357s] Level 1:colcon.colcon_core.package_identification:_identify(install) by extensions ['ignore', 'ignore_ament_install']
[0.357s] Level 1:colcon.colcon_core.package_identification:_identify(install) by extension 'ignore'
[0.357s] Level 1:colcon.colcon_core.package_identification:_identify(install) ignored
[0.357s] Level 1:colcon.colcon_core.package_identification:_identify(log) by extensions ['ignore', 'ignore_ament_install']
[0.357s] Level 1:colcon.colcon_core.package_identification:_identify(log) by extension 'ignore'
[0.357s] Level 1:colcon.colcon_core.package_identification:_identify(log) ignored
[0.357s] Level 1:colcon.colcon_core.package_identification:_identify(src) by extensions ['ignore', 'ignore_ament_install']
[0.357s] Level 1:colcon.colcon_core.package_identification:_identify(src) by extension 'ignore'
[0.357s] Level 1:colcon.colcon_core.package_identification:_identify(src) by extension 'ignore_ament_install'
[0.358s] Level 1:colcon.colcon_core.package_identification:_identify(src) by extensions ['colcon_pkg']
[0.358s] Level 1:colcon.colcon_core.package_identification:_identify(src) by extension 'colcon_pkg'
[0.358s] Level 1:colcon.colcon_core.package_identification:_identify(src) by extensions ['colcon_meta']
[0.358s] Level 1:colcon.colcon_core.package_identification:_identify(src) by extension 'colcon_meta'
[0.358s] Level 1:colcon.colcon_core.package_identification:_identify(src) by extensions ['ros']
[0.358s] Level 1:colcon.colcon_core.package_identification:_identify(src) by extension 'ros'
[0.358s] Level 1:colcon.colcon_core.package_identification:_identify(src) by extensions ['cmake', 'python']
[0.358s] Level 1:colcon.colcon_core.package_identification:_identify(src) by extension 'cmake'
[0.358s] Level 1:colcon.colcon_core.package_identification:_identify(src) by extension 'python'
[0.358s] Level 1:colcon.colcon_core.package_identification:_identify(src) by extensions ['python_setup_py']
[0.358s] Level 1:colcon.colcon_core.package_identification:_identify(src) by extension 'python_setup_py'
[0.358s] Level 1:colcon.colcon_core.package_identification:_identify(src/differential_drive) by extensions ['ignore', 'ignore_ament_install']
[0.358s] Level 1:colcon.colcon_core.package_identification:_identify(src/differential_drive) by extension 'ignore'
[0.358s] Level 1:colcon.colcon_core.package_identification:_identify(src/differential_drive) by extension 'ignore_ament_install'
[0.358s] Level 1:colcon.colcon_core.package_identification:_identify(src/differential_drive) by extensions ['colcon_pkg']
[0.358s] Level 1:colcon.colcon_core.package_identification:_identify(src/differential_drive) by extension 'colcon_pkg'
[0.358s] Level 1:colcon.colcon_core.package_identification:_identify(src/differential_drive) by extensions ['colcon_meta']
[0.358s] Level 1:colcon.colcon_core.package_identification:_identify(src/differential_drive) by extension 'colcon_meta'
[0.358s] Level 1:colcon.colcon_core.package_identification:_identify(src/differential_drive) by extensions ['ros']
[0.358s] Level 1:colcon.colcon_core.package_identification:_identify(src/differential_drive) by extension 'ros'
[0.358s] Level 1:colcon.colcon_core.package_identification:_identify(src/differential_drive) by extensions ['cmake', 'python']
[0.358s] Level 1:colcon.colcon_core.package_identification:_identify(src/differential_drive) by extension 'cmake'
[0.358s] Level 1:colcon.colcon_core.package_identification:_identify(src/differential_drive) by extension 'python'
[0.359s] Level 1:colcon.colcon_core.package_identification:_identify(src/differential_drive) by extensions ['python_setup_py']
[0.359s] Level 1:colcon.colcon_core.package_identification:_identify(src/differential_drive) by extension 'python_setup_py'
[0.359s] Level 1:colcon.colcon_core.package_identification:_identify(src/differential_drive/dd_robot) by extensions ['ignore', 'ignore_ament_install']
[0.359s] Level 1:colcon.colcon_core.package_identification:_identify(src/differential_drive/dd_robot) by extension 'ignore'
[0.359s] Level 1:colcon.colcon_core.package_identification:_identify(src/differential_drive/dd_robot) by extension 'ignore_ament_install'
[0.359s] Level 1:colcon.colcon_core.package_identification:_identify(src/differential_drive/dd_robot) by extensions ['colcon_pkg']
[0.359s] Level 1:colcon.colcon_core.package_identification:_identify(src/differential_drive/dd_robot) by extension 'colcon_pkg'
[0.359s] Level 1:colcon.colcon_core.package_identification:_identify(src/differential_drive/dd_robot) by extensions ['colcon_meta']
[0.359s] Level 1:colcon.colcon_core.package_identification:_identify(src/differential_drive/dd_robot) by extension 'colcon_meta'
[0.359s] Level 1:colcon.colcon_core.package_identification:_identify(src/differential_drive/dd_robot) by extensions ['ros']
[0.359s] Level 1:colcon.colcon_core.package_identification:_identify(src/differential_drive/dd_robot) by extension 'ros'
[0.361s] DEBUG:colcon.colcon_core.package_identification:Package 'src/differential_drive/dd_robot' with type 'ros.ament_cmake' and name 'dd_robot'
[0.361s] Level 1:colcon.colcon_core.package_discovery:discover_packages(recursive) using defaults
[0.361s] Level 1:colcon.colcon_core.package_discovery:discover_packages(ignore) discover
[0.361s] Level 1:colcon.colcon_core.package_discovery:discover_packages(ignore) using defaults
[0.361s] Level 1:colcon.colcon_core.package_discovery:discover_packages(path) discover
[0.361s] Level 1:colcon.colcon_core.package_discovery:discover_packages(path) using defaults
[0.391s] Level 1:colcon.colcon_core.package_discovery:discover_packages(prefix_path) check parameters
[0.391s] Level 1:colcon.colcon_core.package_discovery:discover_packages(prefix_path) discover
[0.397s] DEBUG:colcon.colcon_installed_package_information.package_discovery:Found 2 installed packages in /home/rakesh/ros2_ws/install
[0.400s] DEBUG:colcon.colcon_installed_package_information.package_discovery:Found 517 installed packages in /opt/ros/jazzy
[0.402s] Level 1:colcon.colcon_core.package_discovery:discover_packages(prefix_path) using defaults
[0.625s] Level 5:colcon.colcon_core.verb:set package 'dd_robot' build argument 'cmake_args' from command line to 'None'
[0.625s] Level 5:colcon.colcon_core.verb:set package 'dd_robot' build argument 'cmake_target' from command line to 'None'
[0.625s] Level 5:colcon.colcon_core.verb:set package 'dd_robot' build argument 'cmake_target_skip_unavailable' from command line to 'False'
[0.625s] Level 5:colcon.colcon_core.verb:set package 'dd_robot' build argument 'cmake_clean_cache' from command line to 'False'
[0.625s] Level 5:colcon.colcon_core.verb:set package 'dd_robot' build argument 'cmake_clean_first' from command line to 'False'
[0.625s] Level 5:colcon.colcon_core.verb:set package 'dd_robot' build argument 'cmake_force_configure' from command line to 'False'
[0.625s] Level 5:colcon.colcon_core.verb:set package 'dd_robot' build argument 'ament_cmake_args' from command line to 'None'
[0.625s] Level 5:colcon.colcon_core.verb:set package 'dd_robot' build argument 'catkin_cmake_args' from command line to 'None'
[0.625s] Level 5:colcon.colcon_core.verb:set package 'dd_robot' build argument 'catkin_skip_building_tests' from command line to 'False'
[0.625s] DEBUG:colcon.colcon_core.verb:Building package 'dd_robot' with the following arguments: {'ament_cmake_args': None, 'build_base': '/home/rakesh/ros2_ws/build/dd_robot', 'catkin_cmake_args': None, 'catkin_skip_building_tests': False, 'cmake_args': None, 'cmake_clean_cache': False, 'cmake_clean_first': False, 'cmake_force_configure': False, 'cmake_target': None, 'cmake_target_skip_unavailable': False, 'install_base': '/home/rakesh/ros2_ws/install/dd_robot', 'merge_install': False, 'path': '/home/rakesh/ros2_ws/src/differential_drive/dd_robot', 'symlink_install': False, 'test_result_base': None}
[0.625s] INFO:colcon.colcon_core.executor:Executing jobs using 'parallel' executor
[0.626s] DEBUG:colcon.colcon_parallel_executor.executor.parallel:run_until_complete
[0.626s] INFO:colcon.colcon_ros.task.ament_cmake.build:Building ROS package in '/home/rakesh/ros2_ws/src/differential_drive/dd_robot' with build type 'ament_cmake'
[0.626s] INFO:colcon.colcon_cmake.task.cmake.build:Building CMake package in '/home/rakesh/ros2_ws/src/differential_drive/dd_robot'
[0.632s] INFO:colcon.colcon_core.plugin_system:Skipping extension 'colcon_core.shell.bat': Not used on non-Windows systems
[0.632s] INFO:colcon.colcon_core.shell:Skip shell extension 'powershell' for command environment: Not usable outside of PowerShell
[0.632s] DEBUG:colcon.colcon_core.shell:Skip shell extension 'dsv' for command environment
[0.645s] DEBUG:colcon.colcon_core.event_handler.log_command:Invoking command in '/home/rakesh/ros2_ws/build/dd_robot': CMAKE_PREFIX_PATH=${CMAKE_PREFIX_PATH}:/opt/ros/jazzy: DEBUGINFOD_URLS=https://debuginfod.ubuntu.com /usr/bin/cmake --build /home/rakesh/ros2_ws/build/dd_robot -- -j12 -l12
[1.155s] DEBUG:colcon.colcon_core.event_handler.log_command:Invoked command in '/home/rakesh/ros2_ws/build/dd_robot' returned '0': CMAKE_PREFIX_PATH=${CMAKE_PREFIX_PATH}:/opt/ros/jazzy: DEBUGINFOD_URLS=https://debuginfod.ubuntu.com /usr/bin/cmake --build /home/rakesh/ros2_ws/build/dd_robot -- -j12 -l12
[1.169s] DEBUG:colcon.colcon_core.event_handler.log_command:Invoking command in '/home/rakesh/ros2_ws/build/dd_robot': CMAKE_PREFIX_PATH=${CMAKE_PREFIX_PATH}:/opt/ros/jazzy: DEBUGINFOD_URLS=https://debuginfod.ubuntu.com /usr/bin/cmake --install /home/rakesh/ros2_ws/build/dd_robot
[1.213s] Level 1:colcon.colcon_core.environment:create_environment_scripts_only(dd_robot)
[1.214s] DEBUG:colcon.colcon_core.event_handler.log_command:Invoked command in '/home/rakesh/ros2_ws/build/dd_robot' returned '0': CMAKE_PREFIX_PATH=${CMAKE_PREFIX_PATH}:/opt/ros/jazzy: DEBUGINFOD_URLS=https://debuginfod.ubuntu.com /usr/bin/cmake --install /home/rakesh/ros2_ws/build/dd_robot
[1.220s] Level 1:colcon.colcon_core.environment:checking '/home/rakesh/ros2_ws/install/dd_robot' for CMake module files
[1.221s] Level 1:colcon.colcon_core.environment:checking '/home/rakesh/ros2_ws/install/dd_robot' for CMake config files
[1.222s] Level 1:colcon.colcon_core.shell:create_environment_hook('dd_robot', 'cmake_prefix_path')
[1.222s] INFO:colcon.colcon_core.shell:Creating environment hook '/home/rakesh/ros2_ws/install/dd_robot/share/dd_robot/hook/cmake_prefix_path.ps1'
[1.223s] INFO:colcon.colcon_core.shell:Creating environment descriptor '/home/rakesh/ros2_ws/install/dd_robot/share/dd_robot/hook/cmake_prefix_path.dsv'
[1.223s] INFO:colcon.colcon_core.shell:Creating environment hook '/home/rakesh/ros2_ws/install/dd_robot/share/dd_robot/hook/cmake_prefix_path.sh'
[1.225s] Level 1:colcon.colcon_core.environment:checking '/home/rakesh/ros2_ws/install/dd_robot/bin'
[1.225s] Level 1:colcon.colcon_core.environment:checking '/home/rakesh/ros2_ws/install/dd_robot/lib/pkgconfig/dd_robot.pc'
[1.225s] Level 1:colcon.colcon_core.environment:checking '/home/rakesh/ros2_ws/install/dd_robot/lib/python3.12/site-packages'
[1.225s] Level 1:colcon.colcon_core.environment:checking '/home/rakesh/ros2_ws/install/dd_robot/bin'
[1.225s] INFO:colcon.colcon_core.shell:Creating package script '/home/rakesh/ros2_ws/install/dd_robot/share/dd_robot/package.ps1'
[1.226s] INFO:colcon.colcon_core.shell:Creating package descriptor '/home/rakesh/ros2_ws/install/dd_robot/share/dd_robot/package.dsv'
[1.227s] INFO:colcon.colcon_core.shell:Creating package script '/home/rakesh/ros2_ws/install/dd_robot/share/dd_robot/package.sh'
[1.228s] INFO:colcon.colcon_core.shell:Creating package script '/home/rakesh/ros2_ws/install/dd_robot/share/dd_robot/package.bash'
[1.229s] INFO:colcon.colcon_core.shell:Creating package script '/home/rakesh/ros2_ws/install/dd_robot/share/dd_robot/package.zsh'
[1.230s] Level 1:colcon.colcon_core.environment:create_file_with_runtime_dependencies(/home/rakesh/ros2_ws/install/dd_robot/share/colcon-core/packages/dd_robot)
[1.231s] Level 1:colcon.colcon_core.environment:create_environment_scripts_only(dd_robot)
[1.231s] Level 1:colcon.colcon_core.environment:checking '/home/rakesh/ros2_ws/install/dd_robot' for CMake module files
[1.232s] Level 1:colcon.colcon_core.environment:checking '/home/rakesh/ros2_ws/install/dd_robot' for CMake config files
[1.233s] Level 1:colcon.colcon_core.shell:create_environment_hook('dd_robot', 'cmake_prefix_path')
[1.233s] INFO:colcon.colcon_core.shell:Creating environment hook '/home/rakesh/ros2_ws/install/dd_robot/share/dd_robot/hook/cmake_prefix_path.ps1'
[1.233s] INFO:colcon.colcon_core.shell:Creating environment descriptor '/home/rakesh/ros2_ws/install/dd_robot/share/dd_robot/hook/cmake_prefix_path.dsv'
[1.234s] INFO:colcon.colcon_core.shell:Creating environment hook '/home/rakesh/ros2_ws/install/dd_robot/share/dd_robot/hook/cmake_prefix_path.sh'
[1.234s] Level 1:colcon.colcon_core.environment:checking '/home/rakesh/ros2_ws/install/dd_robot/bin'
[1.234s] Level 1:colcon.colcon_core.environment:checking '/home/rakesh/ros2_ws/install/dd_robot/lib/pkgconfig/dd_robot.pc'
[1.235s] Level 1:colcon.colcon_core.environment:checking '/home/rakesh/ros2_ws/install/dd_robot/lib/python3.12/site-packages'
[1.235s] Level 1:colcon.colcon_core.environment:checking '/home/rakesh/ros2_ws/install/dd_robot/bin'
[1.235s] INFO:colcon.colcon_core.shell:Creating package script '/home/rakesh/ros2_ws/install/dd_robot/share/dd_robot/package.ps1'
[1.236s] INFO:colcon.colcon_core.shell:Creating package descriptor '/home/rakesh/ros2_ws/install/dd_robot/share/dd_robot/package.dsv'
[1.236s] INFO:colcon.colcon_core.shell:Creating package script '/home/rakesh/ros2_ws/install/dd_robot/share/dd_robot/package.sh'
[1.236s] INFO:colcon.colcon_core.shell:Creating package script '/home/rakesh/ros2_ws/install/dd_robot/share/dd_robot/package.bash'
[1.237s] INFO:colcon.colcon_core.shell:Creating package script '/home/rakesh/ros2_ws/install/dd_robot/share/dd_robot/package.zsh'
[1.237s] Level 1:colcon.colcon_core.environment:create_file_with_runtime_dependencies(/home/rakesh/ros2_ws/install/dd_robot/share/colcon-core/packages/dd_robot)
[1.238s] DEBUG:colcon.colcon_parallel_executor.executor.parallel:closing loop
[1.238s] DEBUG:colcon.colcon_parallel_executor.executor.parallel:loop closed
[1.238s] DEBUG:colcon.colcon_parallel_executor.executor.parallel:run_until_complete finished with '0'
[1.238s] DEBUG:colcon.colcon_core.event_reactor:joining thread
[1.251s] INFO:colcon.colcon_core.plugin_system:Skipping extension 'colcon_notification.desktop_notification.terminal_notifier': Not used on non-Darwin systems
[1.251s] INFO:colcon.colcon_core.plugin_system:Skipping extension 'colcon_notification.desktop_notification.win32': Not used on non-Windows systems
[1.251s] INFO:colcon.colcon_notification.desktop_notification:Sending desktop notification using 'notify2'
[1.295s] DEBUG:colcon.colcon_core.event_reactor:joined thread
[1.295s] INFO:colcon.colcon_core.shell:Creating prefix script '/home/rakesh/ros2_ws/install/local_setup.ps1'
[1.296s] INFO:colcon.colcon_core.shell:Creating prefix util module '/home/rakesh/ros2_ws/install/_local_setup_util_ps1.py'
[1.298s] INFO:colcon.colcon_core.shell:Creating prefix chain script '/home/rakesh/ros2_ws/install/setup.ps1'
[1.299s] INFO:colcon.colcon_core.shell:Creating prefix script '/home/rakesh/ros2_ws/install/local_setup.sh'
[1.300s] INFO:colcon.colcon_core.shell:Creating prefix util module '/home/rakesh/ros2_ws/install/_local_setup_util_sh.py'
[1.300s] INFO:colcon.colcon_core.shell:Creating prefix chain script '/home/rakesh/ros2_ws/install/setup.sh'
[1.301s] INFO:colcon.colcon_core.shell:Creating prefix script '/home/rakesh/ros2_ws/install/local_setup.bash'
[1.302s] INFO:colcon.colcon_core.shell:Creating prefix chain script '/home/rakesh/ros2_ws/install/setup.bash'
[1.304s] INFO:colcon.colcon_core.shell:Creating prefix script '/home/rakesh/ros2_ws/install/local_setup.zsh'
[1.304s] INFO:colcon.colcon_core.shell:Creating prefix chain script '/home/rakesh/ros2_ws/install/setup.zsh'
