[0.000000] (-) TimerEvent: {}
[0.000212] (dd_robot) JobQueued: {'identifier': 'dd_robot', 'dependencies': OrderedDict()}
[0.000310] (dd_robot) JobStarted: {'identifier': 'dd_robot'}
[0.013794] (dd_robot) JobProgress: {'identifier': 'dd_robot', 'progress': 'cmake'}
[0.015194] (dd_robot) JobProgress: {'identifier': 'dd_robot', 'progress': 'build'}
[0.015242] (dd_robot) Command: {'cmd': ['/usr/bin/cmake', '--build', '/home/rakesh/ros2_ws/build/dd_robot', '--', '-j12', '-l12'], 'cwd': '/home/rakesh/ros2_ws/build/dd_robot', 'env': OrderedDict({'GZ_SIM_SYSTEM_PLUGIN_PATH': ':/home/rakesh/opt/ros/jazzy/share/gz_ros2_control:/opt/ros/jazzy/lib', 'GJS_DEBUG_TOPICS': 'JS ERROR;JS LOG', 'XDG_ACTIVATION_TOKEN': 'gnome-shell/Terminator/2891-0-rakesh-HP-Pavilion-Laptop-15-eh1xxx_TIME30029', 'GZ_SIM_RESOURCE_PATH': '/opt/ros/jazzy/share:/home/rakesh/practice/src/unitree_go2_ros2/unitree_go2_description/worlds:/home/rakesh/ros2_ws/src/differential_drive/dd_robot/worlds', 'USER': 'rakesh', 'GZ_CONFIG_PATH': '/opt/ros/jazzy/opt/gz_sim_vendor/share/gz:/opt/ros/jazzy/opt/sdformat_vendor/share/gz:/opt/ros/jazzy/opt/gz_gui_vendor/share/gz:/opt/ros/jazzy/opt/gz_transport_vendor/share/gz:/opt/ros/jazzy/opt/gz_rendering_vendor/share/gz:/opt/ros/jazzy/opt/gz_plugin_vendor/share/gz:/opt/ros/jazzy/opt/gz_fuel_tools_vendor/share/gz:/opt/ros/jazzy/opt/gz_msgs_vendor/share/gz:/opt/ros/jazzy/opt/gz_common_vendor/share/gz', 'XDG_SESSION_TYPE': 'x11', 'CLUTTER_DISABLE_MIPMAPPED_TEXT': '1', 'SHLVL': '1', 'LD_LIBRARY_PATH': '/opt/ros/jazzy/opt/gz_sim_vendor/lib:/opt/ros/jazzy/opt/gz_sensors_vendor/lib:/opt/ros/jazzy/opt/gz_physics_vendor/lib:/opt/ros/jazzy/opt/sdformat_vendor/lib:/opt/ros/jazzy/opt/rviz_ogre_vendor/lib:/opt/ros/jazzy/lib/x86_64-linux-gnu:/opt/ros/jazzy/opt/gz_gui_vendor/lib:/opt/ros/jazzy/opt/gz_transport_vendor/lib:/opt/ros/jazzy/opt/gz_rendering_vendor/lib:/opt/ros/jazzy/opt/gz_plugin_vendor/lib:/opt/ros/jazzy/opt/gz_fuel_tools_vendor/lib:/opt/ros/jazzy/opt/gz_msgs_vendor/lib:/opt/ros/jazzy/opt/gz_common_vendor/lib:/opt/ros/jazzy/opt/gz_math_vendor/lib:/opt/ros/jazzy/opt/gz_utils_vendor/lib:/opt/ros/jazzy/opt/gz_tools_vendor/lib:/opt/ros/jazzy/opt/gz_ogre_next_vendor/lib:/opt/ros/jazzy/opt/gz_dartsim_vendor/lib:/opt/ros/jazzy/opt/gz_cmake_vendor/lib:/opt/ros/jazzy/lib:/opt/ros/jazzy/lib:/opt/unitree_robotics/lib:', 'HOME': '/home/rakesh', 'OLDPWD': '/home/rakesh', 'DESKTOP_SESSION': 'ubuntu-xorg', 'GIO_LAUNCHED_DESKTOP_FILE': '/usr/share/applications/terminator.desktop', 'ROS_PYTHON_VERSION': '3', 'GNOME_SHELL_SESSION_MODE': 'ubuntu', 'GTK_MODULES': 'gail:atk-bridge', 'MANAGERPID': '2488', 'SYSTEMD_EXEC_PID': '2891', 'GSM_SKIP_SSH_AGENT_WORKAROUND': 'true', 'DBUS_SESSION_BUS_ADDRESS': 'unix:path=/run/user/1000/bus', 'COLORTERM': 'truecolor', 'TERMINATOR_DBUS_NAME': 'net.tenshu.Terminator21a9d5db22c73a993ff0b42f64b396873', 'GIO_LAUNCHED_DESKTOP_FILE_PID': '3678', 'DEBUGINFOD_URLS': 'https://debuginfod.ubuntu.com', 'COLCON_PREFIX_PATH': '/home/rakesh/ros2_ws/install', 'ROS_DISTRO': 'jazzy', 'LOGNAME': 'rakesh', 'JOURNAL_STREAM': '9:25851', '_': '/usr/bin/colcon', 'ROS_VERSION': '2', 'MEMORY_PRESSURE_WATCH': '/sys/fs/cgroup/user.slice/user-1000.slice/user@1000.service/session.slice/org.gnome.Shell@x11.service/memory.pressure', 'XDG_SESSION_CLASS': 'user', 'USERNAME': 'rakesh', 'TERM': 'xterm-256color', 'GAZEBO_MODEL_PATH': '/opt/ros/jazzy/share/:/home/rakesh/go2_ws/src/go2_description:', 'GNOME_DESKTOP_SESSION_ID': 'this-is-deprecated', 'WINDOWPATH': '2', 'PATH': '/opt/ros/jazzy/opt/gz_msgs_vendor/bin:/opt/ros/jazzy/opt/gz_tools_vendor/bin:/opt/ros/jazzy/opt/gz_ogre_next_vendor/bin:/opt/ros/jazzy/bin:/opt/unitree_robotics/bin:/usr/local/sbin:/usr/local/bin:/usr/sbin:/usr/bin:/sbin:/bin:/usr/games:/usr/local/games:/snap/bin:/snap/bin', 'SESSION_MANAGER': 'local/rakesh-HP-Pavilion-Laptop-15-eh1xxx:@/tmp/.ICE-unix/2860,unix/rakesh-HP-Pavilion-Laptop-15-eh1xxx:/tmp/.ICE-unix/2860', 'INVOCATION_ID': '0f3c378b71de4a7c83fd047eab199a2e', 'XDG_MENU_PREFIX': 'gnome-', 'XDG_RUNTIME_DIR': '/run/user/1000', 'DISPLAY': ':0', 'TERMINATOR_DBUS_PATH': '/net/tenshu/Terminator2', 'LANG': 'en_US.UTF-8', 'XDG_CURRENT_DESKTOP': 'ubuntu:GNOME', 'XMODIFIERS': '@im=ibus', 'XDG_SESSION_DESKTOP': 'ubuntu-xorg', 'XAUTHORITY': '/run/user/1000/gdm/Xauthority', 'SSH_AUTH_SOCK': '/run/user/1000/keyring/ssh', 'AMENT_PREFIX_PATH': '/home/rakesh/ros2_ws/install/dd_robot:/opt/ros/jazzy:', 'SHELL': '/bin/bash', 'IGN_GAZEBO_SYSTEM_PLUGIN_PATH': ':/home/rakesh/home/rakesh/gazebo_ros2_control', 'TERMINATOR_UUID': 'urn:uuid:ae83d796-dd8e-4328-a640-1b9c2638ae58', 'QT_ACCESSIBILITY': '1', 'GDMSESSION': 'ubuntu-xorg', 'GPG_AGENT_INFO': '/run/user/1000/gnupg/S.gpg-agent:0:1', 'GJS_DEBUG_OUTPUT': 'stderr', 'ROS_AUTOMATIC_DISCOVERY_RANGE': 'SUBNET', 'QT_IM_MODULE': 'ibus', 'PWD': '/home/rakesh/ros2_ws/build/dd_robot', 'TURTLEBOT3_MODEL': 'waffle', 'LC_ALL': 'en_US.UTF-8', 'XDG_CONFIG_DIRS': '/etc/xdg/xdg-ubuntu-xorg:/etc/xdg', 'GAZEBO_PLUGIN_PATH': '/home/rakesh/home/rakesh/unitree_ros2/lib:/home/rakesh/home/rakesh/unitree_ros2/lib:/opt/ros/jazzy/lib:', 'XDG_DATA_DIRS': '/usr/share/ubuntu-xorg:/usr/share/gnome:/home/rakesh/.local/share/flatpak/exports/share:/var/lib/flatpak/exports/share:/usr/local/share/:/usr/share/:/var/lib/snapd/desktop', 'PYTHONPATH': '/opt/ros/jazzy/lib/python3.12/site-packages', 'COLCON': '1', 'MEMORY_PRESSURE_WRITE': 'c29tZSAyMDAwMDAgMjAwMDAwMAA=', 'VTE_VERSION': '7600', 'GZ_SIM_PHYSICS_ENGINE_PATH': '/usr/lib/x86_64-linux-gnu/gz-physics-6/engine-plugins', 'CMAKE_PREFIX_PATH': '/home/rakesh/ros2_ws/install/dd_robot:/opt/ros/jazzy/opt/gz_sim_vendor:/opt/ros/jazzy/opt/gz_sensors_vendor:/opt/ros/jazzy/opt/gz_physics_vendor:/opt/ros/jazzy/opt/sdformat_vendor:/opt/ros/jazzy/opt/gz_gui_vendor:/opt/ros/jazzy/opt/gz_transport_vendor:/opt/ros/jazzy/opt/gz_rendering_vendor:/opt/ros/jazzy/opt/gz_plugin_vendor:/opt/ros/jazzy/opt/gz_fuel_tools_vendor:/opt/ros/jazzy/opt/gz_msgs_vendor:/opt/ros/jazzy/opt/gz_common_vendor:/opt/ros/jazzy/opt/gz_math_vendor:/opt/ros/jazzy/opt/gz_utils_vendor:/opt/ros/jazzy/opt/gz_tools_vendor:/opt/ros/jazzy/opt/gz_ogre_next_vendor:/opt/ros/jazzy/opt/gz_dartsim_vendor:/opt/ros/jazzy/opt/gz_cmake_vendor:/opt/ros/jazzy:'}), 'shell': False}
[0.093835] (dd_robot) CommandEnded: {'returncode': 0}
[0.095088] (dd_robot) JobProgress: {'identifier': 'dd_robot', 'progress': 'install'}
[0.099199] (-) TimerEvent: {}
[0.109616] (dd_robot) Command: {'cmd': ['/usr/bin/cmake', '--install', '/home/rakesh/ros2_ws/build/dd_robot'], 'cwd': '/home/rakesh/ros2_ws/build/dd_robot', 'env': OrderedDict({'GZ_SIM_SYSTEM_PLUGIN_PATH': ':/home/rakesh/opt/ros/jazzy/share/gz_ros2_control:/opt/ros/jazzy/lib', 'GJS_DEBUG_TOPICS': 'JS ERROR;JS LOG', 'XDG_ACTIVATION_TOKEN': 'gnome-shell/Terminator/2891-0-rakesh-HP-Pavilion-Laptop-15-eh1xxx_TIME30029', 'GZ_SIM_RESOURCE_PATH': '/opt/ros/jazzy/share:/home/rakesh/practice/src/unitree_go2_ros2/unitree_go2_description/worlds:/home/rakesh/ros2_ws/src/differential_drive/dd_robot/worlds', 'USER': 'rakesh', 'GZ_CONFIG_PATH': '/opt/ros/jazzy/opt/gz_sim_vendor/share/gz:/opt/ros/jazzy/opt/sdformat_vendor/share/gz:/opt/ros/jazzy/opt/gz_gui_vendor/share/gz:/opt/ros/jazzy/opt/gz_transport_vendor/share/gz:/opt/ros/jazzy/opt/gz_rendering_vendor/share/gz:/opt/ros/jazzy/opt/gz_plugin_vendor/share/gz:/opt/ros/jazzy/opt/gz_fuel_tools_vendor/share/gz:/opt/ros/jazzy/opt/gz_msgs_vendor/share/gz:/opt/ros/jazzy/opt/gz_common_vendor/share/gz', 'XDG_SESSION_TYPE': 'x11', 'CLUTTER_DISABLE_MIPMAPPED_TEXT': '1', 'SHLVL': '1', 'LD_LIBRARY_PATH': '/opt/ros/jazzy/opt/gz_sim_vendor/lib:/opt/ros/jazzy/opt/gz_sensors_vendor/lib:/opt/ros/jazzy/opt/gz_physics_vendor/lib:/opt/ros/jazzy/opt/sdformat_vendor/lib:/opt/ros/jazzy/opt/rviz_ogre_vendor/lib:/opt/ros/jazzy/lib/x86_64-linux-gnu:/opt/ros/jazzy/opt/gz_gui_vendor/lib:/opt/ros/jazzy/opt/gz_transport_vendor/lib:/opt/ros/jazzy/opt/gz_rendering_vendor/lib:/opt/ros/jazzy/opt/gz_plugin_vendor/lib:/opt/ros/jazzy/opt/gz_fuel_tools_vendor/lib:/opt/ros/jazzy/opt/gz_msgs_vendor/lib:/opt/ros/jazzy/opt/gz_common_vendor/lib:/opt/ros/jazzy/opt/gz_math_vendor/lib:/opt/ros/jazzy/opt/gz_utils_vendor/lib:/opt/ros/jazzy/opt/gz_tools_vendor/lib:/opt/ros/jazzy/opt/gz_ogre_next_vendor/lib:/opt/ros/jazzy/opt/gz_dartsim_vendor/lib:/opt/ros/jazzy/opt/gz_cmake_vendor/lib:/opt/ros/jazzy/lib:/opt/ros/jazzy/lib:/opt/unitree_robotics/lib:', 'HOME': '/home/rakesh', 'OLDPWD': '/home/rakesh', 'DESKTOP_SESSION': 'ubuntu-xorg', 'GIO_LAUNCHED_DESKTOP_FILE': '/usr/share/applications/terminator.desktop', 'ROS_PYTHON_VERSION': '3', 'GNOME_SHELL_SESSION_MODE': 'ubuntu', 'GTK_MODULES': 'gail:atk-bridge', 'MANAGERPID': '2488', 'SYSTEMD_EXEC_PID': '2891', 'GSM_SKIP_SSH_AGENT_WORKAROUND': 'true', 'DBUS_SESSION_BUS_ADDRESS': 'unix:path=/run/user/1000/bus', 'COLORTERM': 'truecolor', 'TERMINATOR_DBUS_NAME': 'net.tenshu.Terminator21a9d5db22c73a993ff0b42f64b396873', 'GIO_LAUNCHED_DESKTOP_FILE_PID': '3678', 'DEBUGINFOD_URLS': 'https://debuginfod.ubuntu.com', 'COLCON_PREFIX_PATH': '/home/rakesh/ros2_ws/install', 'ROS_DISTRO': 'jazzy', 'LOGNAME': 'rakesh', 'JOURNAL_STREAM': '9:25851', '_': '/usr/bin/colcon', 'ROS_VERSION': '2', 'MEMORY_PRESSURE_WATCH': '/sys/fs/cgroup/user.slice/user-1000.slice/user@1000.service/session.slice/org.gnome.Shell@x11.service/memory.pressure', 'XDG_SESSION_CLASS': 'user', 'USERNAME': 'rakesh', 'TERM': 'xterm-256color', 'GAZEBO_MODEL_PATH': '/opt/ros/jazzy/share/:/home/rakesh/go2_ws/src/go2_description:', 'GNOME_DESKTOP_SESSION_ID': 'this-is-deprecated', 'WINDOWPATH': '2', 'PATH': '/opt/ros/jazzy/opt/gz_msgs_vendor/bin:/opt/ros/jazzy/opt/gz_tools_vendor/bin:/opt/ros/jazzy/opt/gz_ogre_next_vendor/bin:/opt/ros/jazzy/bin:/opt/unitree_robotics/bin:/usr/local/sbin:/usr/local/bin:/usr/sbin:/usr/bin:/sbin:/bin:/usr/games:/usr/local/games:/snap/bin:/snap/bin', 'SESSION_MANAGER': 'local/rakesh-HP-Pavilion-Laptop-15-eh1xxx:@/tmp/.ICE-unix/2860,unix/rakesh-HP-Pavilion-Laptop-15-eh1xxx:/tmp/.ICE-unix/2860', 'INVOCATION_ID': '0f3c378b71de4a7c83fd047eab199a2e', 'XDG_MENU_PREFIX': 'gnome-', 'XDG_RUNTIME_DIR': '/run/user/1000', 'DISPLAY': ':0', 'TERMINATOR_DBUS_PATH': '/net/tenshu/Terminator2', 'LANG': 'en_US.UTF-8', 'XDG_CURRENT_DESKTOP': 'ubuntu:GNOME', 'XMODIFIERS': '@im=ibus', 'XDG_SESSION_DESKTOP': 'ubuntu-xorg', 'XAUTHORITY': '/run/user/1000/gdm/Xauthority', 'SSH_AUTH_SOCK': '/run/user/1000/keyring/ssh', 'AMENT_PREFIX_PATH': '/home/rakesh/ros2_ws/install/dd_robot:/opt/ros/jazzy:', 'SHELL': '/bin/bash', 'IGN_GAZEBO_SYSTEM_PLUGIN_PATH': ':/home/rakesh/home/rakesh/gazebo_ros2_control', 'TERMINATOR_UUID': 'urn:uuid:ae83d796-dd8e-4328-a640-1b9c2638ae58', 'QT_ACCESSIBILITY': '1', 'GDMSESSION': 'ubuntu-xorg', 'GPG_AGENT_INFO': '/run/user/1000/gnupg/S.gpg-agent:0:1', 'GJS_DEBUG_OUTPUT': 'stderr', 'ROS_AUTOMATIC_DISCOVERY_RANGE': 'SUBNET', 'QT_IM_MODULE': 'ibus', 'PWD': '/home/rakesh/ros2_ws/build/dd_robot', 'TURTLEBOT3_MODEL': 'waffle', 'LC_ALL': 'en_US.UTF-8', 'XDG_CONFIG_DIRS': '/etc/xdg/xdg-ubuntu-xorg:/etc/xdg', 'GAZEBO_PLUGIN_PATH': '/home/rakesh/home/rakesh/unitree_ros2/lib:/home/rakesh/home/rakesh/unitree_ros2/lib:/opt/ros/jazzy/lib:', 'XDG_DATA_DIRS': '/usr/share/ubuntu-xorg:/usr/share/gnome:/home/rakesh/.local/share/flatpak/exports/share:/var/lib/flatpak/exports/share:/usr/local/share/:/usr/share/:/var/lib/snapd/desktop', 'PYTHONPATH': '/opt/ros/jazzy/lib/python3.12/site-packages', 'COLCON': '1', 'MEMORY_PRESSURE_WRITE': 'c29tZSAyMDAwMDAgMjAwMDAwMAA=', 'VTE_VERSION': '7600', 'GZ_SIM_PHYSICS_ENGINE_PATH': '/usr/lib/x86_64-linux-gnu/gz-physics-6/engine-plugins', 'CMAKE_PREFIX_PATH': '/home/rakesh/ros2_ws/install/dd_robot:/opt/ros/jazzy/opt/gz_sim_vendor:/opt/ros/jazzy/opt/gz_sensors_vendor:/opt/ros/jazzy/opt/gz_physics_vendor:/opt/ros/jazzy/opt/sdformat_vendor:/opt/ros/jazzy/opt/gz_gui_vendor:/opt/ros/jazzy/opt/gz_transport_vendor:/opt/ros/jazzy/opt/gz_rendering_vendor:/opt/ros/jazzy/opt/gz_plugin_vendor:/opt/ros/jazzy/opt/gz_fuel_tools_vendor:/opt/ros/jazzy/opt/gz_msgs_vendor:/opt/ros/jazzy/opt/gz_common_vendor:/opt/ros/jazzy/opt/gz_math_vendor:/opt/ros/jazzy/opt/gz_utils_vendor:/opt/ros/jazzy/opt/gz_tools_vendor:/opt/ros/jazzy/opt/gz_ogre_next_vendor:/opt/ros/jazzy/opt/gz_dartsim_vendor:/opt/ros/jazzy/opt/gz_cmake_vendor:/opt/ros/jazzy:'}), 'shell': False}
[0.121861] (dd_robot) StdoutLine: {'line': b'-- Install configuration: ""\n'}
[0.122452] (dd_robot) StdoutLine: {'line': b'-- Up-to-date: /home/rakesh/ros2_ws/install/dd_robot/share/dd_robot//urdf\n'}
[0.122895] (dd_robot) StdoutLine: {'line': b'-- Up-to-date: /home/rakesh/ros2_ws/install/dd_robot/share/dd_robot//urdf/common_properties.xacro\n'}
[0.123130] (dd_robot) StdoutLine: {'line': b'-- Up-to-date: /home/rakesh/ros2_ws/install/dd_robot/share/dd_robot//urdf/robot_control.xacro\n'}
[0.123289] (dd_robot) StdoutLine: {'line': b'-- Up-to-date: /home/rakesh/ros2_ws/install/dd_robot/share/dd_robot//urdf/mobile_base_gazebo.sdf\n'}
[0.123406] (dd_robot) StdoutLine: {'line': b'-- Up-to-date: /home/rakesh/ros2_ws/install/dd_robot/share/dd_robot//urdf/mobile_base.sdf\n'}
[0.123520] (dd_robot) StdoutLine: {'line': b'-- Installing: /home/rakesh/ros2_ws/install/dd_robot/share/dd_robot//urdf/mobile_base_gazebo.xacro\n'}
[0.123759] (dd_robot) StdoutLine: {'line': b'-- Up-to-date: /home/rakesh/ros2_ws/install/dd_robot/share/dd_robot//urdf/mobile_base.xacro\n'}
[0.123895] (dd_robot) StdoutLine: {'line': b'-- Up-to-date: /home/rakesh/ros2_ws/install/dd_robot/share/dd_robot//urdf/transmission.xacro\n'}
[0.124009] (dd_robot) StdoutLine: {'line': b'-- Up-to-date: /home/rakesh/ros2_ws/install/dd_robot/share/dd_robot//urdf/robot.urdf.xacro\n'}
[0.124122] (dd_robot) StdoutLine: {'line': b'-- Up-to-date: /home/rakesh/ros2_ws/install/dd_robot/share/dd_robot//launch\n'}
[0.124260] (dd_robot) StdoutLine: {'line': b'-- Up-to-date: /home/rakesh/ros2_ws/install/dd_robot/share/dd_robot//launch/display.launch.py\n'}
[0.124331] (dd_robot) StdoutLine: {'line': b'-- Up-to-date: /home/rakesh/ros2_ws/install/dd_robot/share/dd_robot//launch/display.launch.xml\n'}
[0.124455] (dd_robot) StdoutLine: {'line': b'-- Up-to-date: /home/rakesh/ros2_ws/install/dd_robot/share/dd_robot//launch/nav2.launch.py\n'}
[0.124514] (dd_robot) StdoutLine: {'line': b'-- Up-to-date: /home/rakesh/ros2_ws/install/dd_robot/share/dd_robot//rviz\n'}
[0.124572] (dd_robot) StdoutLine: {'line': b'-- Up-to-date: /home/rakesh/ros2_ws/install/dd_robot/share/dd_robot//rviz/robot.rviz\n'}
[0.124629] (dd_robot) StdoutLine: {'line': b'-- Up-to-date: /home/rakesh/ros2_ws/install/dd_robot/share/dd_robot//rviz/dd_robot.rviz\n'}
[0.124687] (dd_robot) StdoutLine: {'line': b'-- Up-to-date: /home/rakesh/ros2_ws/install/dd_robot/share/dd_robot//config\n'}
[0.124749] (dd_robot) StdoutLine: {'line': b'-- Up-to-date: /home/rakesh/ros2_ws/install/dd_robot/share/dd_robot//config/nav2_costmap.yaml\n'}
[0.124806] (dd_robot) StdoutLine: {'line': b'-- Up-to-date: /home/rakesh/ros2_ws/install/dd_robot/share/dd_robot//config/ekf.yaml\n'}
[0.124864] (dd_robot) StdoutLine: {'line': b'-- Up-to-date: /home/rakesh/ros2_ws/install/dd_robot/share/dd_robot//config/slam_params.yaml\n'}
[0.124921] (dd_robot) StdoutLine: {'line': b'-- Up-to-date: /home/rakesh/ros2_ws/install/dd_robot/share/dd_robot//config/nav2_params.yaml\n'}
[0.124979] (dd_robot) StdoutLine: {'line': b'-- Up-to-date: /home/rakesh/ros2_ws/install/dd_robot/share/dd_robot//config/gazebo_bridge.yaml\n'}
[0.126183] (dd_robot) StdoutLine: {'line': b'-- Up-to-date: /home/rakesh/ros2_ws/install/dd_robot/share/dd_robot//config/dd_control.yaml\n'}
[0.126284] (dd_robot) StdoutLine: {'line': b'-- Up-to-date: /home/rakesh/ros2_ws/install/dd_robot/share/dd_robot//worlds\n'}
[0.126913] (dd_robot) StdoutLine: {'line': b'-- Up-to-date: /home/rakesh/ros2_ws/install/dd_robot/share/dd_robot//worlds/model.sdf\n'}
[0.127025] (dd_robot) StdoutLine: {'line': b'-- Up-to-date: /home/rakesh/ros2_ws/install/dd_robot/share/dd_robot//worlds/thumbnails\n'}
[0.127093] (dd_robot) StdoutLine: {'line': b'-- Up-to-date: /home/rakesh/ros2_ws/install/dd_robot/share/dd_robot//worlds/thumbnails/2.png\n'}
[0.127239] (dd_robot) StdoutLine: {'line': b'-- Up-to-date: /home/rakesh/ros2_ws/install/dd_robot/share/dd_robot//worlds/thumbnails/1.png\n'}
[0.127323] (dd_robot) StdoutLine: {'line': b'-- Up-to-date: /home/rakesh/ros2_ws/install/dd_robot/share/dd_robot//worlds/thumbnails/3.png\n'}
[0.127391] (dd_robot) StdoutLine: {'line': b'-- Up-to-date: /home/rakesh/ros2_ws/install/dd_robot/share/dd_robot//worlds/thumbnails/0.png\n'}
[0.127506] (dd_robot) StdoutLine: {'line': b'-- Up-to-date: /home/rakesh/ros2_ws/install/dd_robot/share/dd_robot//worlds/thumbnails/4.png\n'}
[0.127576] (dd_robot) StdoutLine: {'line': b'-- Up-to-date: /home/rakesh/ros2_ws/install/dd_robot/share/dd_robot//worlds/thumbnails/5.png\n'}
[0.127646] (dd_robot) StdoutLine: {'line': b'-- Up-to-date: /home/rakesh/ros2_ws/install/dd_robot/share/dd_robot//worlds/model.config\n'}
[0.127715] (dd_robot) StdoutLine: {'line': b'-- Up-to-date: /home/rakesh/ros2_ws/install/dd_robot/share/dd_robot//worlds/meshes\n'}
[0.127811] (dd_robot) StdoutLine: {'line': b'-- Up-to-date: /home/rakesh/ros2_ws/install/dd_robot/share/dd_robot//worlds/meshes/Depot.dae\n'}
[0.127873] (dd_robot) StdoutLine: {'line': b'-- Up-to-date: /home/rakesh/ros2_ws/install/dd_robot/share/dd_robot//worlds/meshes/Crates.dae\n'}
[0.127967] (dd_robot) StdoutLine: {'line': b'-- Up-to-date: /home/rakesh/ros2_ws/install/dd_robot/share/dd_robot//worlds/materials\n'}
[0.128053] (dd_robot) StdoutLine: {'line': b'-- Up-to-date: /home/rakesh/ros2_ws/install/dd_robot/share/dd_robot//worlds/materials/scripts\n'}
[0.128170] (dd_robot) StdoutLine: {'line': b'-- Up-to-date: /home/rakesh/ros2_ws/install/dd_robot/share/dd_robot//worlds/materials/scripts/model.material\n'}
[0.128242] (dd_robot) StdoutLine: {'line': b'-- Up-to-date: /home/rakesh/ros2_ws/install/dd_robot/share/dd_robot//worlds/materials/textures\n'}
[0.128343] (dd_robot) StdoutLine: {'line': b'-- Up-to-date: /home/rakesh/ros2_ws/install/dd_robot/share/dd_robot//worlds/materials/textures/STAIRS_Albedo.png\n'}
[0.128417] (dd_robot) StdoutLine: {'line': b'-- Up-to-date: /home/rakesh/ros2_ws/install/dd_robot/share/dd_robot//worlds/materials/textures/INTERCOM_Emissive.png\n'}
[0.128485] (dd_robot) StdoutLine: {'line': b'-- Up-to-date: /home/rakesh/ros2_ws/install/dd_robot/share/dd_robot//worlds/materials/textures/FireAlarmPole_Albedo.png\n'}
[0.128600] (dd_robot) StdoutLine: {'line': b'-- Up-to-date: /home/rakesh/ros2_ws/install/dd_robot/share/dd_robot//worlds/materials/textures/WALLS_Normal.png\n'}
[0.128710] (dd_robot) StdoutLine: {'line': b'-- Up-to-date: /home/rakesh/ros2_ws/install/dd_robot/share/dd_robot//worlds/materials/textures/FANS_Normal.png\n'}
[0.128776] (dd_robot) StdoutLine: {'line': b'-- Up-to-date: /home/rakesh/ros2_ws/install/dd_robot/share/dd_robot//worlds/materials/textures/PILLERS_Normal.png\n'}
[0.128835] (dd_robot) StdoutLine: {'line': b'-- Up-to-date: /home/rakesh/ros2_ws/install/dd_robot/share/dd_robot//worlds/materials/textures/PILLERS_Metalness.png\n'}
[0.128893] (dd_robot) StdoutLine: {'line': b'-- Up-to-date: /home/rakesh/ros2_ws/install/dd_robot/share/dd_robot//worlds/materials/textures/Window_WINDOW_Metallic.png\n'}
[0.128951] (dd_robot) StdoutLine: {'line': b'-- Up-to-date: /home/rakesh/ros2_ws/install/dd_robot/share/dd_robot//worlds/materials/textures/WALLS_Roughness.png\n'}
[0.129013] (dd_robot) StdoutLine: {'line': b'-- Up-to-date: /home/rakesh/ros2_ws/install/dd_robot/share/dd_robot//worlds/materials/textures/Forklift_Forklift_Metallic.png\n'}
[0.129092] (dd_robot) StdoutLine: {'line': b'-- Up-to-date: /home/rakesh/ros2_ws/install/dd_robot/share/dd_robot//worlds/materials/textures/ROOF_Emissive.png\n'}
[0.129183] (dd_robot) StdoutLine: {'line': b'-- Up-to-date: /home/rakesh/ros2_ws/install/dd_robot/share/dd_robot//worlds/materials/textures/FireAlarmPole_Normal.png\n'}
[0.129315] (dd_robot) StdoutLine: {'line': b'-- Up-to-date: /home/rakesh/ros2_ws/install/dd_robot/share/dd_robot//worlds/materials/textures/FLOOR_Roughness.png\n'}
[0.129383] (dd_robot) StdoutLine: {'line': b'-- Up-to-date: /home/rakesh/ros2_ws/install/dd_robot/share/dd_robot//worlds/materials/textures/BOXSET_Metalness.png\n'}
[0.129447] (dd_robot) StdoutLine: {'line': b'-- Up-to-date: /home/rakesh/ros2_ws/install/dd_robot/share/dd_robot//worlds/materials/textures/WALLS_Albedo.png\n'}
[0.129512] (dd_robot) StdoutLine: {'line': b'-- Up-to-date: /home/rakesh/ros2_ws/install/dd_robot/share/dd_robot//worlds/materials/textures/INTERCOM_Albedo.png\n'}
[0.129632] (dd_robot) StdoutLine: {'line': b'-- Up-to-date: /home/rakesh/ros2_ws/install/dd_robot/share/dd_robot//worlds/materials/textures/INTERCOM_Normal.png\n'}
[0.129696] (dd_robot) StdoutLine: {'line': b'-- Up-to-date: /home/rakesh/ros2_ws/install/dd_robot/share/dd_robot//worlds/materials/textures/FireAlarm_Metalness.png\n'}
[0.129759] (dd_robot) StdoutLine: {'line': b'-- Up-to-date: /home/rakesh/ros2_ws/install/dd_robot/share/dd_robot//worlds/materials/textures/FireAlarm_Albedo.png\n'}
[0.129870] (dd_robot) StdoutLine: {'line': b'-- Up-to-date: /home/rakesh/ros2_ws/install/dd_robot/share/dd_robot//worlds/materials/textures/FireAlarmPole_Metalness.png\n'}
[0.129941] (dd_robot) StdoutLine: {'line': b'-- Up-to-date: /home/rakesh/ros2_ws/install/dd_robot/share/dd_robot//worlds/materials/textures/ROOF_Albedo.png\n'}
[0.130004] (dd_robot) StdoutLine: {'line': b'-- Up-to-date: /home/rakesh/ros2_ws/install/dd_robot/share/dd_robot//worlds/materials/textures/FANS_Metalness.png\n'}
[0.130066] (dd_robot) StdoutLine: {'line': b'-- Up-to-date: /home/rakesh/ros2_ws/install/dd_robot/share/dd_robot//worlds/materials/textures/Window_WINDOW_Roughness.png\n'}
[0.130129] (dd_robot) StdoutLine: {'line': b'-- Up-to-date: /home/rakesh/ros2_ws/install/dd_robot/share/dd_robot//worlds/materials/textures/FLOOR_Normal.png\n'}
[0.130207] (dd_robot) StdoutLine: {'line': b'-- Up-to-date: /home/rakesh/ros2_ws/install/dd_robot/share/dd_robot//worlds/materials/textures/ROOF_Normal.png\n'}
[0.130276] (dd_robot) StdoutLine: {'line': b'-- Up-to-date: /home/rakesh/ros2_ws/install/dd_robot/share/dd_robot//worlds/materials/textures/STAIRS_Normal.png\n'}
[0.130338] (dd_robot) StdoutLine: {'line': b'-- Up-to-date: /home/rakesh/ros2_ws/install/dd_robot/share/dd_robot//worlds/materials/textures/STAIRS_Metalness.png\n'}
[0.130400] (dd_robot) StdoutLine: {'line': b'-- Up-to-date: /home/rakesh/ros2_ws/install/dd_robot/share/dd_robot//worlds/materials/textures/BOXSET_Emissive.png\n'}
[0.130523] (dd_robot) StdoutLine: {'line': b'-- Up-to-date: /home/rakesh/ros2_ws/install/dd_robot/share/dd_robot//worlds/materials/textures/Pipes_Normal.png\n'}
[0.130595] (dd_robot) StdoutLine: {'line': b'-- Up-to-date: /home/rakesh/ros2_ws/install/dd_robot/share/dd_robot//worlds/materials/textures/FireAlarmPole_Roughness.png\n'}
[0.130662] (dd_robot) StdoutLine: {'line': b'-- Up-to-date: /home/rakesh/ros2_ws/install/dd_robot/share/dd_robot//worlds/materials/textures/Crates_Crates_Normal.png\n'}
[0.130725] (dd_robot) StdoutLine: {'line': b'-- Up-to-date: /home/rakesh/ros2_ws/install/dd_robot/share/dd_robot//worlds/materials/textures/INTERCOM_Roughness.png\n'}
[0.130788] (dd_robot) StdoutLine: {'line': b'-- Up-to-date: /home/rakesh/ros2_ws/install/dd_robot/share/dd_robot//worlds/materials/textures/BOXSET_Normal.png\n'}
[0.130851] (dd_robot) StdoutLine: {'line': b'-- Up-to-date: /home/rakesh/ros2_ws/install/dd_robot/share/dd_robot//worlds/materials/textures/FireAlarm_Normal.png\n'}
[0.130913] (dd_robot) StdoutLine: {'line': b'-- Up-to-date: /home/rakesh/ros2_ws/install/dd_robot/share/dd_robot//worlds/materials/textures/FLOOR_Albedo.png\n'}
[0.130978] (dd_robot) StdoutLine: {'line': b'-- Up-to-date: /home/rakesh/ros2_ws/install/dd_robot/share/dd_robot//worlds/materials/textures/ROOF_Roughness.png\n'}
[0.131041] (dd_robot) StdoutLine: {'line': b'-- Up-to-date: /home/rakesh/ros2_ws/install/dd_robot/share/dd_robot//worlds/materials/textures/Window_WINDOW_BaseColor.png\n'}
[0.131103] (dd_robot) StdoutLine: {'line': b'-- Up-to-date: /home/rakesh/ros2_ws/install/dd_robot/share/dd_robot//worlds/materials/textures/Pipes_Metalness.png\n'}
[0.131176] (dd_robot) StdoutLine: {'line': b'-- Up-to-date: /home/rakesh/ros2_ws/install/dd_robot/share/dd_robot//worlds/materials/textures/FLOOR_Metalness.png\n'}
[0.131245] (dd_robot) StdoutLine: {'line': b'-- Up-to-date: /home/rakesh/ros2_ws/install/dd_robot/share/dd_robot//worlds/materials/textures/BOXSET_Roughness.png\n'}
[0.131377] (dd_robot) StdoutLine: {'line': b'-- Up-to-date: /home/rakesh/ros2_ws/install/dd_robot/share/dd_robot//worlds/materials/textures/Forklift_Forklift_Roughness.png\n'}
[0.131471] (dd_robot) StdoutLine: {'line': b'-- Up-to-date: /home/rakesh/ros2_ws/install/dd_robot/share/dd_robot//worlds/materials/textures/FANS_Roughness.png\n'}
[0.131535] (dd_robot) StdoutLine: {'line': b'-- Up-to-date: /home/rakesh/ros2_ws/install/dd_robot/share/dd_robot//worlds/materials/textures/Forklift_Forklift_Normal.png\n'}
[0.131597] (dd_robot) StdoutLine: {'line': b'-- Up-to-date: /home/rakesh/ros2_ws/install/dd_robot/share/dd_robot//worlds/materials/textures/Pipes_Roughness.png\n'}
[0.131659] (dd_robot) StdoutLine: {'line': b'-- Up-to-date: /home/rakesh/ros2_ws/install/dd_robot/share/dd_robot//worlds/materials/textures/FanBack_FanBack_BaseColor.png\n'}
[0.131721] (dd_robot) StdoutLine: {'line': b'-- Up-to-date: /home/rakesh/ros2_ws/install/dd_robot/share/dd_robot//worlds/materials/textures/DepotLightmap.png\n'}
[0.131789] (dd_robot) StdoutLine: {'line': b'-- Up-to-date: /home/rakesh/ros2_ws/install/dd_robot/share/dd_robot//worlds/materials/textures/ROOF_Metalness.png\n'}
[0.131853] (dd_robot) StdoutLine: {'line': b'-- Up-to-date: /home/rakesh/ros2_ws/install/dd_robot/share/dd_robot//worlds/materials/textures/Crates_Crates_Roughness.png\n'}
[0.131919] (dd_robot) StdoutLine: {'line': b'-- Up-to-date: /home/rakesh/ros2_ws/install/dd_robot/share/dd_robot//worlds/materials/textures/FireAlarm_Roughness.png\n'}
[0.131984] (dd_robot) StdoutLine: {'line': b'-- Up-to-date: /home/rakesh/ros2_ws/install/dd_robot/share/dd_robot//worlds/materials/textures/Crates_Crates_BaseColor.png\n'}
[0.132046] (dd_robot) StdoutLine: {'line': b'-- Up-to-date: /home/rakesh/ros2_ws/install/dd_robot/share/dd_robot//worlds/materials/textures/STAIRS_Roughness.png\n'}
[0.132131] (dd_robot) StdoutLine: {'line': b'-- Up-to-date: /home/rakesh/ros2_ws/install/dd_robot/share/dd_robot//worlds/materials/textures/FANS_Albedo.png\n'}
[0.132208] (dd_robot) StdoutLine: {'line': b'-- Up-to-date: /home/rakesh/ros2_ws/install/dd_robot/share/dd_robot//worlds/materials/textures/Forklift_Forklift_BaseColor.png\n'}
[0.132271] (dd_robot) StdoutLine: {'line': b'-- Up-to-date: /home/rakesh/ros2_ws/install/dd_robot/share/dd_robot//worlds/materials/textures/PILLERS_Albedo.png\n'}
[0.132328] (dd_robot) StdoutLine: {'line': b'-- Up-to-date: /home/rakesh/ros2_ws/install/dd_robot/share/dd_robot//worlds/materials/textures/PILLERS_Roughness.png\n'}
[0.132386] (dd_robot) StdoutLine: {'line': b'-- Up-to-date: /home/rakesh/ros2_ws/install/dd_robot/share/dd_robot//worlds/materials/textures/Pipes_Albedo.png\n'}
[0.132450] (dd_robot) StdoutLine: {'line': b'-- Up-to-date: /home/rakesh/ros2_ws/install/dd_robot/share/dd_robot//worlds/materials/textures/WALLS_Metalness.png\n'}
[0.132507] (dd_robot) StdoutLine: {'line': b'-- Up-to-date: /home/rakesh/ros2_ws/install/dd_robot/share/dd_robot//worlds/materials/textures/INTERCOM_Metalness.png\n'}
[0.132564] (dd_robot) StdoutLine: {'line': b'-- Up-to-date: /home/rakesh/ros2_ws/install/dd_robot/share/dd_robot//worlds/materials/textures/BOXSET_Albedo.png\n'}
[0.132621] (dd_robot) StdoutLine: {'line': b'-- Up-to-date: /home/rakesh/ros2_ws/install/dd_robot/share/dd_robot//scripts\n'}
[0.132684] (dd_robot) StdoutLine: {'line': b'-- Up-to-date: /home/rakesh/ros2_ws/install/dd_robot/share/dd_robot//scripts/nav2_test.py\n'}
[0.132753] (dd_robot) StdoutLine: {'line': b'-- Up-to-date: /home/rakesh/ros2_ws/install/dd_robot/share/ament_index/resource_index/package_run_dependencies/dd_robot\n'}
[0.132814] (dd_robot) StdoutLine: {'line': b'-- Up-to-date: /home/rakesh/ros2_ws/install/dd_robot/share/ament_index/resource_index/parent_prefix_path/dd_robot\n'}
[0.132873] (dd_robot) StdoutLine: {'line': b'-- Up-to-date: /home/rakesh/ros2_ws/install/dd_robot/share/dd_robot/environment/ament_prefix_path.sh\n'}
[0.132935] (dd_robot) StdoutLine: {'line': b'-- Up-to-date: /home/rakesh/ros2_ws/install/dd_robot/share/dd_robot/environment/ament_prefix_path.dsv\n'}
[0.132998] (dd_robot) StdoutLine: {'line': b'-- Up-to-date: /home/rakesh/ros2_ws/install/dd_robot/share/dd_robot/environment/path.sh\n'}
[0.133068] (dd_robot) StdoutLine: {'line': b'-- Up-to-date: /home/rakesh/ros2_ws/install/dd_robot/share/dd_robot/environment/path.dsv\n'}
[0.133129] (dd_robot) StdoutLine: {'line': b'-- Up-to-date: /home/rakesh/ros2_ws/install/dd_robot/share/dd_robot/local_setup.bash\n'}
[0.133205] (dd_robot) StdoutLine: {'line': b'-- Up-to-date: /home/rakesh/ros2_ws/install/dd_robot/share/dd_robot/local_setup.sh\n'}
[0.133343] (dd_robot) StdoutLine: {'line': b'-- Up-to-date: /home/rakesh/ros2_ws/install/dd_robot/share/dd_robot/local_setup.zsh\n'}
[0.133415] (dd_robot) StdoutLine: {'line': b'-- Up-to-date: /home/rakesh/ros2_ws/install/dd_robot/share/dd_robot/local_setup.dsv\n'}
[0.133486] (dd_robot) StdoutLine: {'line': b'-- Installing: /home/rakesh/ros2_ws/install/dd_robot/share/dd_robot/package.dsv\n'}
[0.133567] (dd_robot) StdoutLine: {'line': b'-- Up-to-date: /home/rakesh/ros2_ws/install/dd_robot/share/ament_index/resource_index/packages/dd_robot\n'}
[0.133671] (dd_robot) StdoutLine: {'line': b'-- Up-to-date: /home/rakesh/ros2_ws/install/dd_robot/share/dd_robot/cmake/dd_robotConfig.cmake\n'}
[0.133795] (dd_robot) StdoutLine: {'line': b'-- Up-to-date: /home/rakesh/ros2_ws/install/dd_robot/share/dd_robot/cmake/dd_robotConfig-version.cmake\n'}
[0.133868] (dd_robot) StdoutLine: {'line': b'-- Up-to-date: /home/rakesh/ros2_ws/install/dd_robot/share/dd_robot/package.xml\n'}
[0.134451] (dd_robot) CommandEnded: {'returncode': 0}
[0.153991] (dd_robot) JobEnded: {'identifier': 'dd_robot', 'rc': 0}
[0.154927] (-) EventReactorShutdown: {}
