[0.000000] (-) TimerEvent: {}
[0.000286] (dd_robot) JobQueued: {'identifier': 'dd_robot', 'dependencies': OrderedDict()}
[0.000330] (dd_robot) JobStarted: {'identifier': 'dd_robot'}
[0.013514] (dd_robot) JobProgress: {'identifier': 'dd_robot', 'progress': 'cmake'}
[0.015269] (dd_robot) JobProgress: {'identifier': 'dd_robot', 'progress': 'build'}
[0.015324] (dd_robot) Command: {'cmd': ['/usr/bin/cmake', '--build', '/home/rakesh/ros2_ws/build/dd_robot', '--', '-j12', '-l12'], 'cwd': '/home/rakesh/ros2_ws/build/dd_robot', 'env': OrderedDict({'GZ_SIM_SYSTEM_PLUGIN_PATH': ':/home/rakesh/opt/ros/jazzy/share/gz_ros2_control:/opt/ros/jazzy/share', 'GJS_DEBUG_TOPICS': 'JS ERROR;JS LOG', 'XDG_ACTIVATION_TOKEN': 'gnome-shell/Terminator/2838-17-rakesh-HP-Pavilion-Laptop-15-eh1xxx_TIME29422854', 'GZ_SIM_RESOURCE_PATH': '/opt/ros/jazzy/share::/path/to/your/textures', 'USER': 'rakesh', 'GZ_CONFIG_PATH': '/opt/ros/jazzy/opt/gz_sim_vendor/share/gz:/opt/ros/jazzy/opt/sdformat_vendor/share/gz:/opt/ros/jazzy/opt/gz_gui_vendor/share/gz:/opt/ros/jazzy/opt/gz_transport_vendor/share/gz:/opt/ros/jazzy/opt/gz_rendering_vendor/share/gz:/opt/ros/jazzy/opt/gz_plugin_vendor/share/gz:/opt/ros/jazzy/opt/gz_fuel_tools_vendor/share/gz:/opt/ros/jazzy/opt/gz_msgs_vendor/share/gz:/opt/ros/jazzy/opt/gz_common_vendor/share/gz', 'XDG_SESSION_TYPE': 'x11', 'CLUTTER_DISABLE_MIPMAPPED_TEXT': '1', 'SHLVL': '1', 'LD_LIBRARY_PATH': '/opt/ros/jazzy/opt/gz_sim_vendor/lib:/opt/ros/jazzy/opt/gz_sensors_vendor/lib:/opt/ros/jazzy/opt/gz_physics_vendor/lib:/opt/ros/jazzy/opt/sdformat_vendor/lib:/opt/ros/jazzy/opt/rviz_ogre_vendor/lib:/opt/ros/jazzy/lib/x86_64-linux-gnu:/opt/ros/jazzy/opt/gz_gui_vendor/lib:/opt/ros/jazzy/opt/gz_transport_vendor/lib:/opt/ros/jazzy/opt/gz_rendering_vendor/lib:/opt/ros/jazzy/opt/gz_plugin_vendor/lib:/opt/ros/jazzy/opt/gz_fuel_tools_vendor/lib:/opt/ros/jazzy/opt/gz_msgs_vendor/lib:/opt/ros/jazzy/opt/gz_common_vendor/lib:/opt/ros/jazzy/opt/gz_math_vendor/lib:/opt/ros/jazzy/opt/gz_utils_vendor/lib:/opt/ros/jazzy/opt/gz_tools_vendor/lib:/opt/ros/jazzy/opt/gz_ogre_next_vendor/lib:/opt/ros/jazzy/opt/gz_dartsim_vendor/lib:/opt/ros/jazzy/opt/gz_cmake_vendor/lib:/opt/ros/jazzy/lib:/opt/ros/jazzy/lib:/opt/unitree_robotics/lib:', 'HOME': '/home/rakesh', 'OLDPWD': '/home/rakesh', 'DESKTOP_SESSION': 'ubuntu-xorg', 'GIO_LAUNCHED_DESKTOP_FILE': '/usr/share/applications/terminator.desktop', 'ROS_PYTHON_VERSION': '3', 'GNOME_SHELL_SESSION_MODE': 'ubuntu', 'GTK_MODULES': 'gail:atk-bridge', 'MANAGERPID': '2437', 'SYSTEMD_EXEC_PID': '2838', 'GSM_SKIP_SSH_AGENT_WORKAROUND': 'true', 'DBUS_SESSION_BUS_ADDRESS': 'unix:path=/run/user/1000/bus', 'COLORTERM': 'truecolor', 'TERMINATOR_DBUS_NAME': 'net.tenshu.Terminator21a9d5db22c73a993ff0b42f64b396873', 'GIO_LAUNCHED_DESKTOP_FILE_PID': '61166', 'DEBUGINFOD_URLS': 'https://debuginfod.ubuntu.com', 'ROS_DISTRO': 'jazzy', 'LOGNAME': 'rakesh', 'JOURNAL_STREAM': '9:22939', '_': '/usr/bin/colcon', 'ROS_VERSION': '2', 'MEMORY_PRESSURE_WATCH': '/sys/fs/cgroup/user.slice/user-1000.slice/user@1000.service/session.slice/org.gnome.Shell@x11.service/memory.pressure', 'XDG_SESSION_CLASS': 'user', 'USERNAME': 'rakesh', 'TERM': 'xterm-256color', 'GAZEBO_MODEL_PATH': '/opt/ros/jazzy/share/:/home/rakesh/go2_ws/src/go2_description:', 'GNOME_DESKTOP_SESSION_ID': 'this-is-deprecated', 'WINDOWPATH': '2', 'PATH': '/opt/ros/jazzy/opt/gz_msgs_vendor/bin:/opt/ros/jazzy/opt/gz_tools_vendor/bin:/opt/ros/jazzy/opt/gz_ogre_next_vendor/bin:/opt/ros/jazzy/bin:/opt/unitree_robotics/bin:/usr/local/sbin:/usr/local/bin:/usr/sbin:/usr/bin:/sbin:/bin:/usr/games:/usr/local/games:/snap/bin:/snap/bin', 'SESSION_MANAGER': 'local/rakesh-HP-Pavilion-Laptop-15-eh1xxx:@/tmp/.ICE-unix/2808,unix/rakesh-HP-Pavilion-Laptop-15-eh1xxx:/tmp/.ICE-unix/2808', 'INVOCATION_ID': '616b38db8ebb453981778b298c88c4e5', 'XDG_MENU_PREFIX': 'gnome-', 'XDG_RUNTIME_DIR': '/run/user/1000', 'DISPLAY': ':0', 'TERMINATOR_DBUS_PATH': '/net/tenshu/Terminator2', 'LANG': 'en_US.UTF-8', 'XDG_CURRENT_DESKTOP': 'ubuntu:GNOME', 'XMODIFIERS': '@im=ibus', 'XDG_SESSION_DESKTOP': 'ubuntu-xorg', 'XAUTHORITY': '/run/user/1000/gdm/Xauthority', 'SSH_AUTH_SOCK': '/run/user/1000/keyring/ssh', 'AMENT_PREFIX_PATH': '/opt/ros/jazzy:', 'SHELL': '/bin/bash', 'IGN_GAZEBO_SYSTEM_PLUGIN_PATH': ':/home/rakesh/home/rakesh/gazebo_ros2_control', 'TERMINATOR_UUID': 'urn:uuid:14274923-4099-403f-9891-dc4b241f1e5f', 'QT_ACCESSIBILITY': '1', 'GDMSESSION': 'ubuntu-xorg', 'GPG_AGENT_INFO': '/run/user/1000/gnupg/S.gpg-agent:0:1', 'GJS_DEBUG_OUTPUT': 'stderr', 'ROS_AUTOMATIC_DISCOVERY_RANGE': 'SUBNET', 'QT_IM_MODULE': 'ibus', 'PWD': '/home/rakesh/ros2_ws/build/dd_robot', 'TURTLEBOT3_MODEL': 'waffle', 'LC_ALL': 'en_US.UTF-8', 'XDG_CONFIG_DIRS': '/etc/xdg/xdg-ubuntu-xorg:/etc/xdg', 'GAZEBO_PLUGIN_PATH': '/home/rakesh/home/rakesh/unitree_ros2/lib:/home/rakesh/home/rakesh/unitree_ros2/lib:/opt/ros/jazzy/lib:', 'XDG_DATA_DIRS': '/usr/share/ubuntu-xorg:/usr/share/gnome:/home/rakesh/.local/share/flatpak/exports/share:/var/lib/flatpak/exports/share:/usr/local/share/:/usr/share/:/var/lib/snapd/desktop', 'PYTHONPATH': '/opt/ros/jazzy/lib/python3.12/site-packages', 'COLCON': '1', 'MEMORY_PRESSURE_WRITE': 'c29tZSAyMDAwMDAgMjAwMDAwMAA=', 'VTE_VERSION': '7600', 'GZ_SIM_PHYSICS_ENGINE_PATH': '/usr/lib/x86_64-linux-gnu/gz-physics-6/engine-plugins', 'CMAKE_PREFIX_PATH': '/opt/ros/jazzy/opt/gz_sim_vendor:/opt/ros/jazzy/opt/gz_sensors_vendor:/opt/ros/jazzy/opt/gz_physics_vendor:/opt/ros/jazzy/opt/sdformat_vendor:/opt/ros/jazzy/opt/gz_gui_vendor:/opt/ros/jazzy/opt/gz_transport_vendor:/opt/ros/jazzy/opt/gz_rendering_vendor:/opt/ros/jazzy/opt/gz_plugin_vendor:/opt/ros/jazzy/opt/gz_fuel_tools_vendor:/opt/ros/jazzy/opt/gz_msgs_vendor:/opt/ros/jazzy/opt/gz_common_vendor:/opt/ros/jazzy/opt/gz_math_vendor:/opt/ros/jazzy/opt/gz_utils_vendor:/opt/ros/jazzy/opt/gz_tools_vendor:/opt/ros/jazzy/opt/gz_ogre_next_vendor:/opt/ros/jazzy/opt/gz_dartsim_vendor:/opt/ros/jazzy/opt/gz_cmake_vendor:/opt/ros/jazzy:'}), 'shell': False}
[0.099210] (-) TimerEvent: {}
[0.106722] (dd_robot) CommandEnded: {'returncode': 0}
[0.107309] (dd_robot) JobProgress: {'identifier': 'dd_robot', 'progress': 'install'}
[0.120918] (dd_robot) Command: {'cmd': ['/usr/bin/cmake', '--install', '/home/rakesh/ros2_ws/build/dd_robot'], 'cwd': '/home/rakesh/ros2_ws/build/dd_robot', 'env': OrderedDict({'GZ_SIM_SYSTEM_PLUGIN_PATH': ':/home/rakesh/opt/ros/jazzy/share/gz_ros2_control:/opt/ros/jazzy/share', 'GJS_DEBUG_TOPICS': 'JS ERROR;JS LOG', 'XDG_ACTIVATION_TOKEN': 'gnome-shell/Terminator/2838-17-rakesh-HP-Pavilion-Laptop-15-eh1xxx_TIME29422854', 'GZ_SIM_RESOURCE_PATH': '/opt/ros/jazzy/share::/path/to/your/textures', 'USER': 'rakesh', 'GZ_CONFIG_PATH': '/opt/ros/jazzy/opt/gz_sim_vendor/share/gz:/opt/ros/jazzy/opt/sdformat_vendor/share/gz:/opt/ros/jazzy/opt/gz_gui_vendor/share/gz:/opt/ros/jazzy/opt/gz_transport_vendor/share/gz:/opt/ros/jazzy/opt/gz_rendering_vendor/share/gz:/opt/ros/jazzy/opt/gz_plugin_vendor/share/gz:/opt/ros/jazzy/opt/gz_fuel_tools_vendor/share/gz:/opt/ros/jazzy/opt/gz_msgs_vendor/share/gz:/opt/ros/jazzy/opt/gz_common_vendor/share/gz', 'XDG_SESSION_TYPE': 'x11', 'CLUTTER_DISABLE_MIPMAPPED_TEXT': '1', 'SHLVL': '1', 'LD_LIBRARY_PATH': '/opt/ros/jazzy/opt/gz_sim_vendor/lib:/opt/ros/jazzy/opt/gz_sensors_vendor/lib:/opt/ros/jazzy/opt/gz_physics_vendor/lib:/opt/ros/jazzy/opt/sdformat_vendor/lib:/opt/ros/jazzy/opt/rviz_ogre_vendor/lib:/opt/ros/jazzy/lib/x86_64-linux-gnu:/opt/ros/jazzy/opt/gz_gui_vendor/lib:/opt/ros/jazzy/opt/gz_transport_vendor/lib:/opt/ros/jazzy/opt/gz_rendering_vendor/lib:/opt/ros/jazzy/opt/gz_plugin_vendor/lib:/opt/ros/jazzy/opt/gz_fuel_tools_vendor/lib:/opt/ros/jazzy/opt/gz_msgs_vendor/lib:/opt/ros/jazzy/opt/gz_common_vendor/lib:/opt/ros/jazzy/opt/gz_math_vendor/lib:/opt/ros/jazzy/opt/gz_utils_vendor/lib:/opt/ros/jazzy/opt/gz_tools_vendor/lib:/opt/ros/jazzy/opt/gz_ogre_next_vendor/lib:/opt/ros/jazzy/opt/gz_dartsim_vendor/lib:/opt/ros/jazzy/opt/gz_cmake_vendor/lib:/opt/ros/jazzy/lib:/opt/ros/jazzy/lib:/opt/unitree_robotics/lib:', 'HOME': '/home/rakesh', 'OLDPWD': '/home/rakesh', 'DESKTOP_SESSION': 'ubuntu-xorg', 'GIO_LAUNCHED_DESKTOP_FILE': '/usr/share/applications/terminator.desktop', 'ROS_PYTHON_VERSION': '3', 'GNOME_SHELL_SESSION_MODE': 'ubuntu', 'GTK_MODULES': 'gail:atk-bridge', 'MANAGERPID': '2437', 'SYSTEMD_EXEC_PID': '2838', 'GSM_SKIP_SSH_AGENT_WORKAROUND': 'true', 'DBUS_SESSION_BUS_ADDRESS': 'unix:path=/run/user/1000/bus', 'COLORTERM': 'truecolor', 'TERMINATOR_DBUS_NAME': 'net.tenshu.Terminator21a9d5db22c73a993ff0b42f64b396873', 'GIO_LAUNCHED_DESKTOP_FILE_PID': '61166', 'DEBUGINFOD_URLS': 'https://debuginfod.ubuntu.com', 'ROS_DISTRO': 'jazzy', 'LOGNAME': 'rakesh', 'JOURNAL_STREAM': '9:22939', '_': '/usr/bin/colcon', 'ROS_VERSION': '2', 'MEMORY_PRESSURE_WATCH': '/sys/fs/cgroup/user.slice/user-1000.slice/user@1000.service/session.slice/org.gnome.Shell@x11.service/memory.pressure', 'XDG_SESSION_CLASS': 'user', 'USERNAME': 'rakesh', 'TERM': 'xterm-256color', 'GAZEBO_MODEL_PATH': '/opt/ros/jazzy/share/:/home/rakesh/go2_ws/src/go2_description:', 'GNOME_DESKTOP_SESSION_ID': 'this-is-deprecated', 'WINDOWPATH': '2', 'PATH': '/opt/ros/jazzy/opt/gz_msgs_vendor/bin:/opt/ros/jazzy/opt/gz_tools_vendor/bin:/opt/ros/jazzy/opt/gz_ogre_next_vendor/bin:/opt/ros/jazzy/bin:/opt/unitree_robotics/bin:/usr/local/sbin:/usr/local/bin:/usr/sbin:/usr/bin:/sbin:/bin:/usr/games:/usr/local/games:/snap/bin:/snap/bin', 'SESSION_MANAGER': 'local/rakesh-HP-Pavilion-Laptop-15-eh1xxx:@/tmp/.ICE-unix/2808,unix/rakesh-HP-Pavilion-Laptop-15-eh1xxx:/tmp/.ICE-unix/2808', 'INVOCATION_ID': '616b38db8ebb453981778b298c88c4e5', 'XDG_MENU_PREFIX': 'gnome-', 'XDG_RUNTIME_DIR': '/run/user/1000', 'DISPLAY': ':0', 'TERMINATOR_DBUS_PATH': '/net/tenshu/Terminator2', 'LANG': 'en_US.UTF-8', 'XDG_CURRENT_DESKTOP': 'ubuntu:GNOME', 'XMODIFIERS': '@im=ibus', 'XDG_SESSION_DESKTOP': 'ubuntu-xorg', 'XAUTHORITY': '/run/user/1000/gdm/Xauthority', 'SSH_AUTH_SOCK': '/run/user/1000/keyring/ssh', 'AMENT_PREFIX_PATH': '/opt/ros/jazzy:', 'SHELL': '/bin/bash', 'IGN_GAZEBO_SYSTEM_PLUGIN_PATH': ':/home/rakesh/home/rakesh/gazebo_ros2_control', 'TERMINATOR_UUID': 'urn:uuid:14274923-4099-403f-9891-dc4b241f1e5f', 'QT_ACCESSIBILITY': '1', 'GDMSESSION': 'ubuntu-xorg', 'GPG_AGENT_INFO': '/run/user/1000/gnupg/S.gpg-agent:0:1', 'GJS_DEBUG_OUTPUT': 'stderr', 'ROS_AUTOMATIC_DISCOVERY_RANGE': 'SUBNET', 'QT_IM_MODULE': 'ibus', 'PWD': '/home/rakesh/ros2_ws/build/dd_robot', 'TURTLEBOT3_MODEL': 'waffle', 'LC_ALL': 'en_US.UTF-8', 'XDG_CONFIG_DIRS': '/etc/xdg/xdg-ubuntu-xorg:/etc/xdg', 'GAZEBO_PLUGIN_PATH': '/home/rakesh/home/rakesh/unitree_ros2/lib:/home/rakesh/home/rakesh/unitree_ros2/lib:/opt/ros/jazzy/lib:', 'XDG_DATA_DIRS': '/usr/share/ubuntu-xorg:/usr/share/gnome:/home/rakesh/.local/share/flatpak/exports/share:/var/lib/flatpak/exports/share:/usr/local/share/:/usr/share/:/var/lib/snapd/desktop', 'PYTHONPATH': '/opt/ros/jazzy/lib/python3.12/site-packages', 'COLCON': '1', 'MEMORY_PRESSURE_WRITE': 'c29tZSAyMDAwMDAgMjAwMDAwMAA=', 'VTE_VERSION': '7600', 'GZ_SIM_PHYSICS_ENGINE_PATH': '/usr/lib/x86_64-linux-gnu/gz-physics-6/engine-plugins', 'CMAKE_PREFIX_PATH': '/opt/ros/jazzy/opt/gz_sim_vendor:/opt/ros/jazzy/opt/gz_sensors_vendor:/opt/ros/jazzy/opt/gz_physics_vendor:/opt/ros/jazzy/opt/sdformat_vendor:/opt/ros/jazzy/opt/gz_gui_vendor:/opt/ros/jazzy/opt/gz_transport_vendor:/opt/ros/jazzy/opt/gz_rendering_vendor:/opt/ros/jazzy/opt/gz_plugin_vendor:/opt/ros/jazzy/opt/gz_fuel_tools_vendor:/opt/ros/jazzy/opt/gz_msgs_vendor:/opt/ros/jazzy/opt/gz_common_vendor:/opt/ros/jazzy/opt/gz_math_vendor:/opt/ros/jazzy/opt/gz_utils_vendor:/opt/ros/jazzy/opt/gz_tools_vendor:/opt/ros/jazzy/opt/gz_ogre_next_vendor:/opt/ros/jazzy/opt/gz_dartsim_vendor:/opt/ros/jazzy/opt/gz_cmake_vendor:/opt/ros/jazzy:'}), 'shell': False}
[0.131338] (dd_robot) StdoutLine: {'line': b'-- Install configuration: ""\n'}
[0.132050] (dd_robot) StdoutLine: {'line': b'-- Execute custom install script\n'}
[0.133410] (dd_robot) StdoutLine: {'line': b'-- Up-to-date symlink: /home/rakesh/ros2_ws/install/dd_robot/share/dd_robot//urdf/common_properties.xacro\n'}
[0.133660] (dd_robot) StdoutLine: {'line': b'-- Up-to-date symlink: /home/rakesh/ros2_ws/install/dd_robot/share/dd_robot//urdf/mobile_base.xacro\n'}
[0.134044] (dd_robot) StdoutLine: {'line': b'-- Up-to-date symlink: /home/rakesh/ros2_ws/install/dd_robot/share/dd_robot//urdf/mobile_base_gazebo.xacro\n'}
[0.134243] (dd_robot) StdoutLine: {'line': b'-- Up-to-date symlink: /home/rakesh/ros2_ws/install/dd_robot/share/dd_robot//urdf/robot.urdf.xacro\n'}
[0.134396] (dd_robot) StdoutLine: {'line': b'-- Up-to-date symlink: /home/rakesh/ros2_ws/install/dd_robot/share/dd_robot//urdf/robot_control.xacro\n'}
[0.134552] (dd_robot) StdoutLine: {'line': b'-- Up-to-date symlink: /home/rakesh/ros2_ws/install/dd_robot/share/dd_robot//urdf/transmission.xacro\n'}
[0.134777] (dd_robot) StdoutLine: {'line': b'-- Up-to-date symlink: /home/rakesh/ros2_ws/install/dd_robot/share/dd_robot//launch/display.launch.py\n'}
[0.134930] (dd_robot) StdoutLine: {'line': b'-- Up-to-date symlink: /home/rakesh/ros2_ws/install/dd_robot/share/dd_robot//launch/display.launch.xml\n'}
[0.135086] (dd_robot) StdoutLine: {'line': b'-- Up-to-date symlink: /home/rakesh/ros2_ws/install/dd_robot/share/dd_robot//rviz/dd_robot.rviz\n'}
[0.135315] (dd_robot) StdoutLine: {'line': b'-- Up-to-date symlink: /home/rakesh/ros2_ws/install/dd_robot/share/dd_robot//rviz/robot.rviz\n'}
[0.135502] (dd_robot) StdoutLine: {'line': b'-- Up-to-date symlink: /home/rakesh/ros2_ws/install/dd_robot/share/dd_robot//config/dd_control.yaml\n'}
[0.135663] (dd_robot) StdoutLine: {'line': b'-- Up-to-date symlink: /home/rakesh/ros2_ws/install/dd_robot/share/dd_robot//config/ekf.yaml\n'}
[0.135788] (dd_robot) StdoutLine: {'line': b'-- Up-to-date symlink: /home/rakesh/ros2_ws/install/dd_robot/share/dd_robot//config/gazebo_bridge.yaml\n'}
[0.135911] (dd_robot) StdoutLine: {'line': b'-- Up-to-date symlink: /home/rakesh/ros2_ws/install/dd_robot/share/dd_robot//config/mapper_params_online_async.yaml\n'}
[0.136035] (dd_robot) StdoutLine: {'line': b'-- Up-to-date symlink: /home/rakesh/ros2_ws/install/dd_robot/share/dd_robot//config/nav2_costmap.yaml\n'}
[0.136158] (dd_robot) StdoutLine: {'line': b'-- Up-to-date symlink: /home/rakesh/ros2_ws/install/dd_robot/share/dd_robot//config/nav2_params.yaml\n'}
[0.136580] (dd_robot) StdoutLine: {'line': b'-- Up-to-date symlink: /home/rakesh/ros2_ws/install/dd_robot/share/dd_robot//worlds/materials/scripts/model.material\n'}
[0.136947] (dd_robot) StdoutLine: {'line': b'-- Up-to-date symlink: /home/rakesh/ros2_ws/install/dd_robot/share/dd_robot//worlds/materials/textures/BOXSET_Albedo.png\n'}
[0.137175] (dd_robot) StdoutLine: {'line': b'-- Up-to-date symlink: /home/rakesh/ros2_ws/install/dd_robot/share/dd_robot//worlds/materials/textures/BOXSET_Emissive.png\n'}
[0.137413] (dd_robot) StdoutLine: {'line': b'-- Up-to-date symlink: /home/rakesh/ros2_ws/install/dd_robot/share/dd_robot//worlds/materials/textures/BOXSET_Metalness.png\n'}
[0.137582] (dd_robot) StdoutLine: {'line': b'-- Up-to-date symlink: /home/rakesh/ros2_ws/install/dd_robot/share/dd_robot//worlds/materials/textures/BOXSET_Normal.png\n'}
[0.137770] (dd_robot) StdoutLine: {'line': b'-- Up-to-date symlink: /home/rakesh/ros2_ws/install/dd_robot/share/dd_robot//worlds/materials/textures/BOXSET_Roughness.png\n'}
[0.137926] (dd_robot) StdoutLine: {'line': b'-- Up-to-date symlink: /home/rakesh/ros2_ws/install/dd_robot/share/dd_robot//worlds/materials/textures/Crates_Crates_BaseColor.png\n'}
[0.138182] (dd_robot) StdoutLine: {'line': b'-- Up-to-date symlink: /home/rakesh/ros2_ws/install/dd_robot/share/dd_robot//worlds/materials/textures/Crates_Crates_Normal.png\n'}
[0.138347] (dd_robot) StdoutLine: {'line': b'-- Up-to-date symlink: /home/rakesh/ros2_ws/install/dd_robot/share/dd_robot//worlds/materials/textures/Crates_Crates_Roughness.png\n'}
[0.138503] (dd_robot) StdoutLine: {'line': b'-- Up-to-date symlink: /home/rakesh/ros2_ws/install/dd_robot/share/dd_robot//worlds/materials/textures/DepotLightmap.png\n'}
[0.138680] (dd_robot) StdoutLine: {'line': b'-- Up-to-date symlink: /home/rakesh/ros2_ws/install/dd_robot/share/dd_robot//worlds/materials/textures/FANS_Albedo.png\n'}
[0.138833] (dd_robot) StdoutLine: {'line': b'-- Up-to-date symlink: /home/rakesh/ros2_ws/install/dd_robot/share/dd_robot//worlds/materials/textures/FANS_Metalness.png\n'}
[0.139071] (dd_robot) StdoutLine: {'line': b'-- Up-to-date symlink: /home/rakesh/ros2_ws/install/dd_robot/share/dd_robot//worlds/materials/textures/FANS_Normal.png\n'}
[0.139230] (dd_robot) StdoutLine: {'line': b'-- Up-to-date symlink: /home/rakesh/ros2_ws/install/dd_robot/share/dd_robot//worlds/materials/textures/FANS_Roughness.png\n'}
[0.139386] (dd_robot) StdoutLine: {'line': b'-- Up-to-date symlink: /home/rakesh/ros2_ws/install/dd_robot/share/dd_robot//worlds/materials/textures/FLOOR_Albedo.png\n'}
[0.139544] (dd_robot) StdoutLine: {'line': b'-- Up-to-date symlink: /home/rakesh/ros2_ws/install/dd_robot/share/dd_robot//worlds/materials/textures/FLOOR_Metalness.png\n'}
[0.139724] (dd_robot) StdoutLine: {'line': b'-- Up-to-date symlink: /home/rakesh/ros2_ws/install/dd_robot/share/dd_robot//worlds/materials/textures/FLOOR_Normal.png\n'}
[0.139876] (dd_robot) StdoutLine: {'line': b'-- Up-to-date symlink: /home/rakesh/ros2_ws/install/dd_robot/share/dd_robot//worlds/materials/textures/FLOOR_Roughness.png\n'}
[0.140115] (dd_robot) StdoutLine: {'line': b'-- Up-to-date symlink: /home/rakesh/ros2_ws/install/dd_robot/share/dd_robot//worlds/materials/textures/FanBack_FanBack_BaseColor.png\n'}
[0.140303] (dd_robot) StdoutLine: {'line': b'-- Up-to-date symlink: /home/rakesh/ros2_ws/install/dd_robot/share/dd_robot//worlds/materials/textures/FireAlarmPole_Albedo.png\n'}
[0.140492] (dd_robot) StdoutLine: {'line': b'-- Up-to-date symlink: /home/rakesh/ros2_ws/install/dd_robot/share/dd_robot//worlds/materials/textures/FireAlarmPole_Metalness.png\n'}
[0.140667] (dd_robot) StdoutLine: {'line': b'-- Up-to-date symlink: /home/rakesh/ros2_ws/install/dd_robot/share/dd_robot//worlds/materials/textures/FireAlarmPole_Normal.png\n'}
[0.140826] (dd_robot) StdoutLine: {'line': b'-- Up-to-date symlink: /home/rakesh/ros2_ws/install/dd_robot/share/dd_robot//worlds/materials/textures/FireAlarmPole_Roughness.png\n'}
[0.140981] (dd_robot) StdoutLine: {'line': b'-- Up-to-date symlink: /home/rakesh/ros2_ws/install/dd_robot/share/dd_robot//worlds/materials/textures/FireAlarm_Albedo.png\n'}
[0.141135] (dd_robot) StdoutLine: {'line': b'-- Up-to-date symlink: /home/rakesh/ros2_ws/install/dd_robot/share/dd_robot//worlds/materials/textures/FireAlarm_Metalness.png\n'}
[0.141290] (dd_robot) StdoutLine: {'line': b'-- Up-to-date symlink: /home/rakesh/ros2_ws/install/dd_robot/share/dd_robot//worlds/materials/textures/FireAlarm_Normal.png\n'}
[0.141448] (dd_robot) StdoutLine: {'line': b'-- Up-to-date symlink: /home/rakesh/ros2_ws/install/dd_robot/share/dd_robot//worlds/materials/textures/FireAlarm_Roughness.png\n'}
[0.141605] (dd_robot) StdoutLine: {'line': b'-- Up-to-date symlink: /home/rakesh/ros2_ws/install/dd_robot/share/dd_robot//worlds/materials/textures/Forklift_Forklift_BaseColor.png\n'}
[0.141774] (dd_robot) StdoutLine: {'line': b'-- Up-to-date symlink: /home/rakesh/ros2_ws/install/dd_robot/share/dd_robot//worlds/materials/textures/Forklift_Forklift_Metallic.png\n'}
[0.142029] (dd_robot) StdoutLine: {'line': b'-- Up-to-date symlink: /home/rakesh/ros2_ws/install/dd_robot/share/dd_robot//worlds/materials/textures/Forklift_Forklift_Normal.png\n'}
[0.142198] (dd_robot) StdoutLine: {'line': b'-- Up-to-date symlink: /home/rakesh/ros2_ws/install/dd_robot/share/dd_robot//worlds/materials/textures/Forklift_Forklift_Roughness.png\n'}
[0.142357] (dd_robot) StdoutLine: {'line': b'-- Up-to-date symlink: /home/rakesh/ros2_ws/install/dd_robot/share/dd_robot//worlds/materials/textures/INTERCOM_Albedo.png\n'}
[0.142512] (dd_robot) StdoutLine: {'line': b'-- Up-to-date symlink: /home/rakesh/ros2_ws/install/dd_robot/share/dd_robot//worlds/materials/textures/INTERCOM_Emissive.png\n'}
[0.142688] (dd_robot) StdoutLine: {'line': b'-- Up-to-date symlink: /home/rakesh/ros2_ws/install/dd_robot/share/dd_robot//worlds/materials/textures/INTERCOM_Metalness.png\n'}
[0.142844] (dd_robot) StdoutLine: {'line': b'-- Up-to-date symlink: /home/rakesh/ros2_ws/install/dd_robot/share/dd_robot//worlds/materials/textures/INTERCOM_Normal.png\n'}
[0.142998] (dd_robot) StdoutLine: {'line': b'-- Up-to-date symlink: /home/rakesh/ros2_ws/install/dd_robot/share/dd_robot//worlds/materials/textures/INTERCOM_Roughness.png\n'}
[0.143239] (dd_robot) StdoutLine: {'line': b'-- Up-to-date symlink: /home/rakesh/ros2_ws/install/dd_robot/share/dd_robot//worlds/materials/textures/PILLERS_Albedo.png\n'}
[0.143395] (dd_robot) StdoutLine: {'line': b'-- Up-to-date symlink: /home/rakesh/ros2_ws/install/dd_robot/share/dd_robot//worlds/materials/textures/PILLERS_Metalness.png\n'}
[0.143553] (dd_robot) StdoutLine: {'line': b'-- Up-to-date symlink: /home/rakesh/ros2_ws/install/dd_robot/share/dd_robot//worlds/materials/textures/PILLERS_Normal.png\n'}
[0.143783] (dd_robot) StdoutLine: {'line': b'-- Up-to-date symlink: /home/rakesh/ros2_ws/install/dd_robot/share/dd_robot//worlds/materials/textures/PILLERS_Roughness.png\n'}
[0.143942] (dd_robot) StdoutLine: {'line': b'-- Up-to-date symlink: /home/rakesh/ros2_ws/install/dd_robot/share/dd_robot//worlds/materials/textures/Pipes_Albedo.png\n'}
[0.144098] (dd_robot) StdoutLine: {'line': b'-- Up-to-date symlink: /home/rakesh/ros2_ws/install/dd_robot/share/dd_robot//worlds/materials/textures/Pipes_Metalness.png\n'}
[0.144319] (dd_robot) StdoutLine: {'line': b'-- Up-to-date symlink: /home/rakesh/ros2_ws/install/dd_robot/share/dd_robot//worlds/materials/textures/Pipes_Normal.png\n'}
[0.144481] (dd_robot) StdoutLine: {'line': b'-- Up-to-date symlink: /home/rakesh/ros2_ws/install/dd_robot/share/dd_robot//worlds/materials/textures/Pipes_Roughness.png\n'}
[0.144695] (dd_robot) StdoutLine: {'line': b'-- Up-to-date symlink: /home/rakesh/ros2_ws/install/dd_robot/share/dd_robot//worlds/materials/textures/ROOF_Albedo.png\n'}
[0.144857] (dd_robot) StdoutLine: {'line': b'-- Up-to-date symlink: /home/rakesh/ros2_ws/install/dd_robot/share/dd_robot//worlds/materials/textures/ROOF_Emissive.png\n'}
[0.145014] (dd_robot) StdoutLine: {'line': b'-- Up-to-date symlink: /home/rakesh/ros2_ws/install/dd_robot/share/dd_robot//worlds/materials/textures/ROOF_Metalness.png\n'}
[0.145169] (dd_robot) StdoutLine: {'line': b'-- Up-to-date symlink: /home/rakesh/ros2_ws/install/dd_robot/share/dd_robot//worlds/materials/textures/ROOF_Normal.png\n'}
[0.145324] (dd_robot) StdoutLine: {'line': b'-- Up-to-date symlink: /home/rakesh/ros2_ws/install/dd_robot/share/dd_robot//worlds/materials/textures/ROOF_Roughness.png\n'}
[0.145481] (dd_robot) StdoutLine: {'line': b'-- Up-to-date symlink: /home/rakesh/ros2_ws/install/dd_robot/share/dd_robot//worlds/materials/textures/STAIRS_Albedo.png\n'}
[0.145648] (dd_robot) StdoutLine: {'line': b'-- Up-to-date symlink: /home/rakesh/ros2_ws/install/dd_robot/share/dd_robot//worlds/materials/textures/STAIRS_Metalness.png\n'}
[0.145806] (dd_robot) StdoutLine: {'line': b'-- Up-to-date symlink: /home/rakesh/ros2_ws/install/dd_robot/share/dd_robot//worlds/materials/textures/STAIRS_Normal.png\n'}
[0.145956] (dd_robot) StdoutLine: {'line': b'-- Up-to-date symlink: /home/rakesh/ros2_ws/install/dd_robot/share/dd_robot//worlds/materials/textures/STAIRS_Roughness.png\n'}
[0.146206] (dd_robot) StdoutLine: {'line': b'-- Up-to-date symlink: /home/rakesh/ros2_ws/install/dd_robot/share/dd_robot//worlds/materials/textures/WALLS_Albedo.png\n'}
[0.146363] (dd_robot) StdoutLine: {'line': b'-- Up-to-date symlink: /home/rakesh/ros2_ws/install/dd_robot/share/dd_robot//worlds/materials/textures/WALLS_Metalness.png\n'}
[0.146517] (dd_robot) StdoutLine: {'line': b'-- Up-to-date symlink: /home/rakesh/ros2_ws/install/dd_robot/share/dd_robot//worlds/materials/textures/WALLS_Normal.png\n'}
[0.146689] (dd_robot) StdoutLine: {'line': b'-- Up-to-date symlink: /home/rakesh/ros2_ws/install/dd_robot/share/dd_robot//worlds/materials/textures/WALLS_Roughness.png\n'}
[0.146845] (dd_robot) StdoutLine: {'line': b'-- Up-to-date symlink: /home/rakesh/ros2_ws/install/dd_robot/share/dd_robot//worlds/materials/textures/Window_WINDOW_BaseColor.png\n'}
[0.147001] (dd_robot) StdoutLine: {'line': b'-- Up-to-date symlink: /home/rakesh/ros2_ws/install/dd_robot/share/dd_robot//worlds/materials/textures/Window_WINDOW_Metallic.png\n'}
[0.147235] (dd_robot) StdoutLine: {'line': b'-- Up-to-date symlink: /home/rakesh/ros2_ws/install/dd_robot/share/dd_robot//worlds/materials/textures/Window_WINDOW_Roughness.png\n'}
[0.147375] (dd_robot) StdoutLine: {'line': b'-- Up-to-date symlink: /home/rakesh/ros2_ws/install/dd_robot/share/dd_robot//worlds/meshes/Crates.dae\n'}
[0.147506] (dd_robot) StdoutLine: {'line': b'-- Up-to-date symlink: /home/rakesh/ros2_ws/install/dd_robot/share/dd_robot//worlds/meshes/Depot.dae\n'}
[0.147683] (dd_robot) StdoutLine: {'line': b'-- Up-to-date symlink: /home/rakesh/ros2_ws/install/dd_robot/share/dd_robot//worlds/model.config\n'}
[0.147810] (dd_robot) StdoutLine: {'line': b'-- Up-to-date symlink: /home/rakesh/ros2_ws/install/dd_robot/share/dd_robot//worlds/model.sdf\n'}
[0.147932] (dd_robot) StdoutLine: {'line': b'-- Up-to-date symlink: /home/rakesh/ros2_ws/install/dd_robot/share/dd_robot//worlds/my_world.sdf\n'}
[0.148053] (dd_robot) StdoutLine: {'line': b'-- Up-to-date symlink: /home/rakesh/ros2_ws/install/dd_robot/share/dd_robot//worlds/thumbnails/0.png\n'}
[0.148175] (dd_robot) StdoutLine: {'line': b'-- Up-to-date symlink: /home/rakesh/ros2_ws/install/dd_robot/share/dd_robot//worlds/thumbnails/1.png\n'}
[0.148297] (dd_robot) StdoutLine: {'line': b'-- Up-to-date symlink: /home/rakesh/ros2_ws/install/dd_robot/share/dd_robot//worlds/thumbnails/2.png\n'}
[0.148419] (dd_robot) StdoutLine: {'line': b'-- Up-to-date symlink: /home/rakesh/ros2_ws/install/dd_robot/share/dd_robot//worlds/thumbnails/3.png\n'}
[0.148541] (dd_robot) StdoutLine: {'line': b'-- Up-to-date symlink: /home/rakesh/ros2_ws/install/dd_robot/share/dd_robot//worlds/thumbnails/4.png\n'}
[0.148691] (dd_robot) StdoutLine: {'line': b'-- Up-to-date symlink: /home/rakesh/ros2_ws/install/dd_robot/share/dd_robot//worlds/thumbnails/5.png\n'}
[0.148823] (dd_robot) StdoutLine: {'line': b'-- Up-to-date symlink: /home/rakesh/ros2_ws/install/dd_robot/share/ament_index/resource_index/package_run_dependencies/dd_robot\n'}
[0.148945] (dd_robot) StdoutLine: {'line': b'-- Up-to-date symlink: /home/rakesh/ros2_ws/install/dd_robot/share/ament_index/resource_index/parent_prefix_path/dd_robot\n'}
[0.149066] (dd_robot) StdoutLine: {'line': b'-- Up-to-date symlink: /home/rakesh/ros2_ws/install/dd_robot/share/dd_robot/environment/ament_prefix_path.sh\n'}
[0.149187] (dd_robot) StdoutLine: {'line': b'-- Up-to-date symlink: /home/rakesh/ros2_ws/install/dd_robot/share/dd_robot/environment/ament_prefix_path.dsv\n'}
[0.149311] (dd_robot) StdoutLine: {'line': b'-- Up-to-date symlink: /home/rakesh/ros2_ws/install/dd_robot/share/dd_robot/environment/path.sh\n'}
[0.149445] (dd_robot) StdoutLine: {'line': b'-- Up-to-date symlink: /home/rakesh/ros2_ws/install/dd_robot/share/dd_robot/environment/path.dsv\n'}
[0.149569] (dd_robot) StdoutLine: {'line': b'-- Up-to-date symlink: /home/rakesh/ros2_ws/install/dd_robot/share/dd_robot/local_setup.bash\n'}
[0.149717] (dd_robot) StdoutLine: {'line': b'-- Up-to-date symlink: /home/rakesh/ros2_ws/install/dd_robot/share/dd_robot/local_setup.sh\n'}
[0.149842] (dd_robot) StdoutLine: {'line': b'-- Up-to-date symlink: /home/rakesh/ros2_ws/install/dd_robot/share/dd_robot/local_setup.zsh\n'}
[0.149964] (dd_robot) StdoutLine: {'line': b'-- Up-to-date symlink: /home/rakesh/ros2_ws/install/dd_robot/share/dd_robot/local_setup.dsv\n'}
[0.150085] (dd_robot) StdoutLine: {'line': b'-- Symlinking: /home/rakesh/ros2_ws/install/dd_robot/share/dd_robot/package.dsv\n'}
[0.161669] (dd_robot) StdoutLine: {'line': b'-- Up-to-date symlink: /home/rakesh/ros2_ws/install/dd_robot/share/ament_index/resource_index/packages/dd_robot\n'}
[0.161998] (dd_robot) StdoutLine: {'line': b'-- Up-to-date symlink: /home/rakesh/ros2_ws/install/dd_robot/share/dd_robot/cmake/dd_robotConfig.cmake\n'}
[0.162237] (dd_robot) StdoutLine: {'line': b'-- Up-to-date symlink: /home/rakesh/ros2_ws/install/dd_robot/share/dd_robot/cmake/dd_robotConfig-version.cmake\n'}
[0.162375] (dd_robot) StdoutLine: {'line': b'-- Up-to-date symlink: /home/rakesh/ros2_ws/install/dd_robot/share/dd_robot/package.xml\n'}
[0.164742] (dd_robot) CommandEnded: {'returncode': 0}
[0.184392] (dd_robot) JobEnded: {'identifier': 'dd_robot', 'rc': 0}
[0.185463] (-) EventReactorShutdown: {}
