[0.000000] (-) TimerEvent: {}
[0.000701] (dd_robot) JobQueued: {'identifier': 'dd_robot', 'dependencies': OrderedDict()}
[0.000787] (dd_robot) JobStarted: {'identifier': 'dd_robot'}
[0.011806] (dd_robot) JobProgress: {'identifier': 'dd_robot', 'progress': 'cmake'}
[0.013060] (dd_robot) JobProgress: {'identifier': 'dd_robot', 'progress': 'build'}
[0.013097] (dd_robot) Command: {'cmd': ['/usr/bin/cmake', '--build', '/home/rakesh/ros2_ws/build/dd_robot', '--', '-j12', '-l12'], 'cwd': '/home/rakesh/ros2_ws/build/dd_robot', 'env': OrderedDict({'GZ_SIM_SYSTEM_PLUGIN_PATH': ':/home/rakesh/opt/ros/jazzy/share/gz_ros2_control:/opt/ros/jazzy/lib', 'GJS_DEBUG_TOPICS': 'JS ERROR;JS LOG', 'XDG_ACTIVATION_TOKEN': 'gnome-shell/Terminator/4503-0-rakesh-HP-Pavilion-Laptop-15-eh1xxx_TIME4349040', 'GZ_SIM_RESOURCE_PATH': '/opt/ros/jazzy/share:/home/rakesh/practice/src/unitree_go2_ros2/unitree_go2_description/worlds:/home/rakesh/ros2_ws/src/differential_drive/dd_robot/worlds', 'USER': 'rakesh', 'GZ_CONFIG_PATH': '/opt/ros/jazzy/opt/gz_sim_vendor/share/gz:/opt/ros/jazzy/opt/sdformat_vendor/share/gz:/opt/ros/jazzy/opt/gz_gui_vendor/share/gz:/opt/ros/jazzy/opt/gz_transport_vendor/share/gz:/opt/ros/jazzy/opt/gz_rendering_vendor/share/gz:/opt/ros/jazzy/opt/gz_plugin_vendor/share/gz:/opt/ros/jazzy/opt/gz_fuel_tools_vendor/share/gz:/opt/ros/jazzy/opt/gz_msgs_vendor/share/gz:/opt/ros/jazzy/opt/gz_common_vendor/share/gz', 'XDG_SESSION_TYPE': 'x11', 'CLUTTER_DISABLE_MIPMAPPED_TEXT': '1', 'SHLVL': '1', 'LD_LIBRARY_PATH': '/opt/ros/jazzy/opt/gz_sim_vendor/lib:/opt/ros/jazzy/opt/gz_sensors_vendor/lib:/opt/ros/jazzy/opt/gz_physics_vendor/lib:/opt/ros/jazzy/opt/sdformat_vendor/lib:/opt/ros/jazzy/opt/rviz_ogre_vendor/lib:/opt/ros/jazzy/lib/x86_64-linux-gnu:/opt/ros/jazzy/opt/gz_gui_vendor/lib:/opt/ros/jazzy/opt/gz_transport_vendor/lib:/opt/ros/jazzy/opt/gz_rendering_vendor/lib:/opt/ros/jazzy/opt/gz_plugin_vendor/lib:/opt/ros/jazzy/opt/gz_fuel_tools_vendor/lib:/opt/ros/jazzy/opt/gz_msgs_vendor/lib:/opt/ros/jazzy/opt/gz_common_vendor/lib:/opt/ros/jazzy/opt/gz_math_vendor/lib:/opt/ros/jazzy/opt/gz_utils_vendor/lib:/opt/ros/jazzy/opt/gz_tools_vendor/lib:/opt/ros/jazzy/opt/gz_ogre_next_vendor/lib:/opt/ros/jazzy/opt/gz_dartsim_vendor/lib:/opt/ros/jazzy/opt/gz_cmake_vendor/lib:/opt/ros/jazzy/lib:/opt/ros/jazzy/lib:/opt/unitree_robotics/lib:', 'HOME': '/home/rakesh', 'OLDPWD': '/home/rakesh', 'DESKTOP_SESSION': 'ubuntu-xorg', 'GIO_LAUNCHED_DESKTOP_FILE': '/usr/share/applications/terminator.desktop', 'ROS_PYTHON_VERSION': '3', 'GNOME_SHELL_SESSION_MODE': 'ubuntu', 'GTK_MODULES': 'gail:atk-bridge', 'MANAGERPID': '4103', 'SYSTEMD_EXEC_PID': '4503', 'GSM_SKIP_SSH_AGENT_WORKAROUND': 'true', 'DBUS_SESSION_BUS_ADDRESS': 'unix:path=/run/user/1000/bus', 'COLORTERM': 'truecolor', 'TERMINATOR_DBUS_NAME': 'net.tenshu.Terminator21a9d5db22c73a993ff0b42f64b396873', 'GIO_LAUNCHED_DESKTOP_FILE_PID': '5302', 'DEBUGINFOD_URLS': 'https://debuginfod.ubuntu.com', 'COLCON_PREFIX_PATH': '/home/rakesh/ros2_ws/install', 'ROS_DISTRO': 'jazzy', 'LOGNAME': 'rakesh', 'JOURNAL_STREAM': '9:40362', '_': '/usr/bin/colcon', 'ROS_VERSION': '2', 'MEMORY_PRESSURE_WATCH': '/sys/fs/cgroup/user.slice/user-1000.slice/user@1000.service/session.slice/org.gnome.Shell@x11.service/memory.pressure', 'XDG_SESSION_CLASS': 'user', 'USERNAME': 'rakesh', 'TERM': 'xterm-256color', 'GAZEBO_MODEL_PATH': '/opt/ros/jazzy/share/:/home/rakesh/go2_ws/src/go2_description:', 'GNOME_DESKTOP_SESSION_ID': 'this-is-deprecated', 'WINDOWPATH': '2', 'PATH': '/opt/ros/jazzy/opt/gz_msgs_vendor/bin:/opt/ros/jazzy/opt/gz_tools_vendor/bin:/opt/ros/jazzy/opt/gz_ogre_next_vendor/bin:/opt/ros/jazzy/bin:/opt/unitree_robotics/bin:/usr/local/sbin:/usr/local/bin:/usr/sbin:/usr/bin:/sbin:/bin:/usr/games:/usr/local/games:/snap/bin:/snap/bin', 'SESSION_MANAGER': 'local/rakesh-HP-Pavilion-Laptop-15-eh1xxx:@/tmp/.ICE-unix/4472,unix/rakesh-HP-Pavilion-Laptop-15-eh1xxx:/tmp/.ICE-unix/4472', 'INVOCATION_ID': '1fc811db577e4e5681a89f769627d717', 'XDG_MENU_PREFIX': 'gnome-', 'XDG_RUNTIME_DIR': '/run/user/1000', 'DISPLAY': ':0', 'TERMINATOR_DBUS_PATH': '/net/tenshu/Terminator2', 'LANG': 'en_US.UTF-8', 'XDG_CURRENT_DESKTOP': 'ubuntu:GNOME', 'XMODIFIERS': '@im=ibus', 'XDG_SESSION_DESKTOP': 'ubuntu-xorg', 'XAUTHORITY': '/run/user/1000/gdm/Xauthority', 'SSH_AUTH_SOCK': '/run/user/1000/keyring/ssh', 'AMENT_PREFIX_PATH': '/home/rakesh/ros2_ws/install/dd_robot:/opt/ros/jazzy:', 'SHELL': '/bin/bash', 'IGN_GAZEBO_SYSTEM_PLUGIN_PATH': ':/home/rakesh/home/rakesh/gazebo_ros2_control', 'TERMINATOR_UUID': 'urn:uuid:4eca9848-0a3e-47bf-8447-117def8a8c21', 'QT_ACCESSIBILITY': '1', 'GDMSESSION': 'ubuntu-xorg', 'GPG_AGENT_INFO': '/run/user/1000/gnupg/S.gpg-agent:0:1', 'GJS_DEBUG_OUTPUT': 'stderr', 'ROS_AUTOMATIC_DISCOVERY_RANGE': 'SUBNET', 'QT_IM_MODULE': 'ibus', 'PWD': '/home/rakesh/ros2_ws/build/dd_robot', 'TURTLEBOT3_MODEL': 'waffle', 'LC_ALL': 'en_US.UTF-8', 'XDG_CONFIG_DIRS': '/etc/xdg/xdg-ubuntu-xorg:/etc/xdg', 'GAZEBO_PLUGIN_PATH': '/home/rakesh/home/rakesh/unitree_ros2/lib:/home/rakesh/home/rakesh/unitree_ros2/lib:/opt/ros/jazzy/lib:', 'XDG_DATA_DIRS': '/usr/share/ubuntu-xorg:/usr/share/gnome:/home/rakesh/.local/share/flatpak/exports/share:/var/lib/flatpak/exports/share:/usr/local/share/:/usr/share/:/var/lib/snapd/desktop', 'PYTHONPATH': '/opt/ros/jazzy/lib/python3.12/site-packages', 'COLCON': '1', 'MEMORY_PRESSURE_WRITE': 'c29tZSAyMDAwMDAgMjAwMDAwMAA=', 'VTE_VERSION': '7600', 'GZ_SIM_PHYSICS_ENGINE_PATH': '/usr/lib/x86_64-linux-gnu/gz-physics-6/engine-plugins', 'CMAKE_PREFIX_PATH': '/home/rakesh/ros2_ws/install/dd_robot:/opt/ros/jazzy/opt/gz_sim_vendor:/opt/ros/jazzy/opt/gz_sensors_vendor:/opt/ros/jazzy/opt/gz_physics_vendor:/opt/ros/jazzy/opt/sdformat_vendor:/opt/ros/jazzy/opt/gz_gui_vendor:/opt/ros/jazzy/opt/gz_transport_vendor:/opt/ros/jazzy/opt/gz_rendering_vendor:/opt/ros/jazzy/opt/gz_plugin_vendor:/opt/ros/jazzy/opt/gz_fuel_tools_vendor:/opt/ros/jazzy/opt/gz_msgs_vendor:/opt/ros/jazzy/opt/gz_common_vendor:/opt/ros/jazzy/opt/gz_math_vendor:/opt/ros/jazzy/opt/gz_utils_vendor:/opt/ros/jazzy/opt/gz_tools_vendor:/opt/ros/jazzy/opt/gz_ogre_next_vendor:/opt/ros/jazzy/opt/gz_dartsim_vendor:/opt/ros/jazzy/opt/gz_cmake_vendor:/opt/ros/jazzy:'}), 'shell': False}
[0.069935] (dd_robot) CommandEnded: {'returncode': 0}
[0.070913] (dd_robot) JobProgress: {'identifier': 'dd_robot', 'progress': 'install'}
[0.084531] (dd_robot) Command: {'cmd': ['/usr/bin/cmake', '--install', '/home/rakesh/ros2_ws/build/dd_robot'], 'cwd': '/home/rakesh/ros2_ws/build/dd_robot', 'env': OrderedDict({'GZ_SIM_SYSTEM_PLUGIN_PATH': ':/home/rakesh/opt/ros/jazzy/share/gz_ros2_control:/opt/ros/jazzy/lib', 'GJS_DEBUG_TOPICS': 'JS ERROR;JS LOG', 'XDG_ACTIVATION_TOKEN': 'gnome-shell/Terminator/4503-0-rakesh-HP-Pavilion-Laptop-15-eh1xxx_TIME4349040', 'GZ_SIM_RESOURCE_PATH': '/opt/ros/jazzy/share:/home/rakesh/practice/src/unitree_go2_ros2/unitree_go2_description/worlds:/home/rakesh/ros2_ws/src/differential_drive/dd_robot/worlds', 'USER': 'rakesh', 'GZ_CONFIG_PATH': '/opt/ros/jazzy/opt/gz_sim_vendor/share/gz:/opt/ros/jazzy/opt/sdformat_vendor/share/gz:/opt/ros/jazzy/opt/gz_gui_vendor/share/gz:/opt/ros/jazzy/opt/gz_transport_vendor/share/gz:/opt/ros/jazzy/opt/gz_rendering_vendor/share/gz:/opt/ros/jazzy/opt/gz_plugin_vendor/share/gz:/opt/ros/jazzy/opt/gz_fuel_tools_vendor/share/gz:/opt/ros/jazzy/opt/gz_msgs_vendor/share/gz:/opt/ros/jazzy/opt/gz_common_vendor/share/gz', 'XDG_SESSION_TYPE': 'x11', 'CLUTTER_DISABLE_MIPMAPPED_TEXT': '1', 'SHLVL': '1', 'LD_LIBRARY_PATH': '/opt/ros/jazzy/opt/gz_sim_vendor/lib:/opt/ros/jazzy/opt/gz_sensors_vendor/lib:/opt/ros/jazzy/opt/gz_physics_vendor/lib:/opt/ros/jazzy/opt/sdformat_vendor/lib:/opt/ros/jazzy/opt/rviz_ogre_vendor/lib:/opt/ros/jazzy/lib/x86_64-linux-gnu:/opt/ros/jazzy/opt/gz_gui_vendor/lib:/opt/ros/jazzy/opt/gz_transport_vendor/lib:/opt/ros/jazzy/opt/gz_rendering_vendor/lib:/opt/ros/jazzy/opt/gz_plugin_vendor/lib:/opt/ros/jazzy/opt/gz_fuel_tools_vendor/lib:/opt/ros/jazzy/opt/gz_msgs_vendor/lib:/opt/ros/jazzy/opt/gz_common_vendor/lib:/opt/ros/jazzy/opt/gz_math_vendor/lib:/opt/ros/jazzy/opt/gz_utils_vendor/lib:/opt/ros/jazzy/opt/gz_tools_vendor/lib:/opt/ros/jazzy/opt/gz_ogre_next_vendor/lib:/opt/ros/jazzy/opt/gz_dartsim_vendor/lib:/opt/ros/jazzy/opt/gz_cmake_vendor/lib:/opt/ros/jazzy/lib:/opt/ros/jazzy/lib:/opt/unitree_robotics/lib:', 'HOME': '/home/rakesh', 'OLDPWD': '/home/rakesh', 'DESKTOP_SESSION': 'ubuntu-xorg', 'GIO_LAUNCHED_DESKTOP_FILE': '/usr/share/applications/terminator.desktop', 'ROS_PYTHON_VERSION': '3', 'GNOME_SHELL_SESSION_MODE': 'ubuntu', 'GTK_MODULES': 'gail:atk-bridge', 'MANAGERPID': '4103', 'SYSTEMD_EXEC_PID': '4503', 'GSM_SKIP_SSH_AGENT_WORKAROUND': 'true', 'DBUS_SESSION_BUS_ADDRESS': 'unix:path=/run/user/1000/bus', 'COLORTERM': 'truecolor', 'TERMINATOR_DBUS_NAME': 'net.tenshu.Terminator21a9d5db22c73a993ff0b42f64b396873', 'GIO_LAUNCHED_DESKTOP_FILE_PID': '5302', 'DEBUGINFOD_URLS': 'https://debuginfod.ubuntu.com', 'COLCON_PREFIX_PATH': '/home/rakesh/ros2_ws/install', 'ROS_DISTRO': 'jazzy', 'LOGNAME': 'rakesh', 'JOURNAL_STREAM': '9:40362', '_': '/usr/bin/colcon', 'ROS_VERSION': '2', 'MEMORY_PRESSURE_WATCH': '/sys/fs/cgroup/user.slice/user-1000.slice/user@1000.service/session.slice/org.gnome.Shell@x11.service/memory.pressure', 'XDG_SESSION_CLASS': 'user', 'USERNAME': 'rakesh', 'TERM': 'xterm-256color', 'GAZEBO_MODEL_PATH': '/opt/ros/jazzy/share/:/home/rakesh/go2_ws/src/go2_description:', 'GNOME_DESKTOP_SESSION_ID': 'this-is-deprecated', 'WINDOWPATH': '2', 'PATH': '/opt/ros/jazzy/opt/gz_msgs_vendor/bin:/opt/ros/jazzy/opt/gz_tools_vendor/bin:/opt/ros/jazzy/opt/gz_ogre_next_vendor/bin:/opt/ros/jazzy/bin:/opt/unitree_robotics/bin:/usr/local/sbin:/usr/local/bin:/usr/sbin:/usr/bin:/sbin:/bin:/usr/games:/usr/local/games:/snap/bin:/snap/bin', 'SESSION_MANAGER': 'local/rakesh-HP-Pavilion-Laptop-15-eh1xxx:@/tmp/.ICE-unix/4472,unix/rakesh-HP-Pavilion-Laptop-15-eh1xxx:/tmp/.ICE-unix/4472', 'INVOCATION_ID': '1fc811db577e4e5681a89f769627d717', 'XDG_MENU_PREFIX': 'gnome-', 'XDG_RUNTIME_DIR': '/run/user/1000', 'DISPLAY': ':0', 'TERMINATOR_DBUS_PATH': '/net/tenshu/Terminator2', 'LANG': 'en_US.UTF-8', 'XDG_CURRENT_DESKTOP': 'ubuntu:GNOME', 'XMODIFIERS': '@im=ibus', 'XDG_SESSION_DESKTOP': 'ubuntu-xorg', 'XAUTHORITY': '/run/user/1000/gdm/Xauthority', 'SSH_AUTH_SOCK': '/run/user/1000/keyring/ssh', 'AMENT_PREFIX_PATH': '/home/rakesh/ros2_ws/install/dd_robot:/opt/ros/jazzy:', 'SHELL': '/bin/bash', 'IGN_GAZEBO_SYSTEM_PLUGIN_PATH': ':/home/rakesh/home/rakesh/gazebo_ros2_control', 'TERMINATOR_UUID': 'urn:uuid:4eca9848-0a3e-47bf-8447-117def8a8c21', 'QT_ACCESSIBILITY': '1', 'GDMSESSION': 'ubuntu-xorg', 'GPG_AGENT_INFO': '/run/user/1000/gnupg/S.gpg-agent:0:1', 'GJS_DEBUG_OUTPUT': 'stderr', 'ROS_AUTOMATIC_DISCOVERY_RANGE': 'SUBNET', 'QT_IM_MODULE': 'ibus', 'PWD': '/home/rakesh/ros2_ws/build/dd_robot', 'TURTLEBOT3_MODEL': 'waffle', 'LC_ALL': 'en_US.UTF-8', 'XDG_CONFIG_DIRS': '/etc/xdg/xdg-ubuntu-xorg:/etc/xdg', 'GAZEBO_PLUGIN_PATH': '/home/rakesh/home/rakesh/unitree_ros2/lib:/home/rakesh/home/rakesh/unitree_ros2/lib:/opt/ros/jazzy/lib:', 'XDG_DATA_DIRS': '/usr/share/ubuntu-xorg:/usr/share/gnome:/home/rakesh/.local/share/flatpak/exports/share:/var/lib/flatpak/exports/share:/usr/local/share/:/usr/share/:/var/lib/snapd/desktop', 'PYTHONPATH': '/opt/ros/jazzy/lib/python3.12/site-packages', 'COLCON': '1', 'MEMORY_PRESSURE_WRITE': 'c29tZSAyMDAwMDAgMjAwMDAwMAA=', 'VTE_VERSION': '7600', 'GZ_SIM_PHYSICS_ENGINE_PATH': '/usr/lib/x86_64-linux-gnu/gz-physics-6/engine-plugins', 'CMAKE_PREFIX_PATH': '/home/rakesh/ros2_ws/install/dd_robot:/opt/ros/jazzy/opt/gz_sim_vendor:/opt/ros/jazzy/opt/gz_sensors_vendor:/opt/ros/jazzy/opt/gz_physics_vendor:/opt/ros/jazzy/opt/sdformat_vendor:/opt/ros/jazzy/opt/gz_gui_vendor:/opt/ros/jazzy/opt/gz_transport_vendor:/opt/ros/jazzy/opt/gz_rendering_vendor:/opt/ros/jazzy/opt/gz_plugin_vendor:/opt/ros/jazzy/opt/gz_fuel_tools_vendor:/opt/ros/jazzy/opt/gz_msgs_vendor:/opt/ros/jazzy/opt/gz_common_vendor:/opt/ros/jazzy/opt/gz_math_vendor:/opt/ros/jazzy/opt/gz_utils_vendor:/opt/ros/jazzy/opt/gz_tools_vendor:/opt/ros/jazzy/opt/gz_ogre_next_vendor:/opt/ros/jazzy/opt/gz_dartsim_vendor:/opt/ros/jazzy/opt/gz_cmake_vendor:/opt/ros/jazzy:'}), 'shell': False}
[0.096041] (dd_robot) StdoutLine: {'line': b'-- Install configuration: ""\n'}
[0.096445] (dd_robot) StdoutLine: {'line': b'-- Up-to-date: /home/rakesh/ros2_ws/install/dd_robot/share/dd_robot//urdf\n'}
[0.096662] (dd_robot) StdoutLine: {'line': b'-- Up-to-date: /home/rakesh/ros2_ws/install/dd_robot/share/dd_robot//urdf/common_properties.xacro\n'}
[0.096908] (dd_robot) StdoutLine: {'line': b'-- Up-to-date: /home/rakesh/ros2_ws/install/dd_robot/share/dd_robot//urdf/robot_control.xacro\n'}
[0.097004] (dd_robot) StdoutLine: {'line': b'-- Installing: /home/rakesh/ros2_ws/install/dd_robot/share/dd_robot//urdf/mobile_base_gazebo.sdf\n'}
[0.097112] (dd_robot) StdoutLine: {'line': b'-- Up-to-date: /home/rakesh/ros2_ws/install/dd_robot/share/dd_robot//urdf/mobile_base.sdf\n'}
[0.097188] (dd_robot) StdoutLine: {'line': b'-- Up-to-date: /home/rakesh/ros2_ws/install/dd_robot/share/dd_robot//urdf/mobile_base_gazebo.xacro\n'}
[0.097258] (dd_robot) StdoutLine: {'line': b'-- Up-to-date: /home/rakesh/ros2_ws/install/dd_robot/share/dd_robot//urdf/mobile_base.xacro\n'}
[0.097322] (dd_robot) StdoutLine: {'line': b'-- Up-to-date: /home/rakesh/ros2_ws/install/dd_robot/share/dd_robot//urdf/transmission.xacro\n'}
[0.097386] (dd_robot) StdoutLine: {'line': b'-- Up-to-date: /home/rakesh/ros2_ws/install/dd_robot/share/dd_robot//urdf/robot.urdf.xacro\n'}
[0.097453] (dd_robot) StdoutLine: {'line': b'-- Up-to-date: /home/rakesh/ros2_ws/install/dd_robot/share/dd_robot//launch\n'}
[0.097522] (dd_robot) StdoutLine: {'line': b'-- Up-to-date: /home/rakesh/ros2_ws/install/dd_robot/share/dd_robot//launch/display.launch.py\n'}
[0.097588] (dd_robot) StdoutLine: {'line': b'-- Up-to-date: /home/rakesh/ros2_ws/install/dd_robot/share/dd_robot//launch/display.launch.xml\n'}
[0.097663] (dd_robot) StdoutLine: {'line': b'-- Up-to-date: /home/rakesh/ros2_ws/install/dd_robot/share/dd_robot//launch/nav2.launch.py\n'}
[0.097736] (dd_robot) StdoutLine: {'line': b'-- Up-to-date: /home/rakesh/ros2_ws/install/dd_robot/share/dd_robot//rviz\n'}
[0.097802] (dd_robot) StdoutLine: {'line': b'-- Up-to-date: /home/rakesh/ros2_ws/install/dd_robot/share/dd_robot//rviz/robot.rviz\n'}
[0.097866] (dd_robot) StdoutLine: {'line': b'-- Up-to-date: /home/rakesh/ros2_ws/install/dd_robot/share/dd_robot//rviz/dd_robot.rviz\n'}
[0.097937] (dd_robot) StdoutLine: {'line': b'-- Up-to-date: /home/rakesh/ros2_ws/install/dd_robot/share/dd_robot//config\n'}
[0.098003] (dd_robot) StdoutLine: {'line': b'-- Up-to-date: /home/rakesh/ros2_ws/install/dd_robot/share/dd_robot//config/nav2_costmap.yaml\n'}
[0.098107] (dd_robot) StdoutLine: {'line': b'-- Up-to-date: /home/rakesh/ros2_ws/install/dd_robot/share/dd_robot//config/ekf.yaml\n'}
[0.098280] (dd_robot) StdoutLine: {'line': b'-- Up-to-date: /home/rakesh/ros2_ws/install/dd_robot/share/dd_robot//config/slam_params.yaml\n'}
[0.098424] (dd_robot) StdoutLine: {'line': b'-- Up-to-date: /home/rakesh/ros2_ws/install/dd_robot/share/dd_robot//config/nav2_params.yaml\n'}
[0.098552] (dd_robot) StdoutLine: {'line': b'-- Up-to-date: /home/rakesh/ros2_ws/install/dd_robot/share/dd_robot//config/gazebo_bridge.yaml\n'}
[0.098648] (dd_robot) StdoutLine: {'line': b'-- Up-to-date: /home/rakesh/ros2_ws/install/dd_robot/share/dd_robot//config/dd_control.yaml\n'}
[0.098731] (dd_robot) StdoutLine: {'line': b'-- Up-to-date: /home/rakesh/ros2_ws/install/dd_robot/share/dd_robot//worlds\n'}
[0.098806] (dd_robot) StdoutLine: {'line': b'-- Up-to-date: /home/rakesh/ros2_ws/install/dd_robot/share/dd_robot//worlds/model.sdf\n'}
[0.098929] (dd_robot) StdoutLine: {'line': b'-- Up-to-date: /home/rakesh/ros2_ws/install/dd_robot/share/dd_robot//worlds/thumbnails\n'}
[0.099015] (dd_robot) StdoutLine: {'line': b'-- Up-to-date: /home/rakesh/ros2_ws/install/dd_robot/share/dd_robot//worlds/thumbnails/2.png\n'}
[0.099090] (dd_robot) StdoutLine: {'line': b'-- Up-to-date: /home/rakesh/ros2_ws/install/dd_robot/share/dd_robot//worlds/thumbnails/1.png\n'}
[0.099164] (dd_robot) StdoutLine: {'line': b'-- Up-to-date: /home/rakesh/ros2_ws/install/dd_robot/share/dd_robot//worlds/thumbnails/3.png\n'}
[0.099240] (dd_robot) StdoutLine: {'line': b'-- Up-to-date: /home/rakesh/ros2_ws/install/dd_robot/share/dd_robot//worlds/thumbnails/0.png\n'}
[0.099366] (dd_robot) StdoutLine: {'line': b'-- Up-to-date: /home/rakesh/ros2_ws/install/dd_robot/share/dd_robot//worlds/thumbnails/4.png\n'}
[0.099442] (dd_robot) StdoutLine: {'line': b'-- Up-to-date: /home/rakesh/ros2_ws/install/dd_robot/share/dd_robot//worlds/thumbnails/5.png\n'}
[0.099515] (dd_robot) StdoutLine: {'line': b'-- Up-to-date: /home/rakesh/ros2_ws/install/dd_robot/share/dd_robot//worlds/model.config\n'}
[0.099592] (dd_robot) StdoutLine: {'line': b'-- Up-to-date: /home/rakesh/ros2_ws/install/dd_robot/share/dd_robot//worlds/meshes\n'}
[0.099773] (-) TimerEvent: {}
[0.099861] (dd_robot) StdoutLine: {'line': b'-- Up-to-date: /home/rakesh/ros2_ws/install/dd_robot/share/dd_robot//worlds/meshes/Depot.dae\n'}
[0.099952] (dd_robot) StdoutLine: {'line': b'-- Up-to-date: /home/rakesh/ros2_ws/install/dd_robot/share/dd_robot//worlds/meshes/Crates.dae\n'}
[0.100038] (dd_robot) StdoutLine: {'line': b'-- Up-to-date: /home/rakesh/ros2_ws/install/dd_robot/share/dd_robot//worlds/materials\n'}
[0.100122] (dd_robot) StdoutLine: {'line': b'-- Up-to-date: /home/rakesh/ros2_ws/install/dd_robot/share/dd_robot//worlds/materials/scripts\n'}
[0.100209] (dd_robot) StdoutLine: {'line': b'-- Up-to-date: /home/rakesh/ros2_ws/install/dd_robot/share/dd_robot//worlds/materials/scripts/model.material\n'}
[0.100297] (dd_robot) StdoutLine: {'line': b'-- Up-to-date: /home/rakesh/ros2_ws/install/dd_robot/share/dd_robot//worlds/materials/textures\n'}
[0.100546] (dd_robot) StdoutLine: {'line': b'-- Up-to-date: /home/rakesh/ros2_ws/install/dd_robot/share/dd_robot//worlds/materials/textures/STAIRS_Albedo.png\n'}
[0.100658] (dd_robot) StdoutLine: {'line': b'-- Up-to-date: /home/rakesh/ros2_ws/install/dd_robot/share/dd_robot//worlds/materials/textures/INTERCOM_Emissive.png\n'}
[0.100772] (dd_robot) StdoutLine: {'line': b'-- Up-to-date: /home/rakesh/ros2_ws/install/dd_robot/share/dd_robot//worlds/materials/textures/FireAlarmPole_Albedo.png\n'}
[0.100839] (dd_robot) StdoutLine: {'line': b'-- Up-to-date: /home/rakesh/ros2_ws/install/dd_robot/share/dd_robot//worlds/materials/textures/WALLS_Normal.png\n'}
[0.100926] (dd_robot) StdoutLine: {'line': b'-- Up-to-date: /home/rakesh/ros2_ws/install/dd_robot/share/dd_robot//worlds/materials/textures/FANS_Normal.png\n'}
[0.101014] (dd_robot) StdoutLine: {'line': b'-- Up-to-date: /home/rakesh/ros2_ws/install/dd_robot/share/dd_robot//worlds/materials/textures/PILLERS_Normal.png\n'}
[0.101113] (dd_robot) StdoutLine: {'line': b'-- Up-to-date: /home/rakesh/ros2_ws/install/dd_robot/share/dd_robot//worlds/materials/textures/PILLERS_Metalness.png\n'}
[0.101208] (dd_robot) StdoutLine: {'line': b'-- Up-to-date: /home/rakesh/ros2_ws/install/dd_robot/share/dd_robot//worlds/materials/textures/Window_WINDOW_Metallic.png\n'}
[0.101281] (dd_robot) StdoutLine: {'line': b'-- Up-to-date: /home/rakesh/ros2_ws/install/dd_robot/share/dd_robot//worlds/materials/textures/WALLS_Roughness.png\n'}
[0.101345] (dd_robot) StdoutLine: {'line': b'-- Up-to-date: /home/rakesh/ros2_ws/install/dd_robot/share/dd_robot//worlds/materials/textures/Forklift_Forklift_Metallic.png\n'}
[0.101408] (dd_robot) StdoutLine: {'line': b'-- Up-to-date: /home/rakesh/ros2_ws/install/dd_robot/share/dd_robot//worlds/materials/textures/ROOF_Emissive.png\n'}
[0.101475] (dd_robot) StdoutLine: {'line': b'-- Up-to-date: /home/rakesh/ros2_ws/install/dd_robot/share/dd_robot//worlds/materials/textures/FireAlarmPole_Normal.png\n'}
[0.101541] (dd_robot) StdoutLine: {'line': b'-- Up-to-date: /home/rakesh/ros2_ws/install/dd_robot/share/dd_robot//worlds/materials/textures/FLOOR_Roughness.png\n'}
[0.101605] (dd_robot) StdoutLine: {'line': b'-- Up-to-date: /home/rakesh/ros2_ws/install/dd_robot/share/dd_robot//worlds/materials/textures/BOXSET_Metalness.png\n'}
[0.101697] (dd_robot) StdoutLine: {'line': b'-- Up-to-date: /home/rakesh/ros2_ws/install/dd_robot/share/dd_robot//worlds/materials/textures/WALLS_Albedo.png\n'}
[0.101763] (dd_robot) StdoutLine: {'line': b'-- Up-to-date: /home/rakesh/ros2_ws/install/dd_robot/share/dd_robot//worlds/materials/textures/INTERCOM_Albedo.png\n'}
[0.101841] (dd_robot) StdoutLine: {'line': b'-- Up-to-date: /home/rakesh/ros2_ws/install/dd_robot/share/dd_robot//worlds/materials/textures/INTERCOM_Normal.png\n'}
[0.101908] (dd_robot) StdoutLine: {'line': b'-- Up-to-date: /home/rakesh/ros2_ws/install/dd_robot/share/dd_robot//worlds/materials/textures/FireAlarm_Metalness.png\n'}
[0.101972] (dd_robot) StdoutLine: {'line': b'-- Up-to-date: /home/rakesh/ros2_ws/install/dd_robot/share/dd_robot//worlds/materials/textures/FireAlarm_Albedo.png\n'}
[0.102034] (dd_robot) StdoutLine: {'line': b'-- Up-to-date: /home/rakesh/ros2_ws/install/dd_robot/share/dd_robot//worlds/materials/textures/FireAlarmPole_Metalness.png\n'}
[0.102101] (dd_robot) StdoutLine: {'line': b'-- Up-to-date: /home/rakesh/ros2_ws/install/dd_robot/share/dd_robot//worlds/materials/textures/ROOF_Albedo.png\n'}
[0.102169] (dd_robot) StdoutLine: {'line': b'-- Up-to-date: /home/rakesh/ros2_ws/install/dd_robot/share/dd_robot//worlds/materials/textures/FANS_Metalness.png\n'}
[0.102233] (dd_robot) StdoutLine: {'line': b'-- Up-to-date: /home/rakesh/ros2_ws/install/dd_robot/share/dd_robot//worlds/materials/textures/Window_WINDOW_Roughness.png\n'}
[0.102297] (dd_robot) StdoutLine: {'line': b'-- Up-to-date: /home/rakesh/ros2_ws/install/dd_robot/share/dd_robot//worlds/materials/textures/FLOOR_Normal.png\n'}
[0.102364] (dd_robot) StdoutLine: {'line': b'-- Up-to-date: /home/rakesh/ros2_ws/install/dd_robot/share/dd_robot//worlds/materials/textures/ROOF_Normal.png\n'}
[0.102425] (dd_robot) StdoutLine: {'line': b'-- Up-to-date: /home/rakesh/ros2_ws/install/dd_robot/share/dd_robot//worlds/materials/textures/STAIRS_Normal.png\n'}
[0.102494] (dd_robot) StdoutLine: {'line': b'-- Up-to-date: /home/rakesh/ros2_ws/install/dd_robot/share/dd_robot//worlds/materials/textures/STAIRS_Metalness.png\n'}
[0.102560] (dd_robot) StdoutLine: {'line': b'-- Up-to-date: /home/rakesh/ros2_ws/install/dd_robot/share/dd_robot//worlds/materials/textures/BOXSET_Emissive.png\n'}
[0.102647] (dd_robot) StdoutLine: {'line': b'-- Up-to-date: /home/rakesh/ros2_ws/install/dd_robot/share/dd_robot//worlds/materials/textures/Pipes_Normal.png\n'}
[0.102730] (dd_robot) StdoutLine: {'line': b'-- Up-to-date: /home/rakesh/ros2_ws/install/dd_robot/share/dd_robot//worlds/materials/textures/FireAlarmPole_Roughness.png\n'}
[0.102810] (dd_robot) StdoutLine: {'line': b'-- Up-to-date: /home/rakesh/ros2_ws/install/dd_robot/share/dd_robot//worlds/materials/textures/Crates_Crates_Normal.png\n'}
[0.102886] (dd_robot) StdoutLine: {'line': b'-- Up-to-date: /home/rakesh/ros2_ws/install/dd_robot/share/dd_robot//worlds/materials/textures/INTERCOM_Roughness.png\n'}
[0.102965] (dd_robot) StdoutLine: {'line': b'-- Up-to-date: /home/rakesh/ros2_ws/install/dd_robot/share/dd_robot//worlds/materials/textures/BOXSET_Normal.png\n'}
[0.103101] (dd_robot) StdoutLine: {'line': b'-- Up-to-date: /home/rakesh/ros2_ws/install/dd_robot/share/dd_robot//worlds/materials/textures/FireAlarm_Normal.png\n'}
[0.103182] (dd_robot) StdoutLine: {'line': b'-- Up-to-date: /home/rakesh/ros2_ws/install/dd_robot/share/dd_robot//worlds/materials/textures/FLOOR_Albedo.png\n'}
[0.103257] (dd_robot) StdoutLine: {'line': b'-- Up-to-date: /home/rakesh/ros2_ws/install/dd_robot/share/dd_robot//worlds/materials/textures/ROOF_Roughness.png\n'}
[0.103333] (dd_robot) StdoutLine: {'line': b'-- Up-to-date: /home/rakesh/ros2_ws/install/dd_robot/share/dd_robot//worlds/materials/textures/Window_WINDOW_BaseColor.png\n'}
[0.103404] (dd_robot) StdoutLine: {'line': b'-- Up-to-date: /home/rakesh/ros2_ws/install/dd_robot/share/dd_robot//worlds/materials/textures/Pipes_Metalness.png\n'}
[0.103511] (dd_robot) StdoutLine: {'line': b'-- Up-to-date: /home/rakesh/ros2_ws/install/dd_robot/share/dd_robot//worlds/materials/textures/FLOOR_Metalness.png\n'}
[0.103604] (dd_robot) StdoutLine: {'line': b'-- Up-to-date: /home/rakesh/ros2_ws/install/dd_robot/share/dd_robot//worlds/materials/textures/BOXSET_Roughness.png\n'}
[0.103713] (dd_robot) StdoutLine: {'line': b'-- Up-to-date: /home/rakesh/ros2_ws/install/dd_robot/share/dd_robot//worlds/materials/textures/Forklift_Forklift_Roughness.png\n'}
[0.103802] (dd_robot) StdoutLine: {'line': b'-- Up-to-date: /home/rakesh/ros2_ws/install/dd_robot/share/dd_robot//worlds/materials/textures/FANS_Roughness.png\n'}
[0.103883] (dd_robot) StdoutLine: {'line': b'-- Up-to-date: /home/rakesh/ros2_ws/install/dd_robot/share/dd_robot//worlds/materials/textures/Forklift_Forklift_Normal.png\n'}
[0.103968] (dd_robot) StdoutLine: {'line': b'-- Up-to-date: /home/rakesh/ros2_ws/install/dd_robot/share/dd_robot//worlds/materials/textures/Pipes_Roughness.png\n'}
[0.104067] (dd_robot) StdoutLine: {'line': b'-- Up-to-date: /home/rakesh/ros2_ws/install/dd_robot/share/dd_robot//worlds/materials/textures/FanBack_FanBack_BaseColor.png\n'}
[0.104210] (dd_robot) StdoutLine: {'line': b'-- Up-to-date: /home/rakesh/ros2_ws/install/dd_robot/share/dd_robot//worlds/materials/textures/DepotLightmap.png\n'}
[0.104361] (dd_robot) StdoutLine: {'line': b'-- Up-to-date: /home/rakesh/ros2_ws/install/dd_robot/share/dd_robot//worlds/materials/textures/ROOF_Metalness.png\n'}
[0.104447] (dd_robot) StdoutLine: {'line': b'-- Up-to-date: /home/rakesh/ros2_ws/install/dd_robot/share/dd_robot//worlds/materials/textures/Crates_Crates_Roughness.png\n'}
[0.104526] (dd_robot) StdoutLine: {'line': b'-- Up-to-date: /home/rakesh/ros2_ws/install/dd_robot/share/dd_robot//worlds/materials/textures/FireAlarm_Roughness.png\n'}
[0.104709] (dd_robot) StdoutLine: {'line': b'-- Up-to-date: /home/rakesh/ros2_ws/install/dd_robot/share/dd_robot//worlds/materials/textures/Crates_Crates_BaseColor.png\n'}
[0.104807] (dd_robot) StdoutLine: {'line': b'-- Up-to-date: /home/rakesh/ros2_ws/install/dd_robot/share/dd_robot//worlds/materials/textures/STAIRS_Roughness.png\n'}
[0.104881] (dd_robot) StdoutLine: {'line': b'-- Up-to-date: /home/rakesh/ros2_ws/install/dd_robot/share/dd_robot//worlds/materials/textures/FANS_Albedo.png\n'}
[0.104949] (dd_robot) StdoutLine: {'line': b'-- Up-to-date: /home/rakesh/ros2_ws/install/dd_robot/share/dd_robot//worlds/materials/textures/Forklift_Forklift_BaseColor.png\n'}
[0.105016] (dd_robot) StdoutLine: {'line': b'-- Up-to-date: /home/rakesh/ros2_ws/install/dd_robot/share/dd_robot//worlds/materials/textures/PILLERS_Albedo.png\n'}
[0.105081] (dd_robot) StdoutLine: {'line': b'-- Up-to-date: /home/rakesh/ros2_ws/install/dd_robot/share/dd_robot//worlds/materials/textures/PILLERS_Roughness.png\n'}
[0.105150] (dd_robot) StdoutLine: {'line': b'-- Up-to-date: /home/rakesh/ros2_ws/install/dd_robot/share/dd_robot//worlds/materials/textures/Pipes_Albedo.png\n'}
[0.105220] (dd_robot) StdoutLine: {'line': b'-- Up-to-date: /home/rakesh/ros2_ws/install/dd_robot/share/dd_robot//worlds/materials/textures/WALLS_Metalness.png\n'}
[0.105352] (dd_robot) StdoutLine: {'line': b'-- Up-to-date: /home/rakesh/ros2_ws/install/dd_robot/share/dd_robot//worlds/materials/textures/INTERCOM_Metalness.png\n'}
[0.105692] (dd_robot) StdoutLine: {'line': b'-- Up-to-date: /home/rakesh/ros2_ws/install/dd_robot/share/dd_robot//worlds/materials/textures/BOXSET_Albedo.png\n'}
[0.105781] (dd_robot) StdoutLine: {'line': b'-- Up-to-date: /home/rakesh/ros2_ws/install/dd_robot/share/dd_robot//scripts\n'}
[0.105858] (dd_robot) StdoutLine: {'line': b'-- Up-to-date: /home/rakesh/ros2_ws/install/dd_robot/share/dd_robot//scripts/nav2_test.py\n'}
[0.105955] (dd_robot) StdoutLine: {'line': b'-- Up-to-date: /home/rakesh/ros2_ws/install/dd_robot/share/ament_index/resource_index/package_run_dependencies/dd_robot\n'}
[0.106044] (dd_robot) StdoutLine: {'line': b'-- Up-to-date: /home/rakesh/ros2_ws/install/dd_robot/share/ament_index/resource_index/parent_prefix_path/dd_robot\n'}
[0.106123] (dd_robot) StdoutLine: {'line': b'-- Up-to-date: /home/rakesh/ros2_ws/install/dd_robot/share/dd_robot/environment/ament_prefix_path.sh\n'}
[0.106261] (dd_robot) StdoutLine: {'line': b'-- Up-to-date: /home/rakesh/ros2_ws/install/dd_robot/share/dd_robot/environment/ament_prefix_path.dsv\n'}
[0.106332] (dd_robot) StdoutLine: {'line': b'-- Up-to-date: /home/rakesh/ros2_ws/install/dd_robot/share/dd_robot/environment/path.sh\n'}
[0.106593] (dd_robot) StdoutLine: {'line': b'-- Up-to-date: /home/rakesh/ros2_ws/install/dd_robot/share/dd_robot/environment/path.dsv\n'}
[0.106675] (dd_robot) StdoutLine: {'line': b'-- Up-to-date: /home/rakesh/ros2_ws/install/dd_robot/share/dd_robot/local_setup.bash\n'}
[0.106981] (dd_robot) StdoutLine: {'line': b'-- Up-to-date: /home/rakesh/ros2_ws/install/dd_robot/share/dd_robot/local_setup.sh\n'}
[0.107050] (dd_robot) StdoutLine: {'line': b'-- Up-to-date: /home/rakesh/ros2_ws/install/dd_robot/share/dd_robot/local_setup.zsh\n'}
[0.107119] (dd_robot) StdoutLine: {'line': b'-- Up-to-date: /home/rakesh/ros2_ws/install/dd_robot/share/dd_robot/local_setup.dsv\n'}
[0.107185] (dd_robot) StdoutLine: {'line': b'-- Installing: /home/rakesh/ros2_ws/install/dd_robot/share/dd_robot/package.dsv\n'}
[0.107252] (dd_robot) StdoutLine: {'line': b'-- Up-to-date: /home/rakesh/ros2_ws/install/dd_robot/share/ament_index/resource_index/packages/dd_robot\n'}
[0.107320] (dd_robot) StdoutLine: {'line': b'-- Up-to-date: /home/rakesh/ros2_ws/install/dd_robot/share/dd_robot/cmake/dd_robotConfig.cmake\n'}
[0.107392] (dd_robot) StdoutLine: {'line': b'-- Up-to-date: /home/rakesh/ros2_ws/install/dd_robot/share/dd_robot/cmake/dd_robotConfig-version.cmake\n'}
[0.107462] (dd_robot) StdoutLine: {'line': b'-- Up-to-date: /home/rakesh/ros2_ws/install/dd_robot/share/dd_robot/package.xml\n'}
[0.107532] (dd_robot) CommandEnded: {'returncode': 0}
[0.121224] (dd_robot) JobEnded: {'identifier': 'dd_robot', 'rc': 0}
[0.122278] (-) EventReactorShutdown: {}
