[0.017s] Invoking command in '/home/rakesh/ros2_ws/build/dd_robot': CMAKE_PREFIX_PATH=${CMAKE_PREFIX_PATH}:/opt/ros/jazzy: DEBUGINFOD_URLS=https://debuginfod.ubuntu.com /usr/bin/cmake /home/rakesh/ros2_ws/src/differential_drive/dd_robot -DAMENT_CMAKE_SYMLINK_INSTALL=1 -DCMAKE_INSTALL_PREFIX=/home/rakesh/ros2_ws/install/dd_robot
[0.086s] -- Found ament_cmake: 2.5.4 (/opt/ros/jazzy/share/ament_cmake/cmake)
[0.356s] -- Override CMake install command with custom implementation using symlinks instead of copying resources
[0.493s] -- Configuring done (0.4s)
[0.501s] -- Generating done (0.0s)
[0.506s] -- Build files have been written to: /home/rakesh/ros2_ws/build/dd_robot
[0.513s] Invoked command in '/home/rakesh/ros2_ws/build/dd_robot' returned '0': CMAKE_PREFIX_PATH=${CMAKE_PREFIX_PATH}:/opt/ros/jazzy: DEBUGINFOD_URLS=https://debuginfod.ubuntu.com /usr/bin/cmake /home/rakesh/ros2_ws/src/differential_drive/dd_robot -DAMENT_CMAKE_SYMLINK_INSTALL=1 -DCMAKE_INSTALL_PREFIX=/home/rakesh/ros2_ws/install/dd_robot
[0.515s] Invoking command in '/home/rakesh/ros2_ws/build/dd_robot': CMAKE_PREFIX_PATH=${CMAKE_PREFIX_PATH}:/opt/ros/jazzy: DEBUGINFOD_URLS=https://debuginfod.ubuntu.com /usr/bin/cmake --build /home/rakesh/ros2_ws/build/dd_robot -- -j12 -l12
[0.569s] Invoked command in '/home/rakesh/ros2_ws/build/dd_robot' returned '0': CMAKE_PREFIX_PATH=${CMAKE_PREFIX_PATH}:/opt/ros/jazzy: DEBUGINFOD_URLS=https://debuginfod.ubuntu.com /usr/bin/cmake --build /home/rakesh/ros2_ws/build/dd_robot -- -j12 -l12
[0.584s] Invoking command in '/home/rakesh/ros2_ws/build/dd_robot': CMAKE_PREFIX_PATH=${CMAKE_PREFIX_PATH}:/opt/ros/jazzy: DEBUGINFOD_URLS=https://debuginfod.ubuntu.com /usr/bin/cmake --install /home/rakesh/ros2_ws/build/dd_robot
[0.595s] -- Install configuration: ""
[0.595s] -- Execute custom install script
[0.596s] -- Up-to-date symlink: /home/rakesh/ros2_ws/install/dd_robot/share/dd_robot//urdf/common_properties.xacro
[0.596s] -- Up-to-date symlink: /home/rakesh/ros2_ws/install/dd_robot/share/dd_robot//urdf/mobile_base.xacro
[0.596s] -- Up-to-date symlink: /home/rakesh/ros2_ws/install/dd_robot/share/dd_robot//urdf/mobile_base_gazebo.xacro
[0.596s] -- Up-to-date symlink: /home/rakesh/ros2_ws/install/dd_robot/share/dd_robot//urdf/robot.urdf.xacro
[0.597s] -- Up-to-date symlink: /home/rakesh/ros2_ws/install/dd_robot/share/dd_robot//urdf/robot_control.xacro
[0.597s] -- Up-to-date symlink: /home/rakesh/ros2_ws/install/dd_robot/share/dd_robot//urdf/transmission.xacro
[0.597s] -- Up-to-date symlink: /home/rakesh/ros2_ws/install/dd_robot/share/dd_robot//launch/display.launch.py
[0.597s] -- Up-to-date symlink: /home/rakesh/ros2_ws/install/dd_robot/share/dd_robot//launch/display.launch.xml
[0.597s] -- Up-to-date symlink: /home/rakesh/ros2_ws/install/dd_robot/share/dd_robot//rviz/dd_robot.rviz
[0.597s] -- Up-to-date symlink: /home/rakesh/ros2_ws/install/dd_robot/share/dd_robot//rviz/robot.rviz
[0.598s] -- Up-to-date symlink: /home/rakesh/ros2_ws/install/dd_robot/share/dd_robot//config/dd_control.yaml
[0.598s] -- Up-to-date symlink: /home/rakesh/ros2_ws/install/dd_robot/share/dd_robot//config/ekf.yaml
[0.598s] -- Up-to-date symlink: /home/rakesh/ros2_ws/install/dd_robot/share/dd_robot//config/gazebo_bridge.yaml
[0.598s] -- Up-to-date symlink: /home/rakesh/ros2_ws/install/dd_robot/share/dd_robot//config/nav2_costmap.yaml
[0.598s] -- Up-to-date symlink: /home/rakesh/ros2_ws/install/dd_robot/share/dd_robot//config/nav2_params.yaml
[0.599s] -- Up-to-date symlink: /home/rakesh/ros2_ws/install/dd_robot/share/dd_robot//worlds/materials/scripts/model.material
[0.599s] -- Up-to-date symlink: /home/rakesh/ros2_ws/install/dd_robot/share/dd_robot//worlds/materials/textures/BOXSET_Albedo.png
[0.600s] -- Up-to-date symlink: /home/rakesh/ros2_ws/install/dd_robot/share/dd_robot//worlds/materials/textures/BOXSET_Emissive.png
[0.600s] -- Up-to-date symlink: /home/rakesh/ros2_ws/install/dd_robot/share/dd_robot//worlds/materials/textures/BOXSET_Metalness.png
[0.600s] -- Up-to-date symlink: /home/rakesh/ros2_ws/install/dd_robot/share/dd_robot//worlds/materials/textures/BOXSET_Normal.png
[0.600s] -- Up-to-date symlink: /home/rakesh/ros2_ws/install/dd_robot/share/dd_robot//worlds/materials/textures/BOXSET_Roughness.png
[0.600s] -- Up-to-date symlink: /home/rakesh/ros2_ws/install/dd_robot/share/dd_robot//worlds/materials/textures/Crates_Crates_BaseColor.png
[0.601s] -- Up-to-date symlink: /home/rakesh/ros2_ws/install/dd_robot/share/dd_robot//worlds/materials/textures/Crates_Crates_Normal.png
[0.601s] -- Up-to-date symlink: /home/rakesh/ros2_ws/install/dd_robot/share/dd_robot//worlds/materials/textures/Crates_Crates_Roughness.png
[0.601s] -- Up-to-date symlink: /home/rakesh/ros2_ws/install/dd_robot/share/dd_robot//worlds/materials/textures/DepotLightmap.png
[0.601s] -- Up-to-date symlink: /home/rakesh/ros2_ws/install/dd_robot/share/dd_robot//worlds/materials/textures/FANS_Albedo.png
[0.602s] -- Up-to-date symlink: /home/rakesh/ros2_ws/install/dd_robot/share/dd_robot//worlds/materials/textures/FANS_Metalness.png
[0.602s] -- Up-to-date symlink: /home/rakesh/ros2_ws/install/dd_robot/share/dd_robot//worlds/materials/textures/FANS_Normal.png
[0.602s] -- Up-to-date symlink: /home/rakesh/ros2_ws/install/dd_robot/share/dd_robot//worlds/materials/textures/FANS_Roughness.png
[0.602s] -- Up-to-date symlink: /home/rakesh/ros2_ws/install/dd_robot/share/dd_robot//worlds/materials/textures/FLOOR_Albedo.png
[0.602s] -- Up-to-date symlink: /home/rakesh/ros2_ws/install/dd_robot/share/dd_robot//worlds/materials/textures/FLOOR_Metalness.png
[0.602s] -- Up-to-date symlink: /home/rakesh/ros2_ws/install/dd_robot/share/dd_robot//worlds/materials/textures/FLOOR_Normal.png
[0.602s] -- Up-to-date symlink: /home/rakesh/ros2_ws/install/dd_robot/share/dd_robot//worlds/materials/textures/FLOOR_Roughness.png
[0.603s] -- Up-to-date symlink: /home/rakesh/ros2_ws/install/dd_robot/share/dd_robot//worlds/materials/textures/FanBack_FanBack_BaseColor.png
[0.603s] -- Up-to-date symlink: /home/rakesh/ros2_ws/install/dd_robot/share/dd_robot//worlds/materials/textures/FireAlarmPole_Albedo.png
[0.603s] -- Up-to-date symlink: /home/rakesh/ros2_ws/install/dd_robot/share/dd_robot//worlds/materials/textures/FireAlarmPole_Metalness.png
[0.603s] -- Up-to-date symlink: /home/rakesh/ros2_ws/install/dd_robot/share/dd_robot//worlds/materials/textures/FireAlarmPole_Normal.png
[0.603s] -- Up-to-date symlink: /home/rakesh/ros2_ws/install/dd_robot/share/dd_robot//worlds/materials/textures/FireAlarmPole_Roughness.png
[0.604s] -- Up-to-date symlink: /home/rakesh/ros2_ws/install/dd_robot/share/dd_robot//worlds/materials/textures/FireAlarm_Albedo.png
[0.604s] -- Up-to-date symlink: /home/rakesh/ros2_ws/install/dd_robot/share/dd_robot//worlds/materials/textures/FireAlarm_Metalness.png
[0.604s] -- Up-to-date symlink: /home/rakesh/ros2_ws/install/dd_robot/share/dd_robot//worlds/materials/textures/FireAlarm_Normal.png
[0.604s] -- Up-to-date symlink: /home/rakesh/ros2_ws/install/dd_robot/share/dd_robot//worlds/materials/textures/FireAlarm_Roughness.png
[0.605s] -- Up-to-date symlink: /home/rakesh/ros2_ws/install/dd_robot/share/dd_robot//worlds/materials/textures/Forklift_Forklift_BaseColor.png
[0.605s] -- Up-to-date symlink: /home/rakesh/ros2_ws/install/dd_robot/share/dd_robot//worlds/materials/textures/Forklift_Forklift_Metallic.png
[0.605s] -- Up-to-date symlink: /home/rakesh/ros2_ws/install/dd_robot/share/dd_robot//worlds/materials/textures/Forklift_Forklift_Normal.png
[0.605s] -- Up-to-date symlink: /home/rakesh/ros2_ws/install/dd_robot/share/dd_robot//worlds/materials/textures/Forklift_Forklift_Roughness.png
[0.605s] -- Up-to-date symlink: /home/rakesh/ros2_ws/install/dd_robot/share/dd_robot//worlds/materials/textures/INTERCOM_Albedo.png
[0.605s] -- Up-to-date symlink: /home/rakesh/ros2_ws/install/dd_robot/share/dd_robot//worlds/materials/textures/INTERCOM_Emissive.png
[0.605s] -- Up-to-date symlink: /home/rakesh/ros2_ws/install/dd_robot/share/dd_robot//worlds/materials/textures/INTERCOM_Metalness.png
[0.606s] -- Up-to-date symlink: /home/rakesh/ros2_ws/install/dd_robot/share/dd_robot//worlds/materials/textures/INTERCOM_Normal.png
[0.606s] -- Up-to-date symlink: /home/rakesh/ros2_ws/install/dd_robot/share/dd_robot//worlds/materials/textures/INTERCOM_Roughness.png
[0.606s] -- Up-to-date symlink: /home/rakesh/ros2_ws/install/dd_robot/share/dd_robot//worlds/materials/textures/PILLERS_Albedo.png
[0.606s] -- Up-to-date symlink: /home/rakesh/ros2_ws/install/dd_robot/share/dd_robot//worlds/materials/textures/PILLERS_Metalness.png
[0.606s] -- Up-to-date symlink: /home/rakesh/ros2_ws/install/dd_robot/share/dd_robot//worlds/materials/textures/PILLERS_Normal.png
[0.607s] -- Up-to-date symlink: /home/rakesh/ros2_ws/install/dd_robot/share/dd_robot//worlds/materials/textures/PILLERS_Roughness.png
[0.607s] -- Up-to-date symlink: /home/rakesh/ros2_ws/install/dd_robot/share/dd_robot//worlds/materials/textures/Pipes_Albedo.png
[0.607s] -- Up-to-date symlink: /home/rakesh/ros2_ws/install/dd_robot/share/dd_robot//worlds/materials/textures/Pipes_Metalness.png
[0.607s] -- Up-to-date symlink: /home/rakesh/ros2_ws/install/dd_robot/share/dd_robot//worlds/materials/textures/Pipes_Normal.png
[0.607s] -- Up-to-date symlink: /home/rakesh/ros2_ws/install/dd_robot/share/dd_robot//worlds/materials/textures/Pipes_Roughness.png
[0.607s] -- Up-to-date symlink: /home/rakesh/ros2_ws/install/dd_robot/share/dd_robot//worlds/materials/textures/ROOF_Albedo.png
[0.607s] -- Up-to-date symlink: /home/rakesh/ros2_ws/install/dd_robot/share/dd_robot//worlds/materials/textures/ROOF_Emissive.png
[0.608s] -- Up-to-date symlink: /home/rakesh/ros2_ws/install/dd_robot/share/dd_robot//worlds/materials/textures/ROOF_Metalness.png
[0.608s] -- Up-to-date symlink: /home/rakesh/ros2_ws/install/dd_robot/share/dd_robot//worlds/materials/textures/ROOF_Normal.png
[0.608s] -- Up-to-date symlink: /home/rakesh/ros2_ws/install/dd_robot/share/dd_robot//worlds/materials/textures/ROOF_Roughness.png
[0.608s] -- Up-to-date symlink: /home/rakesh/ros2_ws/install/dd_robot/share/dd_robot//worlds/materials/textures/STAIRS_Albedo.png
[0.608s] -- Up-to-date symlink: /home/rakesh/ros2_ws/install/dd_robot/share/dd_robot//worlds/materials/textures/STAIRS_Metalness.png
[0.609s] -- Up-to-date symlink: /home/rakesh/ros2_ws/install/dd_robot/share/dd_robot//worlds/materials/textures/STAIRS_Normal.png
[0.609s] -- Up-to-date symlink: /home/rakesh/ros2_ws/install/dd_robot/share/dd_robot//worlds/materials/textures/STAIRS_Roughness.png
[0.609s] -- Up-to-date symlink: /home/rakesh/ros2_ws/install/dd_robot/share/dd_robot//worlds/materials/textures/WALLS_Albedo.png
[0.609s] -- Up-to-date symlink: /home/rakesh/ros2_ws/install/dd_robot/share/dd_robot//worlds/materials/textures/WALLS_Metalness.png
[0.609s] -- Up-to-date symlink: /home/rakesh/ros2_ws/install/dd_robot/share/dd_robot//worlds/materials/textures/WALLS_Normal.png
[0.609s] -- Up-to-date symlink: /home/rakesh/ros2_ws/install/dd_robot/share/dd_robot//worlds/materials/textures/WALLS_Roughness.png
[0.610s] -- Up-to-date symlink: /home/rakesh/ros2_ws/install/dd_robot/share/dd_robot//worlds/materials/textures/Window_WINDOW_BaseColor.png
[0.610s] -- Up-to-date symlink: /home/rakesh/ros2_ws/install/dd_robot/share/dd_robot//worlds/materials/textures/Window_WINDOW_Metallic.png
[0.610s] -- Up-to-date symlink: /home/rakesh/ros2_ws/install/dd_robot/share/dd_robot//worlds/materials/textures/Window_WINDOW_Roughness.png
[0.610s] -- Up-to-date symlink: /home/rakesh/ros2_ws/install/dd_robot/share/dd_robot//worlds/meshes/Crates.dae
[0.610s] -- Up-to-date symlink: /home/rakesh/ros2_ws/install/dd_robot/share/dd_robot//worlds/meshes/Depot.dae
[0.610s] -- Up-to-date symlink: /home/rakesh/ros2_ws/install/dd_robot/share/dd_robot//worlds/model.config
[0.610s] -- Up-to-date symlink: /home/rakesh/ros2_ws/install/dd_robot/share/dd_robot//worlds/model.sdf
[0.611s] -- Up-to-date symlink: /home/rakesh/ros2_ws/install/dd_robot/share/dd_robot//worlds/my_world.sdf
[0.611s] -- Up-to-date symlink: /home/rakesh/ros2_ws/install/dd_robot/share/dd_robot//worlds/thumbnails/0.png
[0.611s] -- Up-to-date symlink: /home/rakesh/ros2_ws/install/dd_robot/share/dd_robot//worlds/thumbnails/1.png
[0.611s] -- Up-to-date symlink: /home/rakesh/ros2_ws/install/dd_robot/share/dd_robot//worlds/thumbnails/2.png
[0.611s] -- Up-to-date symlink: /home/rakesh/ros2_ws/install/dd_robot/share/dd_robot//worlds/thumbnails/3.png
[0.611s] -- Up-to-date symlink: /home/rakesh/ros2_ws/install/dd_robot/share/dd_robot//worlds/thumbnails/4.png
[0.612s] -- Up-to-date symlink: /home/rakesh/ros2_ws/install/dd_robot/share/dd_robot//worlds/thumbnails/5.png
[0.612s] -- Up-to-date symlink: /home/rakesh/ros2_ws/install/dd_robot/share/ament_index/resource_index/package_run_dependencies/dd_robot
[0.612s] -- Up-to-date symlink: /home/rakesh/ros2_ws/install/dd_robot/share/ament_index/resource_index/parent_prefix_path/dd_robot
[0.612s] -- Up-to-date symlink: /home/rakesh/ros2_ws/install/dd_robot/share/dd_robot/environment/ament_prefix_path.sh
[0.612s] -- Up-to-date symlink: /home/rakesh/ros2_ws/install/dd_robot/share/dd_robot/environment/ament_prefix_path.dsv
[0.612s] -- Up-to-date symlink: /home/rakesh/ros2_ws/install/dd_robot/share/dd_robot/environment/path.sh
[0.612s] -- Up-to-date symlink: /home/rakesh/ros2_ws/install/dd_robot/share/dd_robot/environment/path.dsv
[0.613s] -- Up-to-date symlink: /home/rakesh/ros2_ws/install/dd_robot/share/dd_robot/local_setup.bash
[0.613s] -- Up-to-date symlink: /home/rakesh/ros2_ws/install/dd_robot/share/dd_robot/local_setup.sh
[0.613s] -- Up-to-date symlink: /home/rakesh/ros2_ws/install/dd_robot/share/dd_robot/local_setup.zsh
[0.613s] -- Up-to-date symlink: /home/rakesh/ros2_ws/install/dd_robot/share/dd_robot/local_setup.dsv
[0.613s] -- Symlinking: /home/rakesh/ros2_ws/install/dd_robot/share/dd_robot/package.dsv
[0.625s] -- Up-to-date symlink: /home/rakesh/ros2_ws/install/dd_robot/share/ament_index/resource_index/packages/dd_robot
[0.625s] -- Up-to-date symlink: /home/rakesh/ros2_ws/install/dd_robot/share/dd_robot/cmake/dd_robotConfig.cmake
[0.625s] -- Up-to-date symlink: /home/rakesh/ros2_ws/install/dd_robot/share/dd_robot/cmake/dd_robotConfig-version.cmake
[0.625s] -- Up-to-date symlink: /home/rakesh/ros2_ws/install/dd_robot/share/dd_robot/package.xml
[0.628s] Invoked command in '/home/rakesh/ros2_ws/build/dd_robot' returned '0': CMAKE_PREFIX_PATH=${CMAKE_PREFIX_PATH}:/opt/ros/jazzy: DEBUGINFOD_URLS=https://debuginfod.ubuntu.com /usr/bin/cmake --install /home/rakesh/ros2_ws/build/dd_robot
