[0.000000] (-) TimerEvent: {}
[0.000555] (dd_robot) JobQueued: {'identifier': 'dd_robot', 'dependencies': OrderedDict()}
[0.000631] (dd_robot) JobStarted: {'identifier': 'dd_robot'}
[0.011061] (dd_robot) JobProgress: {'identifier': 'dd_robot', 'progress': 'cmake'}
[0.011605] (dd_robot) JobProgress: {'identifier': 'dd_robot', 'progress': 'build'}
[0.012145] (dd_robot) Command: {'cmd': ['/usr/bin/cmake', '--build', '/home/rakesh/ros2_ws/build/dd_robot', '--', '-j12', '-l12'], 'cwd': '/home/rakesh/ros2_ws/build/dd_robot', 'env': OrderedDict({'GZ_SIM_SYSTEM_PLUGIN_PATH': ':/home/rakesh/opt/ros/jazzy/share/gz_ros2_control:/opt/ros/jazzy/lib', 'GJS_DEBUG_TOPICS': 'JS ERROR;JS LOG', 'XDG_ACTIVATION_TOKEN': 'gnome-shell/Terminator/4503-0-rakesh-HP-Pavilion-Laptop-15-eh1xxx_TIME4349040', 'GZ_SIM_RESOURCE_PATH': '/opt/ros/jazzy/share:/home/rakesh/practice/src/unitree_go2_ros2/unitree_go2_description/worlds:/home/rakesh/ros2_ws/src/differential_drive/dd_robot/worlds', 'USER': 'rakesh', 'GZ_CONFIG_PATH': '/opt/ros/jazzy/opt/gz_sim_vendor/share/gz:/opt/ros/jazzy/opt/sdformat_vendor/share/gz:/opt/ros/jazzy/opt/gz_gui_vendor/share/gz:/opt/ros/jazzy/opt/gz_transport_vendor/share/gz:/opt/ros/jazzy/opt/gz_rendering_vendor/share/gz:/opt/ros/jazzy/opt/gz_plugin_vendor/share/gz:/opt/ros/jazzy/opt/gz_fuel_tools_vendor/share/gz:/opt/ros/jazzy/opt/gz_msgs_vendor/share/gz:/opt/ros/jazzy/opt/gz_common_vendor/share/gz', 'XDG_SESSION_TYPE': 'x11', 'CLUTTER_DISABLE_MIPMAPPED_TEXT': '1', 'SHLVL': '1', 'LD_LIBRARY_PATH': '/opt/ros/jazzy/opt/gz_sim_vendor/lib:/opt/ros/jazzy/opt/gz_sensors_vendor/lib:/opt/ros/jazzy/opt/gz_physics_vendor/lib:/opt/ros/jazzy/opt/sdformat_vendor/lib:/opt/ros/jazzy/opt/rviz_ogre_vendor/lib:/opt/ros/jazzy/lib/x86_64-linux-gnu:/opt/ros/jazzy/opt/gz_gui_vendor/lib:/opt/ros/jazzy/opt/gz_transport_vendor/lib:/opt/ros/jazzy/opt/gz_rendering_vendor/lib:/opt/ros/jazzy/opt/gz_plugin_vendor/lib:/opt/ros/jazzy/opt/gz_fuel_tools_vendor/lib:/opt/ros/jazzy/opt/gz_msgs_vendor/lib:/opt/ros/jazzy/opt/gz_common_vendor/lib:/opt/ros/jazzy/opt/gz_math_vendor/lib:/opt/ros/jazzy/opt/gz_utils_vendor/lib:/opt/ros/jazzy/opt/gz_tools_vendor/lib:/opt/ros/jazzy/opt/gz_ogre_next_vendor/lib:/opt/ros/jazzy/opt/gz_dartsim_vendor/lib:/opt/ros/jazzy/opt/gz_cmake_vendor/lib:/opt/ros/jazzy/lib:/opt/ros/jazzy/lib:/opt/unitree_robotics/lib:', 'HOME': '/home/rakesh', 'OLDPWD': '/home/rakesh', 'DESKTOP_SESSION': 'ubuntu-xorg', 'GIO_LAUNCHED_DESKTOP_FILE': '/usr/share/applications/terminator.desktop', 'ROS_PYTHON_VERSION': '3', 'GNOME_SHELL_SESSION_MODE': 'ubuntu', 'GTK_MODULES': 'gail:atk-bridge', 'MANAGERPID': '4103', 'SYSTEMD_EXEC_PID': '4503', 'GSM_SKIP_SSH_AGENT_WORKAROUND': 'true', 'DBUS_SESSION_BUS_ADDRESS': 'unix:path=/run/user/1000/bus', 'COLORTERM': 'truecolor', 'TERMINATOR_DBUS_NAME': 'net.tenshu.Terminator21a9d5db22c73a993ff0b42f64b396873', 'GIO_LAUNCHED_DESKTOP_FILE_PID': '5302', 'DEBUGINFOD_URLS': 'https://debuginfod.ubuntu.com', 'COLCON_PREFIX_PATH': '/home/rakesh/ros2_ws/install', 'ROS_DISTRO': 'jazzy', 'LOGNAME': 'rakesh', 'JOURNAL_STREAM': '9:40362', '_': '/usr/bin/colcon', 'ROS_VERSION': '2', 'MEMORY_PRESSURE_WATCH': '/sys/fs/cgroup/user.slice/user-1000.slice/user@1000.service/session.slice/org.gnome.Shell@x11.service/memory.pressure', 'XDG_SESSION_CLASS': 'user', 'USERNAME': 'rakesh', 'TERM': 'xterm-256color', 'GAZEBO_MODEL_PATH': '/opt/ros/jazzy/share/:/home/rakesh/go2_ws/src/go2_description:', 'GNOME_DESKTOP_SESSION_ID': 'this-is-deprecated', 'WINDOWPATH': '2', 'PATH': '/opt/ros/jazzy/opt/gz_msgs_vendor/bin:/opt/ros/jazzy/opt/gz_tools_vendor/bin:/opt/ros/jazzy/opt/gz_ogre_next_vendor/bin:/opt/ros/jazzy/bin:/opt/unitree_robotics/bin:/usr/local/sbin:/usr/local/bin:/usr/sbin:/usr/bin:/sbin:/bin:/usr/games:/usr/local/games:/snap/bin:/snap/bin', 'SESSION_MANAGER': 'local/rakesh-HP-Pavilion-Laptop-15-eh1xxx:@/tmp/.ICE-unix/4472,unix/rakesh-HP-Pavilion-Laptop-15-eh1xxx:/tmp/.ICE-unix/4472', 'INVOCATION_ID': '1fc811db577e4e5681a89f769627d717', 'XDG_MENU_PREFIX': 'gnome-', 'XDG_RUNTIME_DIR': '/run/user/1000', 'DISPLAY': ':0', 'TERMINATOR_DBUS_PATH': '/net/tenshu/Terminator2', 'LANG': 'en_US.UTF-8', 'XDG_CURRENT_DESKTOP': 'ubuntu:GNOME', 'XMODIFIERS': '@im=ibus', 'XDG_SESSION_DESKTOP': 'ubuntu-xorg', 'XAUTHORITY': '/run/user/1000/gdm/Xauthority', 'SSH_AUTH_SOCK': '/run/user/1000/keyring/ssh', 'AMENT_PREFIX_PATH': '/home/rakesh/ros2_ws/install/dd_robot:/opt/ros/jazzy:', 'SHELL': '/bin/bash', 'IGN_GAZEBO_SYSTEM_PLUGIN_PATH': ':/home/rakesh/home/rakesh/gazebo_ros2_control', 'TERMINATOR_UUID': 'urn:uuid:4eca9848-0a3e-47bf-8447-117def8a8c21', 'QT_ACCESSIBILITY': '1', 'GDMSESSION': 'ubuntu-xorg', 'GPG_AGENT_INFO': '/run/user/1000/gnupg/S.gpg-agent:0:1', 'GJS_DEBUG_OUTPUT': 'stderr', 'ROS_AUTOMATIC_DISCOVERY_RANGE': 'SUBNET', 'QT_IM_MODULE': 'ibus', 'PWD': '/home/rakesh/ros2_ws/build/dd_robot', 'TURTLEBOT3_MODEL': 'waffle', 'LC_ALL': 'en_US.UTF-8', 'XDG_CONFIG_DIRS': '/etc/xdg/xdg-ubuntu-xorg:/etc/xdg', 'GAZEBO_PLUGIN_PATH': '/home/rakesh/home/rakesh/unitree_ros2/lib:/home/rakesh/home/rakesh/unitree_ros2/lib:/opt/ros/jazzy/lib:', 'XDG_DATA_DIRS': '/usr/share/ubuntu-xorg:/usr/share/gnome:/home/rakesh/.local/share/flatpak/exports/share:/var/lib/flatpak/exports/share:/usr/local/share/:/usr/share/:/var/lib/snapd/desktop', 'PYTHONPATH': '/opt/ros/jazzy/lib/python3.12/site-packages', 'COLCON': '1', 'MEMORY_PRESSURE_WRITE': 'c29tZSAyMDAwMDAgMjAwMDAwMAA=', 'VTE_VERSION': '7600', 'GZ_SIM_PHYSICS_ENGINE_PATH': '/usr/lib/x86_64-linux-gnu/gz-physics-6/engine-plugins', 'CMAKE_PREFIX_PATH': '/home/rakesh/ros2_ws/install/dd_robot:/opt/ros/jazzy/opt/gz_sim_vendor:/opt/ros/jazzy/opt/gz_sensors_vendor:/opt/ros/jazzy/opt/gz_physics_vendor:/opt/ros/jazzy/opt/sdformat_vendor:/opt/ros/jazzy/opt/gz_gui_vendor:/opt/ros/jazzy/opt/gz_transport_vendor:/opt/ros/jazzy/opt/gz_rendering_vendor:/opt/ros/jazzy/opt/gz_plugin_vendor:/opt/ros/jazzy/opt/gz_fuel_tools_vendor:/opt/ros/jazzy/opt/gz_msgs_vendor:/opt/ros/jazzy/opt/gz_common_vendor:/opt/ros/jazzy/opt/gz_math_vendor:/opt/ros/jazzy/opt/gz_utils_vendor:/opt/ros/jazzy/opt/gz_tools_vendor:/opt/ros/jazzy/opt/gz_ogre_next_vendor:/opt/ros/jazzy/opt/gz_dartsim_vendor:/opt/ros/jazzy/opt/gz_cmake_vendor:/opt/ros/jazzy:'}), 'shell': False}
[0.069117] (dd_robot) CommandEnded: {'returncode': 0}
[0.070105] (dd_robot) JobProgress: {'identifier': 'dd_robot', 'progress': 'install'}
[0.084058] (dd_robot) Command: {'cmd': ['/usr/bin/cmake', '--install', '/home/rakesh/ros2_ws/build/dd_robot'], 'cwd': '/home/rakesh/ros2_ws/build/dd_robot', 'env': OrderedDict({'GZ_SIM_SYSTEM_PLUGIN_PATH': ':/home/rakesh/opt/ros/jazzy/share/gz_ros2_control:/opt/ros/jazzy/lib', 'GJS_DEBUG_TOPICS': 'JS ERROR;JS LOG', 'XDG_ACTIVATION_TOKEN': 'gnome-shell/Terminator/4503-0-rakesh-HP-Pavilion-Laptop-15-eh1xxx_TIME4349040', 'GZ_SIM_RESOURCE_PATH': '/opt/ros/jazzy/share:/home/rakesh/practice/src/unitree_go2_ros2/unitree_go2_description/worlds:/home/rakesh/ros2_ws/src/differential_drive/dd_robot/worlds', 'USER': 'rakesh', 'GZ_CONFIG_PATH': '/opt/ros/jazzy/opt/gz_sim_vendor/share/gz:/opt/ros/jazzy/opt/sdformat_vendor/share/gz:/opt/ros/jazzy/opt/gz_gui_vendor/share/gz:/opt/ros/jazzy/opt/gz_transport_vendor/share/gz:/opt/ros/jazzy/opt/gz_rendering_vendor/share/gz:/opt/ros/jazzy/opt/gz_plugin_vendor/share/gz:/opt/ros/jazzy/opt/gz_fuel_tools_vendor/share/gz:/opt/ros/jazzy/opt/gz_msgs_vendor/share/gz:/opt/ros/jazzy/opt/gz_common_vendor/share/gz', 'XDG_SESSION_TYPE': 'x11', 'CLUTTER_DISABLE_MIPMAPPED_TEXT': '1', 'SHLVL': '1', 'LD_LIBRARY_PATH': '/opt/ros/jazzy/opt/gz_sim_vendor/lib:/opt/ros/jazzy/opt/gz_sensors_vendor/lib:/opt/ros/jazzy/opt/gz_physics_vendor/lib:/opt/ros/jazzy/opt/sdformat_vendor/lib:/opt/ros/jazzy/opt/rviz_ogre_vendor/lib:/opt/ros/jazzy/lib/x86_64-linux-gnu:/opt/ros/jazzy/opt/gz_gui_vendor/lib:/opt/ros/jazzy/opt/gz_transport_vendor/lib:/opt/ros/jazzy/opt/gz_rendering_vendor/lib:/opt/ros/jazzy/opt/gz_plugin_vendor/lib:/opt/ros/jazzy/opt/gz_fuel_tools_vendor/lib:/opt/ros/jazzy/opt/gz_msgs_vendor/lib:/opt/ros/jazzy/opt/gz_common_vendor/lib:/opt/ros/jazzy/opt/gz_math_vendor/lib:/opt/ros/jazzy/opt/gz_utils_vendor/lib:/opt/ros/jazzy/opt/gz_tools_vendor/lib:/opt/ros/jazzy/opt/gz_ogre_next_vendor/lib:/opt/ros/jazzy/opt/gz_dartsim_vendor/lib:/opt/ros/jazzy/opt/gz_cmake_vendor/lib:/opt/ros/jazzy/lib:/opt/ros/jazzy/lib:/opt/unitree_robotics/lib:', 'HOME': '/home/rakesh', 'OLDPWD': '/home/rakesh', 'DESKTOP_SESSION': 'ubuntu-xorg', 'GIO_LAUNCHED_DESKTOP_FILE': '/usr/share/applications/terminator.desktop', 'ROS_PYTHON_VERSION': '3', 'GNOME_SHELL_SESSION_MODE': 'ubuntu', 'GTK_MODULES': 'gail:atk-bridge', 'MANAGERPID': '4103', 'SYSTEMD_EXEC_PID': '4503', 'GSM_SKIP_SSH_AGENT_WORKAROUND': 'true', 'DBUS_SESSION_BUS_ADDRESS': 'unix:path=/run/user/1000/bus', 'COLORTERM': 'truecolor', 'TERMINATOR_DBUS_NAME': 'net.tenshu.Terminator21a9d5db22c73a993ff0b42f64b396873', 'GIO_LAUNCHED_DESKTOP_FILE_PID': '5302', 'DEBUGINFOD_URLS': 'https://debuginfod.ubuntu.com', 'COLCON_PREFIX_PATH': '/home/rakesh/ros2_ws/install', 'ROS_DISTRO': 'jazzy', 'LOGNAME': 'rakesh', 'JOURNAL_STREAM': '9:40362', '_': '/usr/bin/colcon', 'ROS_VERSION': '2', 'MEMORY_PRESSURE_WATCH': '/sys/fs/cgroup/user.slice/user-1000.slice/user@1000.service/session.slice/org.gnome.Shell@x11.service/memory.pressure', 'XDG_SESSION_CLASS': 'user', 'USERNAME': 'rakesh', 'TERM': 'xterm-256color', 'GAZEBO_MODEL_PATH': '/opt/ros/jazzy/share/:/home/rakesh/go2_ws/src/go2_description:', 'GNOME_DESKTOP_SESSION_ID': 'this-is-deprecated', 'WINDOWPATH': '2', 'PATH': '/opt/ros/jazzy/opt/gz_msgs_vendor/bin:/opt/ros/jazzy/opt/gz_tools_vendor/bin:/opt/ros/jazzy/opt/gz_ogre_next_vendor/bin:/opt/ros/jazzy/bin:/opt/unitree_robotics/bin:/usr/local/sbin:/usr/local/bin:/usr/sbin:/usr/bin:/sbin:/bin:/usr/games:/usr/local/games:/snap/bin:/snap/bin', 'SESSION_MANAGER': 'local/rakesh-HP-Pavilion-Laptop-15-eh1xxx:@/tmp/.ICE-unix/4472,unix/rakesh-HP-Pavilion-Laptop-15-eh1xxx:/tmp/.ICE-unix/4472', 'INVOCATION_ID': '1fc811db577e4e5681a89f769627d717', 'XDG_MENU_PREFIX': 'gnome-', 'XDG_RUNTIME_DIR': '/run/user/1000', 'DISPLAY': ':0', 'TERMINATOR_DBUS_PATH': '/net/tenshu/Terminator2', 'LANG': 'en_US.UTF-8', 'XDG_CURRENT_DESKTOP': 'ubuntu:GNOME', 'XMODIFIERS': '@im=ibus', 'XDG_SESSION_DESKTOP': 'ubuntu-xorg', 'XAUTHORITY': '/run/user/1000/gdm/Xauthority', 'SSH_AUTH_SOCK': '/run/user/1000/keyring/ssh', 'AMENT_PREFIX_PATH': '/home/rakesh/ros2_ws/install/dd_robot:/opt/ros/jazzy:', 'SHELL': '/bin/bash', 'IGN_GAZEBO_SYSTEM_PLUGIN_PATH': ':/home/rakesh/home/rakesh/gazebo_ros2_control', 'TERMINATOR_UUID': 'urn:uuid:4eca9848-0a3e-47bf-8447-117def8a8c21', 'QT_ACCESSIBILITY': '1', 'GDMSESSION': 'ubuntu-xorg', 'GPG_AGENT_INFO': '/run/user/1000/gnupg/S.gpg-agent:0:1', 'GJS_DEBUG_OUTPUT': 'stderr', 'ROS_AUTOMATIC_DISCOVERY_RANGE': 'SUBNET', 'QT_IM_MODULE': 'ibus', 'PWD': '/home/rakesh/ros2_ws/build/dd_robot', 'TURTLEBOT3_MODEL': 'waffle', 'LC_ALL': 'en_US.UTF-8', 'XDG_CONFIG_DIRS': '/etc/xdg/xdg-ubuntu-xorg:/etc/xdg', 'GAZEBO_PLUGIN_PATH': '/home/rakesh/home/rakesh/unitree_ros2/lib:/home/rakesh/home/rakesh/unitree_ros2/lib:/opt/ros/jazzy/lib:', 'XDG_DATA_DIRS': '/usr/share/ubuntu-xorg:/usr/share/gnome:/home/rakesh/.local/share/flatpak/exports/share:/var/lib/flatpak/exports/share:/usr/local/share/:/usr/share/:/var/lib/snapd/desktop', 'PYTHONPATH': '/opt/ros/jazzy/lib/python3.12/site-packages', 'COLCON': '1', 'MEMORY_PRESSURE_WRITE': 'c29tZSAyMDAwMDAgMjAwMDAwMAA=', 'VTE_VERSION': '7600', 'GZ_SIM_PHYSICS_ENGINE_PATH': '/usr/lib/x86_64-linux-gnu/gz-physics-6/engine-plugins', 'CMAKE_PREFIX_PATH': '/home/rakesh/ros2_ws/install/dd_robot:/opt/ros/jazzy/opt/gz_sim_vendor:/opt/ros/jazzy/opt/gz_sensors_vendor:/opt/ros/jazzy/opt/gz_physics_vendor:/opt/ros/jazzy/opt/sdformat_vendor:/opt/ros/jazzy/opt/gz_gui_vendor:/opt/ros/jazzy/opt/gz_transport_vendor:/opt/ros/jazzy/opt/gz_rendering_vendor:/opt/ros/jazzy/opt/gz_plugin_vendor:/opt/ros/jazzy/opt/gz_fuel_tools_vendor:/opt/ros/jazzy/opt/gz_msgs_vendor:/opt/ros/jazzy/opt/gz_common_vendor:/opt/ros/jazzy/opt/gz_math_vendor:/opt/ros/jazzy/opt/gz_utils_vendor:/opt/ros/jazzy/opt/gz_tools_vendor:/opt/ros/jazzy/opt/gz_ogre_next_vendor:/opt/ros/jazzy/opt/gz_dartsim_vendor:/opt/ros/jazzy/opt/gz_cmake_vendor:/opt/ros/jazzy:'}), 'shell': False}
[0.094872] (dd_robot) StdoutLine: {'line': b'-- Install configuration: ""\n'}
[0.095198] (dd_robot) StdoutLine: {'line': b'-- Up-to-date: /home/rakesh/ros2_ws/install/dd_robot/share/dd_robot//urdf\n'}
[0.095441] (dd_robot) StdoutLine: {'line': b'-- Up-to-date: /home/rakesh/ros2_ws/install/dd_robot/share/dd_robot//urdf/common_properties.xacro\n'}
[0.095572] (dd_robot) StdoutLine: {'line': b'-- Up-to-date: /home/rakesh/ros2_ws/install/dd_robot/share/dd_robot//urdf/robot_control.xacro\n'}
[0.095710] (dd_robot) StdoutLine: {'line': b'-- Installing: /home/rakesh/ros2_ws/install/dd_robot/share/dd_robot//urdf/mobile_base_gazebo.sdf\n'}
[0.095826] (dd_robot) StdoutLine: {'line': b'-- Up-to-date: /home/rakesh/ros2_ws/install/dd_robot/share/dd_robot//urdf/mobile_base.sdf\n'}
[0.095939] (dd_robot) StdoutLine: {'line': b'-- Up-to-date: /home/rakesh/ros2_ws/install/dd_robot/share/dd_robot//urdf/mobile_base_gazebo.xacro\n'}
[0.096059] (dd_robot) StdoutLine: {'line': b'-- Up-to-date: /home/rakesh/ros2_ws/install/dd_robot/share/dd_robot//urdf/mobile_base.xacro\n'}
[0.096180] (dd_robot) StdoutLine: {'line': b'-- Up-to-date: /home/rakesh/ros2_ws/install/dd_robot/share/dd_robot//urdf/transmission.xacro\n'}
[0.096293] (dd_robot) StdoutLine: {'line': b'-- Up-to-date: /home/rakesh/ros2_ws/install/dd_robot/share/dd_robot//urdf/robot.urdf.xacro\n'}
[0.096406] (dd_robot) StdoutLine: {'line': b'-- Up-to-date: /home/rakesh/ros2_ws/install/dd_robot/share/dd_robot//launch\n'}
[0.096565] (dd_robot) StdoutLine: {'line': b'-- Up-to-date: /home/rakesh/ros2_ws/install/dd_robot/share/dd_robot//launch/display.launch.py\n'}
[0.096791] (dd_robot) StdoutLine: {'line': b'-- Up-to-date: /home/rakesh/ros2_ws/install/dd_robot/share/dd_robot//launch/display.launch.xml\n'}
[0.096890] (dd_robot) StdoutLine: {'line': b'-- Up-to-date: /home/rakesh/ros2_ws/install/dd_robot/share/dd_robot//launch/nav2.launch.py\n'}
[0.096956] (dd_robot) StdoutLine: {'line': b'-- Up-to-date: /home/rakesh/ros2_ws/install/dd_robot/share/dd_robot//rviz\n'}
[0.097019] (dd_robot) StdoutLine: {'line': b'-- Up-to-date: /home/rakesh/ros2_ws/install/dd_robot/share/dd_robot//rviz/robot.rviz\n'}
[0.097081] (dd_robot) StdoutLine: {'line': b'-- Up-to-date: /home/rakesh/ros2_ws/install/dd_robot/share/dd_robot//rviz/dd_robot.rviz\n'}
[0.097147] (dd_robot) StdoutLine: {'line': b'-- Up-to-date: /home/rakesh/ros2_ws/install/dd_robot/share/dd_robot//config\n'}
[0.097213] (dd_robot) StdoutLine: {'line': b'-- Up-to-date: /home/rakesh/ros2_ws/install/dd_robot/share/dd_robot//config/nav2_costmap.yaml\n'}
[0.097277] (dd_robot) StdoutLine: {'line': b'-- Up-to-date: /home/rakesh/ros2_ws/install/dd_robot/share/dd_robot//config/ekf.yaml\n'}
[0.097343] (dd_robot) StdoutLine: {'line': b'-- Up-to-date: /home/rakesh/ros2_ws/install/dd_robot/share/dd_robot//config/slam_params.yaml\n'}
[0.097411] (dd_robot) StdoutLine: {'line': b'-- Up-to-date: /home/rakesh/ros2_ws/install/dd_robot/share/dd_robot//config/nav2_params.yaml\n'}
[0.097473] (dd_robot) StdoutLine: {'line': b'-- Up-to-date: /home/rakesh/ros2_ws/install/dd_robot/share/dd_robot//config/gazebo_bridge.yaml\n'}
[0.097539] (dd_robot) StdoutLine: {'line': b'-- Up-to-date: /home/rakesh/ros2_ws/install/dd_robot/share/dd_robot//config/dd_control.yaml\n'}
[0.097620] (dd_robot) StdoutLine: {'line': b'-- Up-to-date: /home/rakesh/ros2_ws/install/dd_robot/share/dd_robot//worlds\n'}
[0.097688] (dd_robot) StdoutLine: {'line': b'-- Up-to-date: /home/rakesh/ros2_ws/install/dd_robot/share/dd_robot//worlds/model.sdf\n'}
[0.097754] (dd_robot) StdoutLine: {'line': b'-- Up-to-date: /home/rakesh/ros2_ws/install/dd_robot/share/dd_robot//worlds/thumbnails\n'}
[0.097815] (dd_robot) StdoutLine: {'line': b'-- Up-to-date: /home/rakesh/ros2_ws/install/dd_robot/share/dd_robot//worlds/thumbnails/2.png\n'}
[0.097883] (dd_robot) StdoutLine: {'line': b'-- Up-to-date: /home/rakesh/ros2_ws/install/dd_robot/share/dd_robot//worlds/thumbnails/1.png\n'}
[0.097950] (dd_robot) StdoutLine: {'line': b'-- Up-to-date: /home/rakesh/ros2_ws/install/dd_robot/share/dd_robot//worlds/thumbnails/3.png\n'}
[0.098013] (dd_robot) StdoutLine: {'line': b'-- Up-to-date: /home/rakesh/ros2_ws/install/dd_robot/share/dd_robot//worlds/thumbnails/0.png\n'}
[0.098088] (dd_robot) StdoutLine: {'line': b'-- Up-to-date: /home/rakesh/ros2_ws/install/dd_robot/share/dd_robot//worlds/thumbnails/4.png\n'}
[0.098277] (dd_robot) StdoutLine: {'line': b'-- Up-to-date: /home/rakesh/ros2_ws/install/dd_robot/share/dd_robot//worlds/thumbnails/5.png\n'}
[0.098352] (dd_robot) StdoutLine: {'line': b'-- Up-to-date: /home/rakesh/ros2_ws/install/dd_robot/share/dd_robot//worlds/model.config\n'}
[0.098421] (dd_robot) StdoutLine: {'line': b'-- Up-to-date: /home/rakesh/ros2_ws/install/dd_robot/share/dd_robot//worlds/meshes\n'}
[0.098509] (dd_robot) StdoutLine: {'line': b'-- Up-to-date: /home/rakesh/ros2_ws/install/dd_robot/share/dd_robot//worlds/meshes/Depot.dae\n'}
[0.098608] (dd_robot) StdoutLine: {'line': b'-- Up-to-date: /home/rakesh/ros2_ws/install/dd_robot/share/dd_robot//worlds/meshes/Crates.dae\n'}
[0.098678] (dd_robot) StdoutLine: {'line': b'-- Up-to-date: /home/rakesh/ros2_ws/install/dd_robot/share/dd_robot//worlds/materials\n'}
[0.098742] (dd_robot) StdoutLine: {'line': b'-- Up-to-date: /home/rakesh/ros2_ws/install/dd_robot/share/dd_robot//worlds/materials/scripts\n'}
[0.098806] (dd_robot) StdoutLine: {'line': b'-- Up-to-date: /home/rakesh/ros2_ws/install/dd_robot/share/dd_robot//worlds/materials/scripts/model.material\n'}
[0.098868] (dd_robot) StdoutLine: {'line': b'-- Up-to-date: /home/rakesh/ros2_ws/install/dd_robot/share/dd_robot//worlds/materials/textures\n'}
[0.098934] (dd_robot) StdoutLine: {'line': b'-- Up-to-date: /home/rakesh/ros2_ws/install/dd_robot/share/dd_robot//worlds/materials/textures/STAIRS_Albedo.png\n'}
[0.098997] (dd_robot) StdoutLine: {'line': b'-- Up-to-date: /home/rakesh/ros2_ws/install/dd_robot/share/dd_robot//worlds/materials/textures/INTERCOM_Emissive.png\n'}
[0.099061] (dd_robot) StdoutLine: {'line': b'-- Up-to-date: /home/rakesh/ros2_ws/install/dd_robot/share/dd_robot//worlds/materials/textures/FireAlarmPole_Albedo.png\n'}
[0.099128] (dd_robot) StdoutLine: {'line': b'-- Up-to-date: /home/rakesh/ros2_ws/install/dd_robot/share/dd_robot//worlds/materials/textures/WALLS_Normal.png\n'}
[0.099222] (dd_robot) StdoutLine: {'line': b'-- Up-to-date: /home/rakesh/ros2_ws/install/dd_robot/share/dd_robot//worlds/materials/textures/FANS_Normal.png\n'}
[0.099287] (-) TimerEvent: {}
[0.099361] (dd_robot) StdoutLine: {'line': b'-- Up-to-date: /home/rakesh/ros2_ws/install/dd_robot/share/dd_robot//worlds/materials/textures/PILLERS_Normal.png\n'}
[0.099436] (dd_robot) StdoutLine: {'line': b'-- Up-to-date: /home/rakesh/ros2_ws/install/dd_robot/share/dd_robot//worlds/materials/textures/PILLERS_Metalness.png\n'}
[0.099499] (dd_robot) StdoutLine: {'line': b'-- Up-to-date: /home/rakesh/ros2_ws/install/dd_robot/share/dd_robot//worlds/materials/textures/Window_WINDOW_Metallic.png\n'}
[0.099563] (dd_robot) StdoutLine: {'line': b'-- Up-to-date: /home/rakesh/ros2_ws/install/dd_robot/share/dd_robot//worlds/materials/textures/WALLS_Roughness.png\n'}
[0.099641] (dd_robot) StdoutLine: {'line': b'-- Up-to-date: /home/rakesh/ros2_ws/install/dd_robot/share/dd_robot//worlds/materials/textures/Forklift_Forklift_Metallic.png\n'}
[0.099699] (dd_robot) StdoutLine: {'line': b'-- Up-to-date: /home/rakesh/ros2_ws/install/dd_robot/share/dd_robot//worlds/materials/textures/ROOF_Emissive.png\n'}
[0.099758] (dd_robot) StdoutLine: {'line': b'-- Up-to-date: /home/rakesh/ros2_ws/install/dd_robot/share/dd_robot//worlds/materials/textures/FireAlarmPole_Normal.png\n'}
[0.099822] (dd_robot) StdoutLine: {'line': b'-- Up-to-date: /home/rakesh/ros2_ws/install/dd_robot/share/dd_robot//worlds/materials/textures/FLOOR_Roughness.png\n'}
[0.099884] (dd_robot) StdoutLine: {'line': b'-- Up-to-date: /home/rakesh/ros2_ws/install/dd_robot/share/dd_robot//worlds/materials/textures/BOXSET_Metalness.png\n'}
[0.099947] (dd_robot) StdoutLine: {'line': b'-- Up-to-date: /home/rakesh/ros2_ws/install/dd_robot/share/dd_robot//worlds/materials/textures/WALLS_Albedo.png\n'}
[0.100010] (dd_robot) StdoutLine: {'line': b'-- Up-to-date: /home/rakesh/ros2_ws/install/dd_robot/share/dd_robot//worlds/materials/textures/INTERCOM_Albedo.png\n'}
[0.100079] (dd_robot) StdoutLine: {'line': b'-- Up-to-date: /home/rakesh/ros2_ws/install/dd_robot/share/dd_robot//worlds/materials/textures/INTERCOM_Normal.png\n'}
[0.100145] (dd_robot) StdoutLine: {'line': b'-- Up-to-date: /home/rakesh/ros2_ws/install/dd_robot/share/dd_robot//worlds/materials/textures/FireAlarm_Metalness.png\n'}
[0.100203] (dd_robot) StdoutLine: {'line': b'-- Up-to-date: /home/rakesh/ros2_ws/install/dd_robot/share/dd_robot//worlds/materials/textures/FireAlarm_Albedo.png\n'}
[0.100265] (dd_robot) StdoutLine: {'line': b'-- Up-to-date: /home/rakesh/ros2_ws/install/dd_robot/share/dd_robot//worlds/materials/textures/FireAlarmPole_Metalness.png\n'}
[0.100325] (dd_robot) StdoutLine: {'line': b'-- Up-to-date: /home/rakesh/ros2_ws/install/dd_robot/share/dd_robot//worlds/materials/textures/ROOF_Albedo.png\n'}
[0.100387] (dd_robot) StdoutLine: {'line': b'-- Up-to-date: /home/rakesh/ros2_ws/install/dd_robot/share/dd_robot//worlds/materials/textures/FANS_Metalness.png\n'}
[0.100449] (dd_robot) StdoutLine: {'line': b'-- Up-to-date: /home/rakesh/ros2_ws/install/dd_robot/share/dd_robot//worlds/materials/textures/Window_WINDOW_Roughness.png\n'}
[0.100529] (dd_robot) StdoutLine: {'line': b'-- Up-to-date: /home/rakesh/ros2_ws/install/dd_robot/share/dd_robot//worlds/materials/textures/FLOOR_Normal.png\n'}
[0.100615] (dd_robot) StdoutLine: {'line': b'-- Up-to-date: /home/rakesh/ros2_ws/install/dd_robot/share/dd_robot//worlds/materials/textures/ROOF_Normal.png\n'}
[0.100674] (dd_robot) StdoutLine: {'line': b'-- Up-to-date: /home/rakesh/ros2_ws/install/dd_robot/share/dd_robot//worlds/materials/textures/STAIRS_Normal.png\n'}
[0.100752] (dd_robot) StdoutLine: {'line': b'-- Up-to-date: /home/rakesh/ros2_ws/install/dd_robot/share/dd_robot//worlds/materials/textures/STAIRS_Metalness.png\n'}
[0.100819] (dd_robot) StdoutLine: {'line': b'-- Up-to-date: /home/rakesh/ros2_ws/install/dd_robot/share/dd_robot//worlds/materials/textures/BOXSET_Emissive.png\n'}
[0.100907] (dd_robot) StdoutLine: {'line': b'-- Up-to-date: /home/rakesh/ros2_ws/install/dd_robot/share/dd_robot//worlds/materials/textures/Pipes_Normal.png\n'}
[0.100995] (dd_robot) StdoutLine: {'line': b'-- Up-to-date: /home/rakesh/ros2_ws/install/dd_robot/share/dd_robot//worlds/materials/textures/FireAlarmPole_Roughness.png\n'}
[0.101160] (dd_robot) StdoutLine: {'line': b'-- Up-to-date: /home/rakesh/ros2_ws/install/dd_robot/share/dd_robot//worlds/materials/textures/Crates_Crates_Normal.png\n'}
[0.101265] (dd_robot) StdoutLine: {'line': b'-- Up-to-date: /home/rakesh/ros2_ws/install/dd_robot/share/dd_robot//worlds/materials/textures/INTERCOM_Roughness.png\n'}
[0.101382] (dd_robot) StdoutLine: {'line': b'-- Up-to-date: /home/rakesh/ros2_ws/install/dd_robot/share/dd_robot//worlds/materials/textures/BOXSET_Normal.png\n'}
[0.101504] (dd_robot) StdoutLine: {'line': b'-- Up-to-date: /home/rakesh/ros2_ws/install/dd_robot/share/dd_robot//worlds/materials/textures/FireAlarm_Normal.png\n'}
[0.101659] (dd_robot) StdoutLine: {'line': b'-- Up-to-date: /home/rakesh/ros2_ws/install/dd_robot/share/dd_robot//worlds/materials/textures/FLOOR_Albedo.png\n'}
[0.101773] (dd_robot) StdoutLine: {'line': b'-- Up-to-date: /home/rakesh/ros2_ws/install/dd_robot/share/dd_robot//worlds/materials/textures/ROOF_Roughness.png\n'}
[0.101863] (dd_robot) StdoutLine: {'line': b'-- Up-to-date: /home/rakesh/ros2_ws/install/dd_robot/share/dd_robot//worlds/materials/textures/Window_WINDOW_BaseColor.png\n'}
[0.101933] (dd_robot) StdoutLine: {'line': b'-- Up-to-date: /home/rakesh/ros2_ws/install/dd_robot/share/dd_robot//worlds/materials/textures/Pipes_Metalness.png\n'}
[0.101998] (dd_robot) StdoutLine: {'line': b'-- Up-to-date: /home/rakesh/ros2_ws/install/dd_robot/share/dd_robot//worlds/materials/textures/FLOOR_Metalness.png\n'}
[0.102077] (dd_robot) StdoutLine: {'line': b'-- Up-to-date: /home/rakesh/ros2_ws/install/dd_robot/share/dd_robot//worlds/materials/textures/BOXSET_Roughness.png\n'}
[0.102277] (dd_robot) StdoutLine: {'line': b'-- Up-to-date: /home/rakesh/ros2_ws/install/dd_robot/share/dd_robot//worlds/materials/textures/Forklift_Forklift_Roughness.png\n'}
[0.102895] (dd_robot) StdoutLine: {'line': b'-- Up-to-date: /home/rakesh/ros2_ws/install/dd_robot/share/dd_robot//worlds/materials/textures/FANS_Roughness.png\n'}
[0.103911] (dd_robot) StdoutLine: {'line': b'-- Up-to-date: /home/rakesh/ros2_ws/install/dd_robot/share/dd_robot//worlds/materials/textures/Forklift_Forklift_Normal.png\n'}
[0.104235] (dd_robot) StdoutLine: {'line': b'-- Up-to-date: /home/rakesh/ros2_ws/install/dd_robot/share/dd_robot//worlds/materials/textures/Pipes_Roughness.png\n'}
[0.104537] (dd_robot) StdoutLine: {'line': b'-- Up-to-date: /home/rakesh/ros2_ws/install/dd_robot/share/dd_robot//worlds/materials/textures/FanBack_FanBack_BaseColor.png\n'}
[0.104825] (dd_robot) StdoutLine: {'line': b'-- Up-to-date: /home/rakesh/ros2_ws/install/dd_robot/share/dd_robot//worlds/materials/textures/DepotLightmap.png\n'}
[0.105462] (dd_robot) StdoutLine: {'line': b'-- Up-to-date: /home/rakesh/ros2_ws/install/dd_robot/share/dd_robot//worlds/materials/textures/ROOF_Metalness.png\n'}
[0.105653] (dd_robot) StdoutLine: {'line': b'-- Up-to-date: /home/rakesh/ros2_ws/install/dd_robot/share/dd_robot//worlds/materials/textures/Crates_Crates_Roughness.png\n'}
[0.105895] (dd_robot) StdoutLine: {'line': b'-- Up-to-date: /home/rakesh/ros2_ws/install/dd_robot/share/dd_robot//worlds/materials/textures/FireAlarm_Roughness.png\n'}
[0.106083] (dd_robot) StdoutLine: {'line': b'-- Up-to-date: /home/rakesh/ros2_ws/install/dd_robot/share/dd_robot//worlds/materials/textures/Crates_Crates_BaseColor.png\n'}
[0.106292] (dd_robot) StdoutLine: {'line': b'-- Up-to-date: /home/rakesh/ros2_ws/install/dd_robot/share/dd_robot//worlds/materials/textures/STAIRS_Roughness.png\n'}
[0.106664] (dd_robot) StdoutLine: {'line': b'-- Up-to-date: /home/rakesh/ros2_ws/install/dd_robot/share/dd_robot//worlds/materials/textures/FANS_Albedo.png\n'}
[0.106911] (dd_robot) StdoutLine: {'line': b'-- Up-to-date: /home/rakesh/ros2_ws/install/dd_robot/share/dd_robot//worlds/materials/textures/Forklift_Forklift_BaseColor.png\n'}
[0.107111] (dd_robot) StdoutLine: {'line': b'-- Up-to-date: /home/rakesh/ros2_ws/install/dd_robot/share/dd_robot//worlds/materials/textures/PILLERS_Albedo.png\n'}
[0.107392] (dd_robot) StdoutLine: {'line': b'-- Up-to-date: /home/rakesh/ros2_ws/install/dd_robot/share/dd_robot//worlds/materials/textures/PILLERS_Roughness.png\n'}
[0.107705] (dd_robot) StdoutLine: {'line': b'-- Up-to-date: /home/rakesh/ros2_ws/install/dd_robot/share/dd_robot//worlds/materials/textures/Pipes_Albedo.png\n'}
[0.107982] (dd_robot) StdoutLine: {'line': b'-- Up-to-date: /home/rakesh/ros2_ws/install/dd_robot/share/dd_robot//worlds/materials/textures/WALLS_Metalness.png\n'}
[0.108627] (dd_robot) StdoutLine: {'line': b'-- Up-to-date: /home/rakesh/ros2_ws/install/dd_robot/share/dd_robot//worlds/materials/textures/INTERCOM_Metalness.png\n'}
[0.108832] (dd_robot) StdoutLine: {'line': b'-- Up-to-date: /home/rakesh/ros2_ws/install/dd_robot/share/dd_robot//worlds/materials/textures/BOXSET_Albedo.png\n'}
[0.109127] (dd_robot) StdoutLine: {'line': b'-- Up-to-date: /home/rakesh/ros2_ws/install/dd_robot/share/dd_robot//scripts\n'}
[0.109331] (dd_robot) StdoutLine: {'line': b'-- Up-to-date: /home/rakesh/ros2_ws/install/dd_robot/share/dd_robot//scripts/nav2_test.py\n'}
[0.109567] (dd_robot) StdoutLine: {'line': b'-- Up-to-date: /home/rakesh/ros2_ws/install/dd_robot/share/ament_index/resource_index/package_run_dependencies/dd_robot\n'}
[0.109821] (dd_robot) StdoutLine: {'line': b'-- Up-to-date: /home/rakesh/ros2_ws/install/dd_robot/share/ament_index/resource_index/parent_prefix_path/dd_robot\n'}
[0.109982] (dd_robot) StdoutLine: {'line': b'-- Up-to-date: /home/rakesh/ros2_ws/install/dd_robot/share/dd_robot/environment/ament_prefix_path.sh\n'}
[0.110136] (dd_robot) StdoutLine: {'line': b'-- Up-to-date: /home/rakesh/ros2_ws/install/dd_robot/share/dd_robot/environment/ament_prefix_path.dsv\n'}
[0.110330] (dd_robot) StdoutLine: {'line': b'-- Up-to-date: /home/rakesh/ros2_ws/install/dd_robot/share/dd_robot/environment/path.sh\n'}
[0.110503] (dd_robot) StdoutLine: {'line': b'-- Up-to-date: /home/rakesh/ros2_ws/install/dd_robot/share/dd_robot/environment/path.dsv\n'}
[0.110680] (dd_robot) StdoutLine: {'line': b'-- Up-to-date: /home/rakesh/ros2_ws/install/dd_robot/share/dd_robot/local_setup.bash\n'}
[0.110832] (dd_robot) StdoutLine: {'line': b'-- Up-to-date: /home/rakesh/ros2_ws/install/dd_robot/share/dd_robot/local_setup.sh\n'}
[0.111050] (dd_robot) StdoutLine: {'line': b'-- Up-to-date: /home/rakesh/ros2_ws/install/dd_robot/share/dd_robot/local_setup.zsh\n'}
[0.111222] (dd_robot) StdoutLine: {'line': b'-- Up-to-date: /home/rakesh/ros2_ws/install/dd_robot/share/dd_robot/local_setup.dsv\n'}
[0.112081] (dd_robot) StdoutLine: {'line': b'-- Installing: /home/rakesh/ros2_ws/install/dd_robot/share/dd_robot/package.dsv\n'}
[0.112644] (dd_robot) StdoutLine: {'line': b'-- Up-to-date: /home/rakesh/ros2_ws/install/dd_robot/share/ament_index/resource_index/packages/dd_robot\n'}
[0.113326] (dd_robot) StdoutLine: {'line': b'-- Up-to-date: /home/rakesh/ros2_ws/install/dd_robot/share/dd_robot/cmake/dd_robotConfig.cmake\n'}
[0.115213] (dd_robot) StdoutLine: {'line': b'-- Up-to-date: /home/rakesh/ros2_ws/install/dd_robot/share/dd_robot/cmake/dd_robotConfig-version.cmake\n'}
[0.115907] (dd_robot) StdoutLine: {'line': b'-- Up-to-date: /home/rakesh/ros2_ws/install/dd_robot/share/dd_robot/package.xml\n'}
[0.116658] (dd_robot) CommandEnded: {'returncode': 0}
[0.124277] (dd_robot) JobEnded: {'identifier': 'dd_robot', 'rc': 0}
[0.125481] (-) EventReactorShutdown: {}
